[0.036s] Invoking command in '/home/ubuntu22/aivision/ros2_ws/build/moveit_calibration_gui': AMENT_PREFIX_PATH=/home/ubuntu22/aivision/ros2_ws/install/moveit_calibration_plugins:${AMENT_PREFIX_PATH} CMAKE_PREFIX_PATH=/home/ubuntu22/aivision/ros2_ws/install/moveit_calibration_plugins:/opt/ros/humble LD_LIBRARY_PATH=/home/ubuntu22/aivision/ros2_ws/install/moveit_calibration_plugins/lib:${LD_LIBRARY_PATH} /usr/bin/cmake --build /home/ubuntu22/aivision/ros2_ws/build/moveit_calibration_gui -- -j8 -l8
[0.260s] [  8%] [34m[1mAutomatic MOC and UIC for target moveit_handeye_calibration_rviz_plugin_core[0m
[19.418s] [  8%] Built target moveit_handeye_calibration_rviz_plugin_core_autogen
[19.525s] [ 25%] [32mBuilding CXX object handeye_calibration_rviz_plugin/CMakeFiles/moveit_handeye_calibration_rviz_plugin_core.dir/moveit_handeye_calibration_rviz_plugin_core_autogen/mocs_compilation.cpp.o[0m
[19.525s] [ 25%] [32mBuilding CXX object handeye_calibration_rviz_plugin/CMakeFiles/moveit_handeye_calibration_rviz_plugin_core.dir/src/handeye_calibration_frame.cpp.o[0m
[19.529s] [ 33%] [32mBuilding CXX object handeye_calibration_rviz_plugin/CMakeFiles/moveit_handeye_calibration_rviz_plugin_core.dir/src/handeye_context_widget.cpp.o[0m
[19.529s] [ 41%] [32mBuilding CXX object handeye_calibration_rviz_plugin/CMakeFiles/moveit_handeye_calibration_rviz_plugin_core.dir/src/handeye_control_widget.cpp.o[0m
[19.530s] [ 50%] [32mBuilding CXX object handeye_calibration_rviz_plugin/CMakeFiles/moveit_handeye_calibration_rviz_plugin_core.dir/src/handeye_target_widget.cpp.o[0m
[19.531s] [ 58%] [32mBuilding CXX object handeye_calibration_rviz_plugin/CMakeFiles/moveit_handeye_calibration_rviz_plugin_core.dir/src/handeye_calibration_display.cpp.o[0m
[104.398s] [ 66%] [32m[1mLinking CXX shared library libmoveit_handeye_calibration_rviz_plugin_core.so[0m
[108.693s] [ 66%] Built target moveit_handeye_calibration_rviz_plugin_core
[108.718s] [ 75%] [34m[1mAutomatic MOC and UIC for target moveit_handeye_calibration_rviz_plugin[0m
[108.765s] [ 75%] Built target moveit_handeye_calibration_rviz_plugin_autogen
[108.792s] [ 83%] [32mBuilding CXX object handeye_calibration_rviz_plugin/CMakeFiles/moveit_handeye_calibration_rviz_plugin.dir/moveit_handeye_calibration_rviz_plugin_autogen/mocs_compilation.cpp.o[0m
[108.793s] [ 91%] [32mBuilding CXX object handeye_calibration_rviz_plugin/CMakeFiles/moveit_handeye_calibration_rviz_plugin.dir/src/plugin_init.cpp.o[0m
[128.803s] [100%] [32m[1mLinking CXX shared library libmoveit_handeye_calibration_rviz_plugin.so[0m
[129.647s] [100%] Built target moveit_handeye_calibration_rviz_plugin
[129.661s] Invoked command in '/home/ubuntu22/aivision/ros2_ws/build/moveit_calibration_gui' returned '0': AMENT_PREFIX_PATH=/home/ubuntu22/aivision/ros2_ws/install/moveit_calibration_plugins:${AMENT_PREFIX_PATH} CMAKE_PREFIX_PATH=/home/ubuntu22/aivision/ros2_ws/install/moveit_calibration_plugins:/opt/ros/humble LD_LIBRARY_PATH=/home/ubuntu22/aivision/ros2_ws/install/moveit_calibration_plugins/lib:${LD_LIBRARY_PATH} /usr/bin/cmake --build /home/ubuntu22/aivision/ros2_ws/build/moveit_calibration_gui -- -j8 -l8
[129.663s] Invoking command in '/home/ubuntu22/aivision/ros2_ws/build/moveit_calibration_gui': AMENT_PREFIX_PATH=/home/ubuntu22/aivision/ros2_ws/install/moveit_calibration_plugins:${AMENT_PREFIX_PATH} CMAKE_PREFIX_PATH=/home/ubuntu22/aivision/ros2_ws/install/moveit_calibration_plugins:/opt/ros/humble LD_LIBRARY_PATH=/home/ubuntu22/aivision/ros2_ws/install/moveit_calibration_plugins/lib:${LD_LIBRARY_PATH} /usr/bin/cmake --install /home/ubuntu22/aivision/ros2_ws/build/moveit_calibration_gui
[129.672s] -- Install configuration: "Release"
[129.672s] -- Installing: /home/ubuntu22/aivision/ros2_ws/install/moveit_calibration_gui/share/moveit_calibration_gui/handeye_calibration_rviz_plugin_description.xml
[129.672s] -- Installing: /home/ubuntu22/aivision/ros2_ws/install/moveit_calibration_gui/share/moveit_calibration_gui/environment/library_path.sh
[129.673s] -- Installing: /home/ubuntu22/aivision/ros2_ws/install/moveit_calibration_gui/share/moveit_calibration_gui/environment/library_path.dsv
[129.674s] -- Installing: /home/ubuntu22/aivision/ros2_ws/install/moveit_calibration_gui/share/ament_index/resource_index/package_run_dependencies/moveit_calibration_gui
[129.674s] -- Installing: /home/ubuntu22/aivision/ros2_ws/install/moveit_calibration_gui/share/ament_index/resource_index/parent_prefix_path/moveit_calibration_gui
[129.674s] -- Installing: /home/ubuntu22/aivision/ros2_ws/install/moveit_calibration_gui/share/moveit_calibration_gui/environment/ament_prefix_path.sh
[129.675s] -- Installing: /home/ubuntu22/aivision/ros2_ws/install/moveit_calibration_gui/share/moveit_calibration_gui/environment/ament_prefix_path.dsv
[129.675s] -- Installing: /home/ubuntu22/aivision/ros2_ws/install/moveit_calibration_gui/share/moveit_calibration_gui/environment/path.sh
[129.676s] -- Installing: /home/ubuntu22/aivision/ros2_ws/install/moveit_calibration_gui/share/moveit_calibration_gui/environment/path.dsv
[129.676s] -- Installing: /home/ubuntu22/aivision/ros2_ws/install/moveit_calibration_gui/share/moveit_calibration_gui/local_setup.bash
[129.676s] -- Installing: /home/ubuntu22/aivision/ros2_ws/install/moveit_calibration_gui/share/moveit_calibration_gui/local_setup.sh
[129.677s] -- Installing: /home/ubuntu22/aivision/ros2_ws/install/moveit_calibration_gui/share/moveit_calibration_gui/local_setup.zsh
[129.677s] -- Installing: /home/ubuntu22/aivision/ros2_ws/install/moveit_calibration_gui/share/moveit_calibration_gui/local_setup.dsv
[129.677s] -- Installing: /home/ubuntu22/aivision/ros2_ws/install/moveit_calibration_gui/share/moveit_calibration_gui/package.dsv
[129.678s] -- Installing: /home/ubuntu22/aivision/ros2_ws/install/moveit_calibration_gui/share/ament_index/resource_index/packages/moveit_calibration_gui
[129.678s] -- Installing: /home/ubuntu22/aivision/ros2_ws/install/moveit_calibration_gui/share/ament_index/resource_index/rviz_common__pluginlib__plugin/moveit_calibration_gui
[129.678s] -- Installing: /home/ubuntu22/aivision/ros2_ws/install/moveit_calibration_gui/share/moveit_calibration_gui/cmake/export_moveit_calibration_guiExport.cmake
[129.679s] -- Installing: /home/ubuntu22/aivision/ros2_ws/install/moveit_calibration_gui/share/moveit_calibration_gui/cmake/export_moveit_calibration_guiExport-release.cmake
[129.679s] -- Installing: /home/ubuntu22/aivision/ros2_ws/install/moveit_calibration_gui/share/moveit_calibration_gui/cmake/ament_cmake_export_targets-extras.cmake
[129.679s] -- Installing: /home/ubuntu22/aivision/ros2_ws/install/moveit_calibration_gui/share/moveit_calibration_gui/cmake/ament_cmake_export_dependencies-extras.cmake
[129.680s] -- Installing: /home/ubuntu22/aivision/ros2_ws/install/moveit_calibration_gui/share/moveit_calibration_gui/cmake/moveit_calibration_guiConfig.cmake
[129.680s] -- Installing: /home/ubuntu22/aivision/ros2_ws/install/moveit_calibration_gui/share/moveit_calibration_gui/cmake/moveit_calibration_guiConfig-version.cmake
[129.680s] -- Installing: /home/ubuntu22/aivision/ros2_ws/install/moveit_calibration_gui/share/moveit_calibration_gui/package.xml
[129.682s] -- Installing: /home/ubuntu22/aivision/ros2_ws/install/moveit_calibration_gui/include
[129.682s] -- Installing: /home/ubuntu22/aivision/ros2_ws/install/moveit_calibration_gui/include/moveit
[129.682s] -- Installing: /home/ubuntu22/aivision/ros2_ws/install/moveit_calibration_gui/include/moveit/handeye_calibration_rviz_plugin
[129.682s] -- Installing: /home/ubuntu22/aivision/ros2_ws/install/moveit_calibration_gui/include/moveit/handeye_calibration_rviz_plugin/handeye_calibration_frame.h
[129.682s] -- Installing: /home/ubuntu22/aivision/ros2_ws/install/moveit_calibration_gui/include/moveit/handeye_calibration_rviz_plugin/handeye_target_widget.h
[129.683s] -- Installing: /home/ubuntu22/aivision/ros2_ws/install/moveit_calibration_gui/include/moveit/handeye_calibration_rviz_plugin/handeye_calibration_display.h
[129.683s] -- Installing: /home/ubuntu22/aivision/ros2_ws/install/moveit_calibration_gui/include/moveit/handeye_calibration_rviz_plugin/handeye_context_widget.h
[129.683s] -- Installing: /home/ubuntu22/aivision/ros2_ws/install/moveit_calibration_gui/include/moveit/handeye_calibration_rviz_plugin/handeye_control_widget.h
[129.683s] -- Installing: /home/ubuntu22/aivision/ros2_ws/install/moveit_calibration_gui/lib/libmoveit_handeye_calibration_rviz_plugin_core.so.2.0.0
[129.686s] -- Set runtime path of "/home/ubuntu22/aivision/ros2_ws/install/moveit_calibration_gui/lib/libmoveit_handeye_calibration_rviz_plugin_core.so.2.0.0" to ""
[129.686s] -- Installing: /home/ubuntu22/aivision/ros2_ws/install/moveit_calibration_gui/lib/libmoveit_handeye_calibration_rviz_plugin_core.so
[129.686s] -- Installing: /home/ubuntu22/aivision/ros2_ws/install/moveit_calibration_gui/lib/libmoveit_handeye_calibration_rviz_plugin.so.2.0.0
[129.687s] -- Set runtime path of "/home/ubuntu22/aivision/ros2_ws/install/moveit_calibration_gui/lib/libmoveit_handeye_calibration_rviz_plugin.so.2.0.0" to ""
[129.687s] -- Installing: /home/ubuntu22/aivision/ros2_ws/install/moveit_calibration_gui/lib/libmoveit_handeye_calibration_rviz_plugin.so
[129.687s] -- Up-to-date: /home/ubuntu22/aivision/ros2_ws/install/moveit_calibration_gui/share/moveit_calibration_gui/environment/library_path.sh
[129.687s] -- Up-to-date: /home/ubuntu22/aivision/ros2_ws/install/moveit_calibration_gui/share/moveit_calibration_gui/environment/library_path.dsv
[129.689s] Invoked command in '/home/ubuntu22/aivision/ros2_ws/build/moveit_calibration_gui' returned '0': AMENT_PREFIX_PATH=/home/ubuntu22/aivision/ros2_ws/install/moveit_calibration_plugins:${AMENT_PREFIX_PATH} CMAKE_PREFIX_PATH=/home/ubuntu22/aivision/ros2_ws/install/moveit_calibration_plugins:/opt/ros/humble LD_LIBRARY_PATH=/home/ubuntu22/aivision/ros2_ws/install/moveit_calibration_plugins/lib:${LD_LIBRARY_PATH} /usr/bin/cmake --install /home/ubuntu22/aivision/ros2_ws/build/moveit_calibration_gui
