[0.020s] Invoking command in '/home/ubuntu22/aivision/ros2_ws/build/moveit_calibration_plugins': CMAKE_PREFIX_PATH=/opt/ros/humble /usr/bin/cmake /home/ubuntu22/aivision/ros2_ws/src/moveit_calibration/moveit_calibration_plugins -DCMAKE_BUILD_TYPE=Release -DCMAKE_INSTALL_PREFIX=/home/ubuntu22/aivision/ros2_ws/install/moveit_calibration_plugins
[0.219s] -- The C compiler identification is GNU 11.4.0
[0.395s] -- The CXX compiler identification is GNU 11.4.0
[0.407s] -- Detecting C compiler ABI info
[0.492s] -- Detecting C compiler ABI info - done
[0.500s] -- Check for working C compiler: /usr/bin/cc - skipped
[0.501s] -- Detecting C compile features
[0.502s] -- Detecting C compile features - done
[0.506s] -- Detecting CXX compiler ABI info
[0.598s] -- Detecting CXX compiler ABI info - done
[0.609s] -- Check for working CXX compiler: /usr/bin/c++ - skipped
[0.609s] -- Detecting CXX compile features
[0.609s] -- Detecting CXX compile features - done
[0.613s] -- Found moveit_common: 2.5.9 (/opt/ros/humble/share/moveit_common/cmake)
[0.621s] -- Found ament_cmake: 1.3.12 (/opt/ros/humble/share/ament_cmake/cmake)
[0.795s] -- Found Python3: /usr/bin/python3 (found version "3.10.12") found components: Interpreter 
[0.995s] -- Found ament_cmake_ros: 0.10.0 (/opt/ros/humble/share/ament_cmake_ros/cmake)
[1.023s] -- Found eigen3_cmake_module: 0.1.1 (/opt/ros/humble/share/eigen3_cmake_module/cmake)
[1.026s] -- Found geometry_msgs: 4.9.0 (/opt/ros/humble/share/geometry_msgs/cmake)
[1.095s] -- Found rosidl_generator_c: 3.1.7 (/opt/ros/humble/share/rosidl_generator_c/cmake)
[1.103s] -- Found rosidl_adapter: 3.1.7 (/opt/ros/humble/share/rosidl_adapter/cmake)
[1.120s] -- Found rosidl_generator_cpp: 3.1.7 (/opt/ros/humble/share/rosidl_generator_cpp/cmake)
[1.145s] -- Using all available rosidl_typesupport_c: rosidl_typesupport_fastrtps_c;rosidl_typesupport_introspection_c
[1.177s] -- Using all available rosidl_typesupport_cpp: rosidl_typesupport_fastrtps_cpp;rosidl_typesupport_introspection_cpp
[1.249s] -- Found OpenCV: /usr (found version "4.5.4") found components: imgcodecs aruco 
[1.252s] -- Found pluginlib: 5.1.2 (/opt/ros/humble/share/pluginlib/cmake)
[1.293s] -- Found rclcpp: 16.0.15 (/opt/ros/humble/share/rclcpp/cmake)
[1.363s] -- Found rmw_implementation_cmake: 6.1.2 (/opt/ros/humble/share/rmw_implementation_cmake/cmake)
[1.368s] -- Found rmw_fastrtps_cpp: 6.2.9 (/opt/ros/humble/share/rmw_fastrtps_cpp/cmake)
[1.414s] -- Found TinyXML2 via Config file: TinyXML2_DIR-NOTFOUND
[1.474s] -- Found OpenSSL: /usr/lib/x86_64-linux-gnu/libcrypto.so (found version "3.0.2")  
[1.478s] -- Found TinyXML2 via Config file: TinyXML2_DIR-NOTFOUND
[1.494s] -- Found FastRTPS: /opt/ros/humble/include  
[1.498s] -- Found TinyXML2 via Config file: TinyXML2_DIR-NOTFOUND
[1.509s] -- Found TinyXML2 via Config file: TinyXML2_DIR-NOTFOUND
[1.520s] -- Using RMW implementation 'rmw_fastrtps_cpp' as default
[1.536s] -- Looking for pthread.h
[1.661s] -- Looking for pthread.h - found
[1.661s] -- Performing Test CMAKE_HAVE_LIBC_PTHREAD
[1.776s] -- Performing Test CMAKE_HAVE_LIBC_PTHREAD - Success
[1.777s] -- Found Threads: TRUE  
[1.851s] -- Found sensor_msgs: 4.9.0 (/opt/ros/humble/share/sensor_msgs/cmake)
[1.882s] -- Found tf2: 0.25.16 (/opt/ros/humble/share/tf2/cmake)
[1.891s] -- Found tf2_eigen: 0.25.16 (/opt/ros/humble/share/tf2_eigen/cmake)
[2.067s] -- Found ament_lint_auto: 0.12.14 (/opt/ros/humble/share/ament_lint_auto/cmake)
[2.078s] -- Found gtest sources under '/opt/ros/humble/src/gtest_vendor': C++ tests using 'Google Test' will be built
[2.146s] -- Found ament_lint_auto: 0.12.14 (/opt/ros/humble/share/ament_lint_auto/cmake)
[2.149s] -- Found gtest sources under '/opt/ros/humble/src/gtest_vendor': C++ tests using 'Google Test' will be built
[2.188s] -- Configuring done
[2.247s] -- Generating done
[2.268s] -- Build files have been written to: /home/ubuntu22/aivision/ros2_ws/build/moveit_calibration_plugins
[2.282s] Invoked command in '/home/ubuntu22/aivision/ros2_ws/build/moveit_calibration_plugins' returned '0': CMAKE_PREFIX_PATH=/opt/ros/humble /usr/bin/cmake /home/ubuntu22/aivision/ros2_ws/src/moveit_calibration/moveit_calibration_plugins -DCMAKE_BUILD_TYPE=Release -DCMAKE_INSTALL_PREFIX=/home/ubuntu22/aivision/ros2_ws/install/moveit_calibration_plugins
[2.285s] Invoking command in '/home/ubuntu22/aivision/ros2_ws/build/moveit_calibration_plugins': CMAKE_PREFIX_PATH=/opt/ros/humble /usr/bin/cmake --build /home/ubuntu22/aivision/ros2_ws/build/moveit_calibration_plugins -- -j8 -l8
[2.346s] [ 10%] [32mBuilding CXX object gtest/CMakeFiles/gtest.dir/src/gtest-all.cc.o[0m
[2.346s] [ 10%] [32mBuilding CXX object handeye_calibration_solver/CMakeFiles/moveit_handeye_calibration_solver_core.dir/src/handeye_solver_opencv.cpp.o[0m
[2.348s] [ 15%] [32mBuilding CXX object handeye_calibration_target/CMakeFiles/moveit_handeye_calibration_target_core.dir/src/handeye_target_charuco.cpp.o[0m
[2.348s] [ 21%] [32mBuilding CXX object gtest/CMakeFiles/gtest_main.dir/src/gtest_main.cc.o[0m
[2.350s] [ 26%] [32mBuilding CXX object handeye_calibration_target/CMakeFiles/moveit_handeye_calibration_target_core.dir/src/handeye_target_aruco.cpp.o[0m
[4.136s] [ 31%] [32m[1mLinking CXX static library libgtest_main.a[0m
[4.176s] [ 31%] Built target gtest_main
[12.649s] [ 36%] [32m[1mLinking CXX static library libgtest.a[0m
[12.708s] [ 36%] Built target gtest
[13.406s] [ 42%] [32m[1mLinking CXX shared library libmoveit_handeye_calibration_target_core.so[0m
[13.640s] [ 42%] Built target moveit_handeye_calibration_target_core
[13.665s] [ 47%] [32mBuilding CXX object handeye_calibration_target/CMakeFiles/moveit_handeye_calibration_target.dir/src/plugin_init.cpp.o[0m
[13.897s] [ 52%] [32m[1mLinking CXX shared library libmoveit_handeye_calibration_solver_core.so[0m
[14.081s] [ 52%] Built target moveit_handeye_calibration_solver_core
[14.105s] [ 57%] [32mBuilding CXX object handeye_calibration_solver/CMakeFiles/moveit_handeye_calibration_solver.dir/src/plugin_init.cpp.o[0m
[21.542s] [ 63%] [32m[1mLinking CXX shared library libmoveit_handeye_calibration_target.so[0m
[21.733s] [ 63%] Built target moveit_handeye_calibration_target
[21.760s] [ 68%] [32mBuilding CXX object handeye_calibration_target/CMakeFiles/test_handeye_target_aruco.dir/test/handeye_target_aruco_test.cpp.o[0m
[21.761s] [ 73%] [32mBuilding CXX object handeye_calibration_target/CMakeFiles/test_handeye_target_charuco.dir/test/handeye_target_charuco_test.cpp.o[0m
[23.135s] [ 78%] [32m[1mLinking CXX shared library libmoveit_handeye_calibration_solver.so[0m
[23.312s] [ 78%] Built target moveit_handeye_calibration_solver
[23.337s] [ 84%] [32mBuilding CXX object handeye_calibration_solver/CMakeFiles/test_handeye_solver.dir/test/handeye_solver_test.cpp.o[0m
[39.442s] [ 89%] [32m[1mLinking CXX executable test_handeye_solver[0m
[39.683s] [ 89%] Built target test_handeye_solver
[40.693s] [ 94%] [32m[1mLinking CXX executable test_handeye_target_aruco[0m
[41.096s] [100%] [32m[1mLinking CXX executable test_handeye_target_charuco[0m
[41.246s] [100%] Built target test_handeye_target_aruco
[41.602s] [100%] Built target test_handeye_target_charuco
[41.618s] Invoked command in '/home/ubuntu22/aivision/ros2_ws/build/moveit_calibration_plugins' returned '0': CMAKE_PREFIX_PATH=/opt/ros/humble /usr/bin/cmake --build /home/ubuntu22/aivision/ros2_ws/build/moveit_calibration_plugins -- -j8 -l8
[41.631s] Invoking command in '/home/ubuntu22/aivision/ros2_ws/build/moveit_calibration_plugins': CMAKE_PREFIX_PATH=/opt/ros/humble /usr/bin/cmake --install /home/ubuntu22/aivision/ros2_ws/build/moveit_calibration_plugins
[41.640s] -- Install configuration: "Release"
[41.641s] -- Installing: /home/ubuntu22/aivision/ros2_ws/install/moveit_calibration_plugins/share/moveit_calibration_plugins/handeye_calibration_target_plugin_description.xml
[41.641s] -- Installing: /home/ubuntu22/aivision/ros2_ws/install/moveit_calibration_plugins/share/moveit_calibration_plugins/handeye_calibration_solver_plugin_description.xml
[41.641s] -- Installing: /home/ubuntu22/aivision/ros2_ws/install/moveit_calibration_plugins/share/moveit_calibration_plugins/environment/library_path.sh
[41.641s] -- Installing: /home/ubuntu22/aivision/ros2_ws/install/moveit_calibration_plugins/share/moveit_calibration_plugins/environment/library_path.dsv
[41.641s] -- Installing: /home/ubuntu22/aivision/ros2_ws/install/moveit_calibration_plugins/share/ament_index/resource_index/package_run_dependencies/moveit_calibration_plugins
[41.642s] -- Installing: /home/ubuntu22/aivision/ros2_ws/install/moveit_calibration_plugins/share/ament_index/resource_index/parent_prefix_path/moveit_calibration_plugins
[41.642s] -- Installing: /home/ubuntu22/aivision/ros2_ws/install/moveit_calibration_plugins/share/moveit_calibration_plugins/environment/ament_prefix_path.sh
[41.642s] -- Installing: /home/ubuntu22/aivision/ros2_ws/install/moveit_calibration_plugins/share/moveit_calibration_plugins/environment/ament_prefix_path.dsv
[41.642s] -- Installing: /home/ubuntu22/aivision/ros2_ws/install/moveit_calibration_plugins/share/moveit_calibration_plugins/environment/path.sh
[41.642s] -- Installing: /home/ubuntu22/aivision/ros2_ws/install/moveit_calibration_plugins/share/moveit_calibration_plugins/environment/path.dsv
[41.643s] -- Installing: /home/ubuntu22/aivision/ros2_ws/install/moveit_calibration_plugins/share/moveit_calibration_plugins/local_setup.bash
[41.643s] -- Installing: /home/ubuntu22/aivision/ros2_ws/install/moveit_calibration_plugins/share/moveit_calibration_plugins/local_setup.sh
[41.643s] -- Installing: /home/ubuntu22/aivision/ros2_ws/install/moveit_calibration_plugins/share/moveit_calibration_plugins/local_setup.zsh
[41.643s] -- Installing: /home/ubuntu22/aivision/ros2_ws/install/moveit_calibration_plugins/share/moveit_calibration_plugins/local_setup.dsv
[41.643s] -- Installing: /home/ubuntu22/aivision/ros2_ws/install/moveit_calibration_plugins/share/moveit_calibration_plugins/package.dsv
[41.644s] -- Installing: /home/ubuntu22/aivision/ros2_ws/install/moveit_calibration_plugins/share/ament_index/resource_index/packages/moveit_calibration_plugins
[41.644s] -- Installing: /home/ubuntu22/aivision/ros2_ws/install/moveit_calibration_plugins/share/ament_index/resource_index/moveit_calibration_plugins__pluginlib__plugin/moveit_calibration_plugins
[41.644s] -- Installing: /home/ubuntu22/aivision/ros2_ws/install/moveit_calibration_plugins/share/moveit_calibration_plugins/cmake/export_moveit_calibration_pluginsExport.cmake
[41.644s] -- Installing: /home/ubuntu22/aivision/ros2_ws/install/moveit_calibration_plugins/share/moveit_calibration_plugins/cmake/export_moveit_calibration_pluginsExport-release.cmake
[41.644s] -- Installing: /home/ubuntu22/aivision/ros2_ws/install/moveit_calibration_plugins/share/moveit_calibration_plugins/cmake/ament_cmake_export_targets-extras.cmake
[41.645s] -- Installing: /home/ubuntu22/aivision/ros2_ws/install/moveit_calibration_plugins/share/moveit_calibration_plugins/cmake/ament_cmake_export_dependencies-extras.cmake
[41.645s] -- Installing: /home/ubuntu22/aivision/ros2_ws/install/moveit_calibration_plugins/share/moveit_calibration_plugins/cmake/moveit_calibration_pluginsConfig.cmake
[41.645s] -- Installing: /home/ubuntu22/aivision/ros2_ws/install/moveit_calibration_plugins/share/moveit_calibration_plugins/cmake/moveit_calibration_pluginsConfig-version.cmake
[41.645s] -- Installing: /home/ubuntu22/aivision/ros2_ws/install/moveit_calibration_plugins/share/moveit_calibration_plugins/package.xml
[41.645s] -- Installing: /home/ubuntu22/aivision/ros2_ws/install/moveit_calibration_plugins/include
[41.645s] -- Installing: /home/ubuntu22/aivision/ros2_ws/install/moveit_calibration_plugins/include/moveit
[41.646s] -- Installing: /home/ubuntu22/aivision/ros2_ws/install/moveit_calibration_plugins/include/moveit/handeye_calibration_solver
[41.646s] -- Installing: /home/ubuntu22/aivision/ros2_ws/install/moveit_calibration_plugins/include/moveit/handeye_calibration_solver/handeye_solver_base.h
[41.646s] -- Installing: /home/ubuntu22/aivision/ros2_ws/install/moveit_calibration_plugins/include/moveit/handeye_calibration_solver/handeye_solver_opencv.h
[41.646s] -- Installing: /home/ubuntu22/aivision/ros2_ws/install/moveit_calibration_plugins/lib/libmoveit_handeye_calibration_solver_core.so.2.0.0
[41.647s] -- Set runtime path of "/home/ubuntu22/aivision/ros2_ws/install/moveit_calibration_plugins/lib/libmoveit_handeye_calibration_solver_core.so.2.0.0" to ""
[41.647s] -- Installing: /home/ubuntu22/aivision/ros2_ws/install/moveit_calibration_plugins/lib/libmoveit_handeye_calibration_solver_core.so
[41.647s] -- Installing: /home/ubuntu22/aivision/ros2_ws/install/moveit_calibration_plugins/lib/libmoveit_handeye_calibration_solver.so.2.0.0
[41.648s] -- Set runtime path of "/home/ubuntu22/aivision/ros2_ws/install/moveit_calibration_plugins/lib/libmoveit_handeye_calibration_solver.so.2.0.0" to ""
[41.648s] -- Installing: /home/ubuntu22/aivision/ros2_ws/install/moveit_calibration_plugins/lib/libmoveit_handeye_calibration_solver.so
[41.648s] -- Up-to-date: /home/ubuntu22/aivision/ros2_ws/install/moveit_calibration_plugins/share/moveit_calibration_plugins/environment/library_path.sh
[41.648s] -- Up-to-date: /home/ubuntu22/aivision/ros2_ws/install/moveit_calibration_plugins/share/moveit_calibration_plugins/environment/library_path.dsv
[41.648s] -- Up-to-date: /home/ubuntu22/aivision/ros2_ws/install/moveit_calibration_plugins/include
[41.649s] -- Up-to-date: /home/ubuntu22/aivision/ros2_ws/install/moveit_calibration_plugins/include/moveit
[41.649s] -- Installing: /home/ubuntu22/aivision/ros2_ws/install/moveit_calibration_plugins/include/moveit/handeye_calibration_target
[41.649s] -- Installing: /home/ubuntu22/aivision/ros2_ws/install/moveit_calibration_plugins/include/moveit/handeye_calibration_target/handeye_target_base.h
[41.649s] -- Installing: /home/ubuntu22/aivision/ros2_ws/install/moveit_calibration_plugins/include/moveit/handeye_calibration_target/handeye_target_charuco.h
[41.649s] -- Installing: /home/ubuntu22/aivision/ros2_ws/install/moveit_calibration_plugins/include/moveit/handeye_calibration_target/handeye_target_aruco.h
[41.649s] -- Installing: /home/ubuntu22/aivision/ros2_ws/install/moveit_calibration_plugins/lib/libmoveit_handeye_calibration_target_core.so.2.0.0
[41.650s] -- Set runtime path of "/home/ubuntu22/aivision/ros2_ws/install/moveit_calibration_plugins/lib/libmoveit_handeye_calibration_target_core.so.2.0.0" to ""
[41.650s] -- Installing: /home/ubuntu22/aivision/ros2_ws/install/moveit_calibration_plugins/lib/libmoveit_handeye_calibration_target_core.so
[41.650s] -- Installing: /home/ubuntu22/aivision/ros2_ws/install/moveit_calibration_plugins/lib/libmoveit_handeye_calibration_target.so.2.0.0
[41.651s] -- Set runtime path of "/home/ubuntu22/aivision/ros2_ws/install/moveit_calibration_plugins/lib/libmoveit_handeye_calibration_target.so.2.0.0" to ""
[41.651s] -- Installing: /home/ubuntu22/aivision/ros2_ws/install/moveit_calibration_plugins/lib/libmoveit_handeye_calibration_target.so
[41.651s] -- Up-to-date: /home/ubuntu22/aivision/ros2_ws/install/moveit_calibration_plugins/share/moveit_calibration_plugins/environment/library_path.sh
[41.651s] -- Up-to-date: /home/ubuntu22/aivision/ros2_ws/install/moveit_calibration_plugins/share/moveit_calibration_plugins/environment/library_path.dsv
[41.651s] -- Installing: /home/ubuntu22/aivision/ros2_ws/install/moveit_calibration_plugins/share/moveit_calibration_plugins/test/test_aruco_marker_detection.png
[41.652s] -- Installing: /home/ubuntu22/aivision/ros2_ws/install/moveit_calibration_plugins/share/moveit_calibration_plugins/test/test_charuco_board_detection.jpg
[41.654s] Invoked command in '/home/ubuntu22/aivision/ros2_ws/build/moveit_calibration_plugins' returned '0': CMAKE_PREFIX_PATH=/opt/ros/humble /usr/bin/cmake --install /home/ubuntu22/aivision/ros2_ws/build/moveit_calibration_plugins
