[0.014s] Invoking command in '/home/ubuntu22/aivision/ros2_ws/build/moveit_calibration_gui': AMENT_PREFIX_PATH=/home/ubuntu22/aivision/ros2_ws/install/moveit_calibration_plugins:${AMENT_PREFIX_PATH} CMAKE_PREFIX_PATH=/home/ubuntu22/aivision/ros2_ws/install/moveit_calibration_plugins:/opt/ros/humble LD_LIBRARY_PATH=/home/ubuntu22/aivision/ros2_ws/install/moveit_calibration_plugins/lib:${LD_LIBRARY_PATH} /usr/bin/cmake --build /home/ubuntu22/aivision/ros2_ws/build/moveit_calibration_gui -- -j8 -l8
[0.088s] [  8%] [34m[1mAutomatic MOC and UIC for target moveit_handeye_calibration_rviz_plugin_core[0m
[0.155s] [  8%] Built target moveit_handeye_calibration_rviz_plugin_core_autogen
[0.188s] [ 16%] [32mBuilding CXX object handeye_calibration_rviz_plugin/CMakeFiles/moveit_handeye_calibration_rviz_plugin_core.dir/moveit_handeye_calibration_rviz_plugin_core_autogen/mocs_compilation.cpp.o[0m
[0.190s] [ 25%] [32mBuilding CXX object handeye_calibration_rviz_plugin/CMakeFiles/moveit_handeye_calibration_rviz_plugin_core.dir/src/handeye_calibration_display.cpp.o[0m
[0.190s] [ 33%] [32mBuilding CXX object handeye_calibration_rviz_plugin/CMakeFiles/moveit_handeye_calibration_rviz_plugin_core.dir/src/handeye_calibration_frame.cpp.o[0m
[0.193s] [ 41%] [32mBuilding CXX object handeye_calibration_rviz_plugin/CMakeFiles/moveit_handeye_calibration_rviz_plugin_core.dir/src/handeye_context_widget.cpp.o[0m
[0.193s] [ 50%] [32mBuilding CXX object handeye_calibration_rviz_plugin/CMakeFiles/moveit_handeye_calibration_rviz_plugin_core.dir/src/handeye_control_widget.cpp.o[0m
[0.193s] [ 58%] [32mBuilding CXX object handeye_calibration_rviz_plugin/CMakeFiles/moveit_handeye_calibration_rviz_plugin_core.dir/src/handeye_target_widget.cpp.o[0m
[2.910s] In file included from [01m[K/home/ubuntu22/aivision/ros2_ws/src/moveit_calibration/moveit_calibration_gui/handeye_calibration_rviz_plugin/src/handeye_control_widget.cpp:37[m[K:
[2.910s] [01m[K/home/ubuntu22/aivision/ros2_ws/src/moveit_calibration/moveit_calibration_gui/handeye_calibration_rviz_plugin/include/moveit/handeye_calibration_rviz_plugin/handeye_control_widget.h:63:10:[m[K [01;31m[Kfatal error: [m[Kmoveit/planning_scene_monitor/planning_scene_monitor.hpp: No such file or directory
[2.912s]    63 | #include [01;31m[K<moveit/planning_scene_monitor/planning_scene_monitor.hpp>[m[K
[2.912s]       |          [01;31m[K^~~~~~~~~~~~~~~~~~~~~~~~~~~~~~~~~~~~~~~~~~~~~~~~~~~~~~~~~~[m[K
[2.912s] compilation terminated.
[2.931s] gmake[2]: *** [handeye_calibration_rviz_plugin/CMakeFiles/moveit_handeye_calibration_rviz_plugin_core.dir/build.make:132: handeye_calibration_rviz_plugin/CMakeFiles/moveit_handeye_calibration_rviz_plugin_core.dir/src/handeye_control_widget.cpp.o] Error 1
[2.932s] gmake[2]: *** Waiting for unfinished jobs....
[4.277s] In file included from [01m[K/home/ubuntu22/aivision/ros2_ws/src/moveit_calibration/moveit_calibration_gui/handeye_calibration_rviz_plugin/include/moveit/handeye_calibration_rviz_plugin/handeye_calibration_frame.h:47[m[K,
[4.278s]                  from [01m[K/home/ubuntu22/aivision/ros2_ws/src/moveit_calibration/moveit_calibration_gui/handeye_calibration_rviz_plugin/include/moveit/handeye_calibration_rviz_plugin/handeye_calibration_display.h:43[m[K,
[4.278s]                  from [01m[K/home/ubuntu22/aivision/ros2_ws/src/moveit_calibration/moveit_calibration_gui/handeye_calibration_rviz_plugin/src/handeye_calibration_frame.cpp:37[m[K:
[4.278s] [01m[K/home/ubuntu22/aivision/ros2_ws/src/moveit_calibration/moveit_calibration_gui/handeye_calibration_rviz_plugin/include/moveit/handeye_calibration_rviz_plugin/handeye_context_widget.h:65:10:[m[K [01;31m[Kfatal error: [m[Kmoveit/utils/rclcpp_utils.hpp: No such file or directory
[4.278s]    65 | #include [01;31m[K<moveit/utils/rclcpp_utils.hpp>[m[K
[4.278s]       |          [01;31m[K^~~~~~~~~~~~~~~~~~~~~~~~~~~~~~~[m[K
[4.278s] compilation terminated.
[4.316s] gmake[2]: *** [handeye_calibration_rviz_plugin/CMakeFiles/moveit_handeye_calibration_rviz_plugin_core.dir/build.make:104: handeye_calibration_rviz_plugin/CMakeFiles/moveit_handeye_calibration_rviz_plugin_core.dir/src/handeye_calibration_frame.cpp.o] Error 1
[4.440s] In file included from [01m[K/home/ubuntu22/aivision/ros2_ws/src/moveit_calibration/moveit_calibration_gui/handeye_calibration_rviz_plugin/include/moveit/handeye_calibration_rviz_plugin/handeye_calibration_frame.h:47[m[K,
[4.441s]                  from [01m[K/home/ubuntu22/aivision/ros2_ws/src/moveit_calibration/moveit_calibration_gui/handeye_calibration_rviz_plugin/include/moveit/handeye_calibration_rviz_plugin/handeye_calibration_display.h:43[m[K,
[4.441s]                  from [01m[K/home/ubuntu22/aivision/ros2_ws/src/moveit_calibration/moveit_calibration_gui/handeye_calibration_rviz_plugin/include/moveit/handeye_calibration_rviz_plugin/handeye_target_widget.h:70[m[K,
[4.441s]                  from [01m[K/home/ubuntu22/aivision/ros2_ws/src/moveit_calibration/moveit_calibration_gui/handeye_calibration_rviz_plugin/src/handeye_target_widget.cpp:37[m[K:
[4.441s] [01m[K/home/ubuntu22/aivision/ros2_ws/src/moveit_calibration/moveit_calibration_gui/handeye_calibration_rviz_plugin/include/moveit/handeye_calibration_rviz_plugin/handeye_context_widget.h:65:10:[m[K [01;31m[Kfatal error: [m[Kmoveit/utils/rclcpp_utils.hpp: No such file or directory
[4.441s]    65 | #include [01;31m[K<moveit/utils/rclcpp_utils.hpp>[m[K
[4.441s]       |          [01;31m[K^~~~~~~~~~~~~~~~~~~~~~~~~~~~~~~[m[K
[4.441s] compilation terminated.
[4.462s] gmake[2]: *** [handeye_calibration_rviz_plugin/CMakeFiles/moveit_handeye_calibration_rviz_plugin_core.dir/build.make:146: handeye_calibration_rviz_plugin/CMakeFiles/moveit_handeye_calibration_rviz_plugin_core.dir/src/handeye_target_widget.cpp.o] Error 1
[4.766s] In file included from [01m[K/home/ubuntu22/aivision/ros2_ws/src/moveit_calibration/moveit_calibration_gui/handeye_calibration_rviz_plugin/include/moveit/handeye_calibration_rviz_plugin/handeye_calibration_frame.h:47[m[K,
[4.767s]                  from [01m[K/home/ubuntu22/aivision/ros2_ws/build/moveit_calibration_gui/handeye_calibration_rviz_plugin/moveit_handeye_calibration_rviz_plugin_core_autogen/X3SZ3HJNRA/../../../../../src/moveit_calibration/moveit_calibration_gui/handeye_calibration_rviz_plugin/include/moveit/handeye_calibration_rviz_plugin/handeye_calibration_display.h:43[m[K,
[4.767s]                  from [01m[K/home/ubuntu22/aivision/ros2_ws/build/moveit_calibration_gui/handeye_calibration_rviz_plugin/moveit_handeye_calibration_rviz_plugin_core_autogen/X3SZ3HJNRA/moc_handeye_calibration_display.cpp:10[m[K,
[4.767s]                  from [01m[K/home/ubuntu22/aivision/ros2_ws/build/moveit_calibration_gui/handeye_calibration_rviz_plugin/moveit_handeye_calibration_rviz_plugin_core_autogen/mocs_compilation.cpp:2[m[K:
[4.767s] [01m[K/home/ubuntu22/aivision/ros2_ws/src/moveit_calibration/moveit_calibration_gui/handeye_calibration_rviz_plugin/include/moveit/handeye_calibration_rviz_plugin/handeye_context_widget.h:65:10:[m[K [01;31m[Kfatal error: [m[Kmoveit/utils/rclcpp_utils.hpp: No such file or directory
[4.767s]    65 | e [01;31m[K<moveit/utils/rclcpp_utils.hpp>[m[K
[4.767s]       |   [01;31m[K^~~~~~~~~~~~~~~~~~~~~~~~~~~~~~~[m[K
[4.768s] 
[4.768s] compilation terminated.
[4.790s] gmake[2]: *** [handeye_calibration_rviz_plugin/CMakeFiles/moveit_handeye_calibration_rviz_plugin_core.dir/build.make:76: handeye_calibration_rviz_plugin/CMakeFiles/moveit_handeye_calibration_rviz_plugin_core.dir/moveit_handeye_calibration_rviz_plugin_core_autogen/mocs_compilation.cpp.o] Error 1
[4.856s] In file included from [01m[K/home/ubuntu22/aivision/ros2_ws/src/moveit_calibration/moveit_calibration_gui/handeye_calibration_rviz_plugin/include/moveit/handeye_calibration_rviz_plugin/handeye_calibration_frame.h:47[m[K,
[4.856s]                  from [01m[K/home/ubuntu22/aivision/ros2_ws/src/moveit_calibration/moveit_calibration_gui/handeye_calibration_rviz_plugin/include/moveit/handeye_calibration_rviz_plugin/handeye_calibration_display.h:43[m[K,
[4.857s]                  from [01m[K/home/ubuntu22/aivision/ros2_ws/src/moveit_calibration/moveit_calibration_gui/handeye_calibration_rviz_plugin/src/handeye_calibration_display.cpp:37[m[K:
[4.857s] [01m[K/home/ubuntu22/aivision/ros2_ws/src/moveit_calibration/moveit_calibration_gui/handeye_calibration_rviz_plugin/include/moveit/handeye_calibration_rviz_plugin/handeye_context_widget.h:65:10:[m[K [01;31m[Kfatal error: [m[Kmoveit/utils/rclcpp_utils.hpp: No such file or directory
[4.857s]    65 | #include [01;31m[K<moveit/utils/rclcpp_utils.hpp>[m[K
[4.857s]       |          [01;31m[K^~~~~~~~~~~~~~~~~~~~~~~~~~~~~~~[m[K
[4.857s] compilation terminated.
[4.873s] gmake[2]: *** [handeye_calibration_rviz_plugin/CMakeFiles/moveit_handeye_calibration_rviz_plugin_core.dir/build.make:90: handeye_calibration_rviz_plugin/CMakeFiles/moveit_handeye_calibration_rviz_plugin_core.dir/src/handeye_calibration_display.cpp.o] Error 1
[4.884s] In file included from [01m[K/home/ubuntu22/aivision/ros2_ws/src/moveit_calibration/moveit_calibration_gui/handeye_calibration_rviz_plugin/src/handeye_context_widget.cpp:37[m[K:
[4.884s] [01m[K/home/ubuntu22/aivision/ros2_ws/src/moveit_calibration/moveit_calibration_gui/handeye_calibration_rviz_plugin/include/moveit/handeye_calibration_rviz_plugin/handeye_context_widget.h:65:10:[m[K [01;31m[Kfatal error: [m[Kmoveit/utils/rclcpp_utils.hpp: No such file or directory
[4.884s]    65 | #include [01;31m[K<moveit/utils/rclcpp_utils.hpp>[m[K
[4.884s]       |          [01;31m[K^~~~~~~~~~~~~~~~~~~~~~~~~~~~~~~[m[K
[4.884s] compilation terminated.
[4.909s] gmake[2]: *** [handeye_calibration_rviz_plugin/CMakeFiles/moveit_handeye_calibration_rviz_plugin_core.dir/build.make:118: handeye_calibration_rviz_plugin/CMakeFiles/moveit_handeye_calibration_rviz_plugin_core.dir/src/handeye_context_widget.cpp.o] Error 1
[4.909s] gmake[1]: *** [CMakeFiles/Makefile2:156: handeye_calibration_rviz_plugin/CMakeFiles/moveit_handeye_calibration_rviz_plugin_core.dir/all] Error 2
[4.910s] gmake: *** [Makefile:146: all] Error 2
[4.913s] Invoked command in '/home/ubuntu22/aivision/ros2_ws/build/moveit_calibration_gui' returned '2': AMENT_PREFIX_PATH=/home/ubuntu22/aivision/ros2_ws/install/moveit_calibration_plugins:${AMENT_PREFIX_PATH} CMAKE_PREFIX_PATH=/home/ubuntu22/aivision/ros2_ws/install/moveit_calibration_plugins:/opt/ros/humble LD_LIBRARY_PATH=/home/ubuntu22/aivision/ros2_ws/install/moveit_calibration_plugins/lib:${LD_LIBRARY_PATH} /usr/bin/cmake --build /home/ubuntu22/aivision/ros2_ws/build/moveit_calibration_gui -- -j8 -l8
