[0.111s] DEBUG:colcon:Command line arguments: ['/usr/bin/colcon', 'build', '--cmake-args', '-DCMAKE_BUILD_TYPE=Release']
[0.111s] DEBUG:colcon:Parsed command line arguments: Namespace(log_base=None, log_level=None, verb_name='build', build_base='build', install_base='install', merge_install=False, symlink_install=False, test_result_base=None, continue_on_error=False, executor='parallel', parallel_workers=8, event_handlers=None, ignore_user_meta=False, metas=['./colcon.meta'], base_paths=['.'], packages_ignore=None, packages_ignore_regex=None, paths=None, packages_up_to=None, packages_up_to_regex=None, packages_above=None, packages_above_and_dependencies=None, packages_above_depth=None, packages_select_by_dep=None, packages_skip_by_dep=None, packages_skip_up_to=None, packages_select_build_failed=False, packages_skip_build_finished=False, packages_select_test_failures=False, packages_skip_test_passed=False, packages_select=None, packages_skip=None, packages_select_regex=None, packages_skip_regex=None, packages_start=None, packages_end=None, allow_overriding=[], cmake_args=['-DCMAKE_BUILD_TYPE=Release'], cmake_target=None, cmake_target_skip_unavailable=False, cmake_clean_cache=False, cmake_clean_first=False, cmake_force_configure=False, ament_cmake_args=None, catkin_cmake_args=None, catkin_skip_building_tests=False, verb_parser=<colcon_defaults.argument_parser.defaults.DefaultArgumentsDecorator object at 0x7d8cae761510>, verb_extension=<colcon_core.verb.build.BuildVerb object at 0x7d8cae760fd0>, main=<bound method BuildVerb.main of <colcon_core.verb.build.BuildVerb object at 0x7d8cae760fd0>>)
[0.302s] Level 1:colcon.colcon_core.package_discovery:discover_packages(colcon_meta) check parameters
[0.302s] Level 1:colcon.colcon_core.package_discovery:discover_packages(recursive) check parameters
[0.302s] Level 1:colcon.colcon_core.package_discovery:discover_packages(ignore) check parameters
[0.302s] Level 1:colcon.colcon_core.package_discovery:discover_packages(path) check parameters
[0.302s] Level 1:colcon.colcon_core.package_discovery:discover_packages(colcon_meta) discover
[0.302s] Level 1:colcon.colcon_core.package_discovery:discover_packages(recursive) discover
[0.302s] INFO:colcon.colcon_core.package_discovery:Crawling recursively for packages in '/home/ubuntu22/aivision/ros2_ws'
[0.302s] Level 1:colcon.colcon_core.package_identification:_identify(.) by extensions ['ignore', 'ignore_ament_install']
[0.302s] Level 1:colcon.colcon_core.package_identification:_identify(.) by extension 'ignore'
[0.302s] Level 1:colcon.colcon_core.package_identification:_identify(.) by extension 'ignore_ament_install'
[0.303s] Level 1:colcon.colcon_core.package_identification:_identify(.) by extensions ['colcon_pkg']
[0.303s] Level 1:colcon.colcon_core.package_identification:_identify(.) by extension 'colcon_pkg'
[0.303s] Level 1:colcon.colcon_core.package_identification:_identify(.) by extensions ['colcon_meta']
[0.303s] Level 1:colcon.colcon_core.package_identification:_identify(.) by extension 'colcon_meta'
[0.303s] Level 1:colcon.colcon_core.package_identification:_identify(.) by extensions ['ros']
[0.303s] Level 1:colcon.colcon_core.package_identification:_identify(.) by extension 'ros'
[0.314s] Level 1:colcon.colcon_core.package_identification:_identify(.) by extensions ['cmake', 'python']
[0.314s] Level 1:colcon.colcon_core.package_identification:_identify(.) by extension 'cmake'
[0.314s] Level 1:colcon.colcon_core.package_identification:_identify(.) by extension 'python'
[0.314s] Level 1:colcon.colcon_core.package_identification:_identify(.) by extensions ['python_setup_py']
[0.314s] Level 1:colcon.colcon_core.package_identification:_identify(.) by extension 'python_setup_py'
[0.314s] Level 1:colcon.colcon_core.package_identification:_identify(build) by extensions ['ignore', 'ignore_ament_install']
[0.314s] Level 1:colcon.colcon_core.package_identification:_identify(build) by extension 'ignore'
[0.314s] Level 1:colcon.colcon_core.package_identification:_identify(build) ignored
[0.315s] Level 1:colcon.colcon_core.package_identification:_identify(install) by extensions ['ignore', 'ignore_ament_install']
[0.315s] Level 1:colcon.colcon_core.package_identification:_identify(install) by extension 'ignore'
[0.315s] Level 1:colcon.colcon_core.package_identification:_identify(install) ignored
[0.315s] Level 1:colcon.colcon_core.package_identification:_identify(log) by extensions ['ignore', 'ignore_ament_install']
[0.315s] Level 1:colcon.colcon_core.package_identification:_identify(log) by extension 'ignore'
[0.315s] Level 1:colcon.colcon_core.package_identification:_identify(log) ignored
[0.315s] Level 1:colcon.colcon_core.package_identification:_identify(src) by extensions ['ignore', 'ignore_ament_install']
[0.315s] Level 1:colcon.colcon_core.package_identification:_identify(src) by extension 'ignore'
[0.315s] Level 1:colcon.colcon_core.package_identification:_identify(src) by extension 'ignore_ament_install'
[0.316s] Level 1:colcon.colcon_core.package_identification:_identify(src) by extensions ['colcon_pkg']
[0.316s] Level 1:colcon.colcon_core.package_identification:_identify(src) by extension 'colcon_pkg'
[0.316s] Level 1:colcon.colcon_core.package_identification:_identify(src) by extensions ['colcon_meta']
[0.316s] Level 1:colcon.colcon_core.package_identification:_identify(src) by extension 'colcon_meta'
[0.316s] Level 1:colcon.colcon_core.package_identification:_identify(src) by extensions ['ros']
[0.316s] Level 1:colcon.colcon_core.package_identification:_identify(src) by extension 'ros'
[0.316s] Level 1:colcon.colcon_core.package_identification:_identify(src) by extensions ['cmake', 'python']
[0.316s] Level 1:colcon.colcon_core.package_identification:_identify(src) by extension 'cmake'
[0.316s] Level 1:colcon.colcon_core.package_identification:_identify(src) by extension 'python'
[0.316s] Level 1:colcon.colcon_core.package_identification:_identify(src) by extensions ['python_setup_py']
[0.316s] Level 1:colcon.colcon_core.package_identification:_identify(src) by extension 'python_setup_py'
[0.316s] Level 1:colcon.colcon_core.package_identification:_identify(src/moveit_calibration) by extensions ['ignore', 'ignore_ament_install']
[0.316s] Level 1:colcon.colcon_core.package_identification:_identify(src/moveit_calibration) by extension 'ignore'
[0.316s] Level 1:colcon.colcon_core.package_identification:_identify(src/moveit_calibration) by extension 'ignore_ament_install'
[0.316s] Level 1:colcon.colcon_core.package_identification:_identify(src/moveit_calibration) by extensions ['colcon_pkg']
[0.316s] Level 1:colcon.colcon_core.package_identification:_identify(src/moveit_calibration) by extension 'colcon_pkg'
[0.317s] Level 1:colcon.colcon_core.package_identification:_identify(src/moveit_calibration) by extensions ['colcon_meta']
[0.317s] Level 1:colcon.colcon_core.package_identification:_identify(src/moveit_calibration) by extension 'colcon_meta'
[0.317s] Level 1:colcon.colcon_core.package_identification:_identify(src/moveit_calibration) by extensions ['ros']
[0.317s] Level 1:colcon.colcon_core.package_identification:_identify(src/moveit_calibration) by extension 'ros'
[0.317s] Level 1:colcon.colcon_core.package_identification:_identify(src/moveit_calibration) by extensions ['cmake', 'python']
[0.317s] Level 1:colcon.colcon_core.package_identification:_identify(src/moveit_calibration) by extension 'cmake'
[0.317s] Level 1:colcon.colcon_core.package_identification:_identify(src/moveit_calibration) by extension 'python'
[0.317s] Level 1:colcon.colcon_core.package_identification:_identify(src/moveit_calibration) by extensions ['python_setup_py']
[0.317s] Level 1:colcon.colcon_core.package_identification:_identify(src/moveit_calibration) by extension 'python_setup_py'
[0.317s] Level 1:colcon.colcon_core.package_identification:_identify(src/moveit_calibration/moveit_calibration_gui) by extensions ['ignore', 'ignore_ament_install']
[0.317s] Level 1:colcon.colcon_core.package_identification:_identify(src/moveit_calibration/moveit_calibration_gui) by extension 'ignore'
[0.317s] Level 1:colcon.colcon_core.package_identification:_identify(src/moveit_calibration/moveit_calibration_gui) by extension 'ignore_ament_install'
[0.317s] Level 1:colcon.colcon_core.package_identification:_identify(src/moveit_calibration/moveit_calibration_gui) by extensions ['colcon_pkg']
[0.317s] Level 1:colcon.colcon_core.package_identification:_identify(src/moveit_calibration/moveit_calibration_gui) by extension 'colcon_pkg'
[0.317s] Level 1:colcon.colcon_core.package_identification:_identify(src/moveit_calibration/moveit_calibration_gui) by extensions ['colcon_meta']
[0.317s] Level 1:colcon.colcon_core.package_identification:_identify(src/moveit_calibration/moveit_calibration_gui) by extension 'colcon_meta'
[0.318s] Level 1:colcon.colcon_core.package_identification:_identify(src/moveit_calibration/moveit_calibration_gui) by extensions ['ros']
[0.318s] Level 1:colcon.colcon_core.package_identification:_identify(src/moveit_calibration/moveit_calibration_gui) by extension 'ros'
[0.321s] DEBUG:colcon.colcon_core.package_identification:Package 'src/moveit_calibration/moveit_calibration_gui' with type 'ros.ament_cmake' and name 'moveit_calibration_gui'
[0.321s] Level 1:colcon.colcon_core.package_identification:_identify(src/moveit_calibration/moveit_calibration_plugins) by extensions ['ignore', 'ignore_ament_install']
[0.321s] Level 1:colcon.colcon_core.package_identification:_identify(src/moveit_calibration/moveit_calibration_plugins) by extension 'ignore'
[0.322s] Level 1:colcon.colcon_core.package_identification:_identify(src/moveit_calibration/moveit_calibration_plugins) by extension 'ignore_ament_install'
[0.322s] Level 1:colcon.colcon_core.package_identification:_identify(src/moveit_calibration/moveit_calibration_plugins) by extensions ['colcon_pkg']
[0.322s] Level 1:colcon.colcon_core.package_identification:_identify(src/moveit_calibration/moveit_calibration_plugins) by extension 'colcon_pkg'
[0.322s] Level 1:colcon.colcon_core.package_identification:_identify(src/moveit_calibration/moveit_calibration_plugins) by extensions ['colcon_meta']
[0.322s] Level 1:colcon.colcon_core.package_identification:_identify(src/moveit_calibration/moveit_calibration_plugins) by extension 'colcon_meta'
[0.322s] Level 1:colcon.colcon_core.package_identification:_identify(src/moveit_calibration/moveit_calibration_plugins) by extensions ['ros']
[0.322s] Level 1:colcon.colcon_core.package_identification:_identify(src/moveit_calibration/moveit_calibration_plugins) by extension 'ros'
[0.323s] DEBUG:colcon.colcon_core.package_identification:Package 'src/moveit_calibration/moveit_calibration_plugins' with type 'ros.ament_cmake' and name 'moveit_calibration_plugins'
[0.323s] Level 1:colcon.colcon_core.package_discovery:discover_packages(recursive) using defaults
[0.323s] Level 1:colcon.colcon_core.package_discovery:discover_packages(ignore) discover
[0.323s] Level 1:colcon.colcon_core.package_discovery:discover_packages(ignore) using defaults
[0.323s] Level 1:colcon.colcon_core.package_discovery:discover_packages(path) discover
[0.323s] Level 1:colcon.colcon_core.package_discovery:discover_packages(path) using defaults
[0.354s] Level 1:colcon.colcon_core.package_discovery:discover_packages(prefix_path) check parameters
[0.354s] Level 1:colcon.colcon_core.package_discovery:discover_packages(prefix_path) discover
[0.357s] DEBUG:colcon.colcon_installed_package_information.package_discovery:Found 397 installed packages in /opt/ros/humble
[0.359s] Level 1:colcon.colcon_core.package_discovery:discover_packages(prefix_path) using defaults
[0.413s] Level 5:colcon.colcon_core.verb:set package 'moveit_calibration_plugins' build argument 'cmake_args' from command line to '['-DCMAKE_BUILD_TYPE=Release']'
[0.413s] Level 5:colcon.colcon_core.verb:set package 'moveit_calibration_plugins' build argument 'cmake_target' from command line to 'None'
[0.413s] Level 5:colcon.colcon_core.verb:set package 'moveit_calibration_plugins' build argument 'cmake_target_skip_unavailable' from command line to 'False'
[0.413s] Level 5:colcon.colcon_core.verb:set package 'moveit_calibration_plugins' build argument 'cmake_clean_cache' from command line to 'False'
[0.413s] Level 5:colcon.colcon_core.verb:set package 'moveit_calibration_plugins' build argument 'cmake_clean_first' from command line to 'False'
[0.413s] Level 5:colcon.colcon_core.verb:set package 'moveit_calibration_plugins' build argument 'cmake_force_configure' from command line to 'False'
[0.413s] Level 5:colcon.colcon_core.verb:set package 'moveit_calibration_plugins' build argument 'ament_cmake_args' from command line to 'None'
[0.413s] Level 5:colcon.colcon_core.verb:set package 'moveit_calibration_plugins' build argument 'catkin_cmake_args' from command line to 'None'
[0.413s] Level 5:colcon.colcon_core.verb:set package 'moveit_calibration_plugins' build argument 'catkin_skip_building_tests' from command line to 'False'
[0.413s] DEBUG:colcon.colcon_core.verb:Building package 'moveit_calibration_plugins' with the following arguments: {'ament_cmake_args': None, 'build_base': '/home/ubuntu22/aivision/ros2_ws/build/moveit_calibration_plugins', 'catkin_cmake_args': None, 'catkin_skip_building_tests': False, 'cmake_args': ['-DCMAKE_BUILD_TYPE=Release'], 'cmake_clean_cache': False, 'cmake_clean_first': False, 'cmake_force_configure': False, 'cmake_target': None, 'cmake_target_skip_unavailable': False, 'install_base': '/home/ubuntu22/aivision/ros2_ws/install/moveit_calibration_plugins', 'merge_install': False, 'path': '/home/ubuntu22/aivision/ros2_ws/src/moveit_calibration/moveit_calibration_plugins', 'symlink_install': False, 'test_result_base': None}
[0.413s] Level 5:colcon.colcon_core.verb:set package 'moveit_calibration_gui' build argument 'cmake_args' from command line to '['-DCMAKE_BUILD_TYPE=Release']'
[0.413s] Level 5:colcon.colcon_core.verb:set package 'moveit_calibration_gui' build argument 'cmake_target' from command line to 'None'
[0.413s] Level 5:colcon.colcon_core.verb:set package 'moveit_calibration_gui' build argument 'cmake_target_skip_unavailable' from command line to 'False'
[0.413s] Level 5:colcon.colcon_core.verb:set package 'moveit_calibration_gui' build argument 'cmake_clean_cache' from command line to 'False'
[0.413s] Level 5:colcon.colcon_core.verb:set package 'moveit_calibration_gui' build argument 'cmake_clean_first' from command line to 'False'
[0.413s] Level 5:colcon.colcon_core.verb:set package 'moveit_calibration_gui' build argument 'cmake_force_configure' from command line to 'False'
[0.414s] Level 5:colcon.colcon_core.verb:set package 'moveit_calibration_gui' build argument 'ament_cmake_args' from command line to 'None'
[0.414s] Level 5:colcon.colcon_core.verb:set package 'moveit_calibration_gui' build argument 'catkin_cmake_args' from command line to 'None'
[0.414s] Level 5:colcon.colcon_core.verb:set package 'moveit_calibration_gui' build argument 'catkin_skip_building_tests' from command line to 'False'
[0.414s] DEBUG:colcon.colcon_core.verb:Building package 'moveit_calibration_gui' with the following arguments: {'ament_cmake_args': None, 'build_base': '/home/ubuntu22/aivision/ros2_ws/build/moveit_calibration_gui', 'catkin_cmake_args': None, 'catkin_skip_building_tests': False, 'cmake_args': ['-DCMAKE_BUILD_TYPE=Release'], 'cmake_clean_cache': False, 'cmake_clean_first': False, 'cmake_force_configure': False, 'cmake_target': None, 'cmake_target_skip_unavailable': False, 'install_base': '/home/ubuntu22/aivision/ros2_ws/install/moveit_calibration_gui', 'merge_install': False, 'path': '/home/ubuntu22/aivision/ros2_ws/src/moveit_calibration/moveit_calibration_gui', 'symlink_install': False, 'test_result_base': None}
[0.414s] INFO:colcon.colcon_core.executor:Executing jobs using 'parallel' executor
[0.415s] DEBUG:colcon.colcon_parallel_executor.executor.parallel:run_until_complete
[0.416s] INFO:colcon.colcon_ros.task.ament_cmake.build:Building ROS package in '/home/ubuntu22/aivision/ros2_ws/src/moveit_calibration/moveit_calibration_plugins' with build type 'ament_cmake'
[0.416s] INFO:colcon.colcon_cmake.task.cmake.build:Building CMake package in '/home/ubuntu22/aivision/ros2_ws/src/moveit_calibration/moveit_calibration_plugins'
[0.418s] INFO:colcon.colcon_core.plugin_system:Skipping extension 'colcon_core.shell.bat': Not used on non-Windows systems
[0.418s] INFO:colcon.colcon_core.shell:Skip shell extension 'powershell' for command environment: Not usable outside of PowerShell
[0.418s] DEBUG:colcon.colcon_core.shell:Skip shell extension 'dsv' for command environment
[0.431s] DEBUG:colcon.colcon_core.event_handler.log_command:Invoking command in '/home/ubuntu22/aivision/ros2_ws/build/moveit_calibration_plugins': CMAKE_PREFIX_PATH=/opt/ros/humble /usr/bin/cmake --build /home/ubuntu22/aivision/ros2_ws/build/moveit_calibration_plugins -- -j8 -l8
[0.595s] DEBUG:colcon.colcon_core.event_handler.log_command:Invoked command in '/home/ubuntu22/aivision/ros2_ws/build/moveit_calibration_plugins' returned '0': CMAKE_PREFIX_PATH=/opt/ros/humble /usr/bin/cmake --build /home/ubuntu22/aivision/ros2_ws/build/moveit_calibration_plugins -- -j8 -l8
[0.606s] DEBUG:colcon.colcon_core.event_handler.log_command:Invoking command in '/home/ubuntu22/aivision/ros2_ws/build/moveit_calibration_plugins': CMAKE_PREFIX_PATH=/opt/ros/humble /usr/bin/cmake --install /home/ubuntu22/aivision/ros2_ws/build/moveit_calibration_plugins
[0.624s] Level 1:colcon.colcon_core.environment:create_environment_scripts_only(moveit_calibration_plugins)
[0.625s] DEBUG:colcon.colcon_core.event_handler.log_command:Invoked command in '/home/ubuntu22/aivision/ros2_ws/build/moveit_calibration_plugins' returned '0': CMAKE_PREFIX_PATH=/opt/ros/humble /usr/bin/cmake --install /home/ubuntu22/aivision/ros2_ws/build/moveit_calibration_plugins
[0.627s] Level 1:colcon.colcon_core.environment:checking '/home/ubuntu22/aivision/ros2_ws/install/moveit_calibration_plugins' for CMake module files
[0.628s] Level 1:colcon.colcon_core.environment:checking '/home/ubuntu22/aivision/ros2_ws/install/moveit_calibration_plugins' for CMake config files
[0.628s] Level 1:colcon.colcon_core.shell:create_environment_hook('moveit_calibration_plugins', 'cmake_prefix_path')
[0.629s] INFO:colcon.colcon_core.shell:Creating environment hook '/home/ubuntu22/aivision/ros2_ws/install/moveit_calibration_plugins/share/moveit_calibration_plugins/hook/cmake_prefix_path.ps1'
[0.629s] INFO:colcon.colcon_core.shell:Creating environment descriptor '/home/ubuntu22/aivision/ros2_ws/install/moveit_calibration_plugins/share/moveit_calibration_plugins/hook/cmake_prefix_path.dsv'
[0.630s] INFO:colcon.colcon_core.shell:Creating environment hook '/home/ubuntu22/aivision/ros2_ws/install/moveit_calibration_plugins/share/moveit_calibration_plugins/hook/cmake_prefix_path.sh'
[0.631s] Level 1:colcon.colcon_core.environment:checking '/home/ubuntu22/aivision/ros2_ws/install/moveit_calibration_plugins/lib'
[0.631s] Level 1:colcon.colcon_core.shell:create_environment_hook('moveit_calibration_plugins', 'ld_library_path_lib')
[0.631s] INFO:colcon.colcon_core.shell:Creating environment hook '/home/ubuntu22/aivision/ros2_ws/install/moveit_calibration_plugins/share/moveit_calibration_plugins/hook/ld_library_path_lib.ps1'
[0.631s] INFO:colcon.colcon_core.shell:Creating environment descriptor '/home/ubuntu22/aivision/ros2_ws/install/moveit_calibration_plugins/share/moveit_calibration_plugins/hook/ld_library_path_lib.dsv'
[0.632s] INFO:colcon.colcon_core.shell:Creating environment hook '/home/ubuntu22/aivision/ros2_ws/install/moveit_calibration_plugins/share/moveit_calibration_plugins/hook/ld_library_path_lib.sh'
[0.632s] Level 1:colcon.colcon_core.environment:checking '/home/ubuntu22/aivision/ros2_ws/install/moveit_calibration_plugins/bin'
[0.632s] Level 1:colcon.colcon_core.environment:checking '/home/ubuntu22/aivision/ros2_ws/install/moveit_calibration_plugins/lib/pkgconfig/moveit_calibration_plugins.pc'
[0.633s] Level 1:colcon.colcon_core.environment:checking '/home/ubuntu22/aivision/ros2_ws/install/moveit_calibration_plugins/lib/python3.10/site-packages'
[0.633s] Level 1:colcon.colcon_core.environment:checking '/home/ubuntu22/aivision/ros2_ws/install/moveit_calibration_plugins/bin'
[0.633s] INFO:colcon.colcon_core.shell:Creating package script '/home/ubuntu22/aivision/ros2_ws/install/moveit_calibration_plugins/share/moveit_calibration_plugins/package.ps1'
[0.634s] INFO:colcon.colcon_core.shell:Creating package descriptor '/home/ubuntu22/aivision/ros2_ws/install/moveit_calibration_plugins/share/moveit_calibration_plugins/package.dsv'
[0.635s] INFO:colcon.colcon_core.shell:Creating package script '/home/ubuntu22/aivision/ros2_ws/install/moveit_calibration_plugins/share/moveit_calibration_plugins/package.sh'
[0.636s] INFO:colcon.colcon_core.shell:Creating package script '/home/ubuntu22/aivision/ros2_ws/install/moveit_calibration_plugins/share/moveit_calibration_plugins/package.bash'
[0.637s] INFO:colcon.colcon_core.shell:Creating package script '/home/ubuntu22/aivision/ros2_ws/install/moveit_calibration_plugins/share/moveit_calibration_plugins/package.zsh'
[0.637s] Level 1:colcon.colcon_core.environment:create_file_with_runtime_dependencies(/home/ubuntu22/aivision/ros2_ws/install/moveit_calibration_plugins/share/colcon-core/packages/moveit_calibration_plugins)
[0.638s] Level 1:colcon.colcon_core.environment:create_environment_scripts_only(moveit_calibration_plugins)
[0.638s] Level 1:colcon.colcon_core.environment:checking '/home/ubuntu22/aivision/ros2_ws/install/moveit_calibration_plugins' for CMake module files
[0.639s] Level 1:colcon.colcon_core.environment:checking '/home/ubuntu22/aivision/ros2_ws/install/moveit_calibration_plugins' for CMake config files
[0.639s] Level 1:colcon.colcon_core.shell:create_environment_hook('moveit_calibration_plugins', 'cmake_prefix_path')
[0.639s] INFO:colcon.colcon_core.shell:Creating environment hook '/home/ubuntu22/aivision/ros2_ws/install/moveit_calibration_plugins/share/moveit_calibration_plugins/hook/cmake_prefix_path.ps1'
[0.640s] INFO:colcon.colcon_core.shell:Creating environment descriptor '/home/ubuntu22/aivision/ros2_ws/install/moveit_calibration_plugins/share/moveit_calibration_plugins/hook/cmake_prefix_path.dsv'
[0.640s] INFO:colcon.colcon_core.shell:Creating environment hook '/home/ubuntu22/aivision/ros2_ws/install/moveit_calibration_plugins/share/moveit_calibration_plugins/hook/cmake_prefix_path.sh'
[0.641s] Level 1:colcon.colcon_core.environment:checking '/home/ubuntu22/aivision/ros2_ws/install/moveit_calibration_plugins/lib'
[0.641s] Level 1:colcon.colcon_core.shell:create_environment_hook('moveit_calibration_plugins', 'ld_library_path_lib')
[0.641s] INFO:colcon.colcon_core.shell:Creating environment hook '/home/ubuntu22/aivision/ros2_ws/install/moveit_calibration_plugins/share/moveit_calibration_plugins/hook/ld_library_path_lib.ps1'
[0.642s] INFO:colcon.colcon_core.shell:Creating environment descriptor '/home/ubuntu22/aivision/ros2_ws/install/moveit_calibration_plugins/share/moveit_calibration_plugins/hook/ld_library_path_lib.dsv'
[0.642s] INFO:colcon.colcon_core.shell:Creating environment hook '/home/ubuntu22/aivision/ros2_ws/install/moveit_calibration_plugins/share/moveit_calibration_plugins/hook/ld_library_path_lib.sh'
[0.643s] Level 1:colcon.colcon_core.environment:checking '/home/ubuntu22/aivision/ros2_ws/install/moveit_calibration_plugins/bin'
[0.643s] Level 1:colcon.colcon_core.environment:checking '/home/ubuntu22/aivision/ros2_ws/install/moveit_calibration_plugins/lib/pkgconfig/moveit_calibration_plugins.pc'
[0.643s] Level 1:colcon.colcon_core.environment:checking '/home/ubuntu22/aivision/ros2_ws/install/moveit_calibration_plugins/lib/python3.10/site-packages'
[0.643s] Level 1:colcon.colcon_core.environment:checking '/home/ubuntu22/aivision/ros2_ws/install/moveit_calibration_plugins/bin'
[0.644s] INFO:colcon.colcon_core.shell:Creating package script '/home/ubuntu22/aivision/ros2_ws/install/moveit_calibration_plugins/share/moveit_calibration_plugins/package.ps1'
[0.644s] INFO:colcon.colcon_core.shell:Creating package descriptor '/home/ubuntu22/aivision/ros2_ws/install/moveit_calibration_plugins/share/moveit_calibration_plugins/package.dsv'
[0.645s] INFO:colcon.colcon_core.shell:Creating package script '/home/ubuntu22/aivision/ros2_ws/install/moveit_calibration_plugins/share/moveit_calibration_plugins/package.sh'
[0.645s] INFO:colcon.colcon_core.shell:Creating package script '/home/ubuntu22/aivision/ros2_ws/install/moveit_calibration_plugins/share/moveit_calibration_plugins/package.bash'
[0.646s] INFO:colcon.colcon_core.shell:Creating package script '/home/ubuntu22/aivision/ros2_ws/install/moveit_calibration_plugins/share/moveit_calibration_plugins/package.zsh'
[0.647s] Level 1:colcon.colcon_core.environment:create_file_with_runtime_dependencies(/home/ubuntu22/aivision/ros2_ws/install/moveit_calibration_plugins/share/colcon-core/packages/moveit_calibration_plugins)
[0.647s] INFO:colcon.colcon_ros.task.ament_cmake.build:Building ROS package in '/home/ubuntu22/aivision/ros2_ws/src/moveit_calibration/moveit_calibration_gui' with build type 'ament_cmake'
[0.647s] INFO:colcon.colcon_cmake.task.cmake.build:Building CMake package in '/home/ubuntu22/aivision/ros2_ws/src/moveit_calibration/moveit_calibration_gui'
[0.648s] INFO:colcon.colcon_core.shell:Skip shell extension 'powershell' for command environment: Not usable outside of PowerShell
[0.648s] DEBUG:colcon.colcon_core.shell:Skip shell extension 'dsv' for command environment
[0.660s] DEBUG:colcon.colcon_core.event_handler.log_command:Invoking command in '/home/ubuntu22/aivision/ros2_ws/build/moveit_calibration_gui': AMENT_PREFIX_PATH=/home/ubuntu22/aivision/ros2_ws/install/moveit_calibration_plugins:${AMENT_PREFIX_PATH} CMAKE_PREFIX_PATH=/home/ubuntu22/aivision/ros2_ws/install/moveit_calibration_plugins:/opt/ros/humble LD_LIBRARY_PATH=/home/ubuntu22/aivision/ros2_ws/install/moveit_calibration_plugins/lib:${LD_LIBRARY_PATH} /usr/bin/cmake --build /home/ubuntu22/aivision/ros2_ws/build/moveit_calibration_gui -- -j8 -l8
[14.042s] DEBUG:colcon.colcon_core.event_handler.log_command:Invoked command in '/home/ubuntu22/aivision/ros2_ws/build/moveit_calibration_gui' returned '2': AMENT_PREFIX_PATH=/home/ubuntu22/aivision/ros2_ws/install/moveit_calibration_plugins:${AMENT_PREFIX_PATH} CMAKE_PREFIX_PATH=/home/ubuntu22/aivision/ros2_ws/install/moveit_calibration_plugins:/opt/ros/humble LD_LIBRARY_PATH=/home/ubuntu22/aivision/ros2_ws/install/moveit_calibration_plugins/lib:${LD_LIBRARY_PATH} /usr/bin/cmake --build /home/ubuntu22/aivision/ros2_ws/build/moveit_calibration_gui -- -j8 -l8
[14.042s] Level 1:colcon.colcon_core.environment:create_environment_scripts_only(moveit_calibration_gui)
[14.043s] Level 1:colcon.colcon_core.environment:checking '/home/ubuntu22/aivision/ros2_ws/install/moveit_calibration_gui' for CMake module files
[14.043s] Level 1:colcon.colcon_core.environment:checking '/home/ubuntu22/aivision/ros2_ws/install/moveit_calibration_gui' for CMake config files
[14.043s] Level 1:colcon.colcon_core.environment:checking '/home/ubuntu22/aivision/ros2_ws/install/moveit_calibration_gui/bin'
[14.043s] Level 1:colcon.colcon_core.environment:checking '/home/ubuntu22/aivision/ros2_ws/install/moveit_calibration_gui/lib/pkgconfig/moveit_calibration_gui.pc'
[14.044s] Level 1:colcon.colcon_core.environment:checking '/home/ubuntu22/aivision/ros2_ws/install/moveit_calibration_gui/lib/python3.10/site-packages'
[14.044s] Level 1:colcon.colcon_core.environment:checking '/home/ubuntu22/aivision/ros2_ws/install/moveit_calibration_gui/bin'
[14.044s] INFO:colcon.colcon_core.shell:Creating package script '/home/ubuntu22/aivision/ros2_ws/install/moveit_calibration_gui/share/moveit_calibration_gui/package.ps1'
[14.045s] INFO:colcon.colcon_core.shell:Creating package descriptor '/home/ubuntu22/aivision/ros2_ws/install/moveit_calibration_gui/share/moveit_calibration_gui/package.dsv'
[14.045s] INFO:colcon.colcon_core.shell:Creating package script '/home/ubuntu22/aivision/ros2_ws/install/moveit_calibration_gui/share/moveit_calibration_gui/package.sh'
[14.046s] INFO:colcon.colcon_core.shell:Creating package script '/home/ubuntu22/aivision/ros2_ws/install/moveit_calibration_gui/share/moveit_calibration_gui/package.bash'
[14.046s] INFO:colcon.colcon_core.shell:Creating package script '/home/ubuntu22/aivision/ros2_ws/install/moveit_calibration_gui/share/moveit_calibration_gui/package.zsh'
[14.047s] Level 1:colcon.colcon_core.environment:create_file_with_runtime_dependencies(/home/ubuntu22/aivision/ros2_ws/install/moveit_calibration_gui/share/colcon-core/packages/moveit_calibration_gui)
[14.057s] DEBUG:colcon.colcon_parallel_executor.executor.parallel:closing loop
[14.057s] DEBUG:colcon.colcon_parallel_executor.executor.parallel:loop closed
[14.058s] DEBUG:colcon.colcon_parallel_executor.executor.parallel:run_until_complete finished with '2'
[14.058s] DEBUG:colcon.colcon_core.event_reactor:joining thread
[14.065s] INFO:colcon.colcon_core.plugin_system:Skipping extension 'colcon_notification.desktop_notification.terminal_notifier': Not used on non-Darwin systems
[14.065s] INFO:colcon.colcon_core.plugin_system:Skipping extension 'colcon_notification.desktop_notification.win32': Not used on non-Windows systems
[14.065s] INFO:colcon.colcon_notification.desktop_notification:Sending desktop notification using 'notify2'
[14.081s] DEBUG:colcon.colcon_core.event_reactor:joined thread
[14.082s] INFO:colcon.colcon_core.shell:Creating prefix script '/home/ubuntu22/aivision/ros2_ws/install/local_setup.ps1'
[14.084s] INFO:colcon.colcon_core.shell:Creating prefix util module '/home/ubuntu22/aivision/ros2_ws/install/_local_setup_util_ps1.py'
[14.086s] INFO:colcon.colcon_core.shell:Creating prefix chain script '/home/ubuntu22/aivision/ros2_ws/install/setup.ps1'
[14.088s] INFO:colcon.colcon_core.shell:Creating prefix script '/home/ubuntu22/aivision/ros2_ws/install/local_setup.sh'
[14.089s] INFO:colcon.colcon_core.shell:Creating prefix util module '/home/ubuntu22/aivision/ros2_ws/install/_local_setup_util_sh.py'
[14.090s] INFO:colcon.colcon_core.shell:Creating prefix chain script '/home/ubuntu22/aivision/ros2_ws/install/setup.sh'
[14.092s] INFO:colcon.colcon_core.shell:Creating prefix script '/home/ubuntu22/aivision/ros2_ws/install/local_setup.bash'
[14.093s] INFO:colcon.colcon_core.shell:Creating prefix chain script '/home/ubuntu22/aivision/ros2_ws/install/setup.bash'
[14.095s] INFO:colcon.colcon_core.shell:Creating prefix script '/home/ubuntu22/aivision/ros2_ws/install/local_setup.zsh'
[14.096s] INFO:colcon.colcon_core.shell:Creating prefix chain script '/home/ubuntu22/aivision/ros2_ws/install/setup.zsh'
