[0.012s] Invoking command in '/home/ubuntu22/aivision/ros2_ws/build/moveit_calibration_gui': AMENT_PREFIX_PATH=/home/ubuntu22/aivision/ros2_ws/install/moveit_calibration_plugins:${AMENT_PREFIX_PATH} CMAKE_PREFIX_PATH=/home/ubuntu22/aivision/ros2_ws/install/moveit_calibration_plugins:/opt/ros/humble LD_LIBRARY_PATH=/home/ubuntu22/aivision/ros2_ws/install/moveit_calibration_plugins/lib:${LD_LIBRARY_PATH} /usr/bin/cmake --build /home/ubuntu22/aivision/ros2_ws/build/moveit_calibration_gui -- -j8 -l8
[0.079s] [  8%] [34m[1mAutomatic MOC and UIC for target moveit_handeye_calibration_rviz_plugin_core[0m
[8.150s] [  8%] Built target moveit_handeye_calibration_rviz_plugin_core_autogen
[8.180s] [ 16%] [32mBuilding CXX object handeye_calibration_rviz_plugin/CMakeFiles/moveit_handeye_calibration_rviz_plugin_core.dir/moveit_handeye_calibration_rviz_plugin_core_autogen/mocs_compilation.cpp.o[0m
[8.183s] [ 25%] [32mBuilding CXX object handeye_calibration_rviz_plugin/CMakeFiles/moveit_handeye_calibration_rviz_plugin_core.dir/src/handeye_calibration_display.cpp.o[0m
[8.184s] [ 33%] [32mBuilding CXX object handeye_calibration_rviz_plugin/CMakeFiles/moveit_handeye_calibration_rviz_plugin_core.dir/src/handeye_context_widget.cpp.o[0m
[8.184s] [ 41%] [32mBuilding CXX object handeye_calibration_rviz_plugin/CMakeFiles/moveit_handeye_calibration_rviz_plugin_core.dir/src/handeye_calibration_frame.cpp.o[0m
[8.184s] [ 50%] [32mBuilding CXX object handeye_calibration_rviz_plugin/CMakeFiles/moveit_handeye_calibration_rviz_plugin_core.dir/src/handeye_control_widget.cpp.o[0m
[8.188s] [ 58%] [32mBuilding CXX object handeye_calibration_rviz_plugin/CMakeFiles/moveit_handeye_calibration_rviz_plugin_core.dir/src/handeye_target_widget.cpp.o[0m
[10.532s] In file included from [01m[K/home/ubuntu22/aivision/ros2_ws/src/moveit_calibration/moveit_calibration_gui/handeye_calibration_rviz_plugin/src/handeye_control_widget.cpp:37[m[K:
[10.532s] [01m[K/home/ubuntu22/aivision/ros2_ws/src/moveit_calibration/moveit_calibration_gui/handeye_calibration_rviz_plugin/include/moveit/handeye_calibration_rviz_plugin/handeye_control_widget.h:63:10:[m[K [01;31m[Kfatal error: [m[Kmoveit/planning_scene_monitor/planning_scene_monitor.hpp: No such file or directory
[10.532s]    63 | #include [01;31m[K<moveit/planning_scene_monitor/planning_scene_monitor.hpp>[m[K
[10.533s]       |          [01;31m[K^~~~~~~~~~~~~~~~~~~~~~~~~~~~~~~~~~~~~~~~~~~~~~~~~~~~~~~~~~[m[K
[10.533s] compilation terminated.
[10.553s] gmake[2]: *** [handeye_calibration_rviz_plugin/CMakeFiles/moveit_handeye_calibration_rviz_plugin_core.dir/build.make:132: handeye_calibration_rviz_plugin/CMakeFiles/moveit_handeye_calibration_rviz_plugin_core.dir/src/handeye_control_widget.cpp.o] Error 1
[10.553s] gmake[2]: *** Waiting for unfinished jobs....
[12.039s] In file included from [01m[K/home/ubuntu22/aivision/ros2_ws/src/moveit_calibration/moveit_calibration_gui/handeye_calibration_rviz_plugin/include/moveit/handeye_calibration_rviz_plugin/handeye_calibration_frame.h:47[m[K,
[12.039s]                  from [01m[K/home/ubuntu22/aivision/ros2_ws/src/moveit_calibration/moveit_calibration_gui/handeye_calibration_rviz_plugin/include/moveit/handeye_calibration_rviz_plugin/handeye_calibration_display.h:43[m[K,
[12.039s]                  from [01m[K/home/ubuntu22/aivision/ros2_ws/src/moveit_calibration/moveit_calibration_gui/handeye_calibration_rviz_plugin/include/moveit/handeye_calibration_rviz_plugin/handeye_target_widget.h:70[m[K,
[12.039s]                  from [01m[K/home/ubuntu22/aivision/ros2_ws/src/moveit_calibration/moveit_calibration_gui/handeye_calibration_rviz_plugin/src/handeye_target_widget.cpp:37[m[K:
[12.039s] [01m[K/home/ubuntu22/aivision/ros2_ws/src/moveit_calibration/moveit_calibration_gui/handeye_calibration_rviz_plugin/include/moveit/handeye_calibration_rviz_plugin/handeye_context_widget.h:65:10:[m[K [01;31m[Kfatal error: [m[Kmoveit/utils/rclcpp_utils.hpp: No such file or directory
[12.039s]    65 | #include [01;31m[K<moveit/utils/rclcpp_utils.hpp>[m[K
[12.039s]       |          [01;31m[K^~~~~~~~~~~~~~~~~~~~~~~~~~~~~~~[m[K
[12.040s] compilation terminated.
[12.063s] gmake[2]: *** [handeye_calibration_rviz_plugin/CMakeFiles/moveit_handeye_calibration_rviz_plugin_core.dir/build.make:146: handeye_calibration_rviz_plugin/CMakeFiles/moveit_handeye_calibration_rviz_plugin_core.dir/src/handeye_target_widget.cpp.o] Error 1
[12.811s] In file included from [01m[K/home/ubuntu22/aivision/ros2_ws/src/moveit_calibration/moveit_calibration_gui/handeye_calibration_rviz_plugin/include/moveit/handeye_calibration_rviz_plugin/handeye_calibration_frame.h:47[m[K,
[12.811s]                  from [01m[K/home/ubuntu22/aivision/ros2_ws/src/moveit_calibration/moveit_calibration_gui/handeye_calibration_rviz_plugin/include/moveit/handeye_calibration_rviz_plugin/handeye_calibration_display.h:43[m[K,
[12.812s]                  from [01m[K/home/ubuntu22/aivision/ros2_ws/src/moveit_calibration/moveit_calibration_gui/handeye_calibration_rviz_plugin/src/handeye_calibration_frame.cpp:37[m[K:
[12.812s] [01m[K/home/ubuntu22/aivision/ros2_ws/src/moveit_calibration/moveit_calibration_gui/handeye_calibration_rviz_plugin/include/moveit/handeye_calibration_rviz_plugin/handeye_context_widget.h:65:10:[m[K [01;31m[Kfatal error: [m[Kmoveit/utils/rclcpp_utils.hpp: No such file or directory
[12.812s]    65 | #include [01;31m[K<moveit/utils/rclcpp_utils.hpp>[m[K
[12.812s]       |          [01;31m[K^~~~~~~~~~~~~~~~~~~~~~~~~~~~~~~[m[K
[12.812s] compilation terminated.
[12.827s] In file included from [01m[K/home/ubuntu22/aivision/ros2_ws/src/moveit_calibration/moveit_calibration_gui/handeye_calibration_rviz_plugin/include/moveit/handeye_calibration_rviz_plugin/handeye_calibration_frame.h:47[m[K,
[12.827s]                  from [01m[K/home/ubuntu22/aivision/ros2_ws/build/moveit_calibration_gui/handeye_calibration_rviz_plugin/moveit_handeye_calibration_rviz_plugin_core_autogen/X3SZ3HJNRA/../../../../../src/moveit_calibration/moveit_calibration_gui/handeye_calibration_rviz_plugin/include/moveit/handeye_calibration_rviz_plugin/handeye_calibration_display.h:43[m[K,
[12.827s]                  from [01m[K/home/ubuntu22/aivision/ros2_ws/build/moveit_calibration_gui/handeye_calibration_rviz_plugin/moveit_handeye_calibration_rviz_plugin_core_autogen/X3SZ3HJNRA/moc_handeye_calibration_display.cpp:10[m[K,
[12.827s]                  from [01m[K/home/ubuntu22/aivision/ros2_ws/build/moveit_calibration_gui/handeye_calibration_rviz_plugin/moveit_handeye_calibration_rviz_plugin_core_autogen/mocs_compilation.cpp:2[m[K:
[12.827s] [01m[K/home/ubuntu22/aivision/ros2_ws/src/moveit_calibration/moveit_calibration_gui/handeye_calibration_rviz_plugin/include/moveit/handeye_calibration_rviz_plugin/handeye_context_widget.h:65:10:[m[K [01;31m[Kfatal error: [m[Kmoveit/utils/rclcpp_utils.hpp: No such file or directory
[12.827s]    65 | #include [01;31m[K<moveit/utils/rclcpp_utils.hpp>[m[K
[12.827s]       |          [01;31m[K^~~~~~~~~~~~~~~~~~~~~~~~~~~~~~~[m[K
[12.827s] compilation terminated.
[12.834s] gmake[2]: *** [handeye_calibration_rviz_plugin/CMakeFiles/moveit_handeye_calibration_rviz_plugin_core.dir/build.make:104: handeye_calibration_rviz_plugin/CMakeFiles/moveit_handeye_calibration_rviz_plugin_core.dir/src/handeye_calibration_frame.cpp.o] Error 1
[12.851s] gmake[2]: *** [handeye_calibration_rviz_plugin/CMakeFiles/moveit_handeye_calibration_rviz_plugin_core.dir/build.make:76: handeye_calibration_rviz_plugin/CMakeFiles/moveit_handeye_calibration_rviz_plugin_core.dir/moveit_handeye_calibration_rviz_plugin_core_autogen/mocs_compilation.cpp.o] Error 1
[12.931s] In file included from [01m[K/home/ubuntu22/aivision/ros2_ws/src/moveit_calibration/moveit_calibration_gui/handeye_calibration_rviz_plugin/include/moveit/handeye_calibration_rviz_plugin/handeye_calibration_frame.h:47[m[K,
[12.931s]                  from [01m[K/home/ubuntu22/aivision/ros2_ws/src/moveit_calibration/moveit_calibration_gui/handeye_calibration_rviz_plugin/include/moveit/handeye_calibration_rviz_plugin/handeye_calibration_display.h:43[m[K,
[12.932s]                  from [01m[K/home/ubuntu22/aivision/ros2_ws/src/moveit_calibration/moveit_calibration_gui/handeye_calibration_rviz_plugin/src/handeye_calibration_display.cpp:37[m[K:
[12.932s] [01m[K/home/ubuntu22/aivision/ros2_ws/src/moveit_calibration/moveit_calibration_gui/handeye_calibration_rviz_plugin/include/moveit/handeye_calibration_rviz_plugin/handeye_context_widget.h:65:10:[m[K [01;31m[Kfatal error: [m[Kmoveit/utils/rclcpp_utils.hpp: No such file or directory
[12.932s]    65 | #include [01;31m[K<moveit/utils/rclcpp_utils.hpp>[m[K
[12.932s]       |          [01;31m[K^~~~~~~~~~~~~~~~~~~~~~~~~~~~~~~[m[K
[12.932s] compilation terminated.
[12.947s] gmake[2]: *** [handeye_calibration_rviz_plugin/CMakeFiles/moveit_handeye_calibration_rviz_plugin_core.dir/build.make:90: handeye_calibration_rviz_plugin/CMakeFiles/moveit_handeye_calibration_rviz_plugin_core.dir/src/handeye_calibration_display.cpp.o] Error 1
[13.332s] In file included from [01m[K/home/ubuntu22/aivision/ros2_ws/src/moveit_calibration/moveit_calibration_gui/handeye_calibration_rviz_plugin/src/handeye_context_widget.cpp:37[m[K:
[13.332s] [01m[K/home/ubuntu22/aivision/ros2_ws/src/moveit_calibration/moveit_calibration_gui/handeye_calibration_rviz_plugin/include/moveit/handeye_calibration_rviz_plugin/handeye_context_widget.h:65:10:[m[K [01;31m[Kfatal error: [m[Kmoveit/utils/rclcpp_utils.hpp: No such file or directory
[13.332s]    65 | #include [01;31m[K<moveit/utils/rclcpp_utils.hpp>[m[K
[13.332s]       |          [01;31m[K^~~~~~~~~~~~~~~~~~~~~~~~~~~~~~~[m[K
[13.332s] compilation terminated.
[13.357s] gmake[2]: *** [handeye_calibration_rviz_plugin/CMakeFiles/moveit_handeye_calibration_rviz_plugin_core.dir/build.make:118: handeye_calibration_rviz_plugin/CMakeFiles/moveit_handeye_calibration_rviz_plugin_core.dir/src/handeye_context_widget.cpp.o] Error 1
[13.357s] gmake[1]: *** [CMakeFiles/Makefile2:156: handeye_calibration_rviz_plugin/CMakeFiles/moveit_handeye_calibration_rviz_plugin_core.dir/all] Error 2
[13.357s] gmake: *** [Makefile:146: all] Error 2
[13.360s] Invoked command in '/home/ubuntu22/aivision/ros2_ws/build/moveit_calibration_gui' returned '2': AMENT_PREFIX_PATH=/home/ubuntu22/aivision/ros2_ws/install/moveit_calibration_plugins:${AMENT_PREFIX_PATH} CMAKE_PREFIX_PATH=/home/ubuntu22/aivision/ros2_ws/install/moveit_calibration_plugins:/opt/ros/humble LD_LIBRARY_PATH=/home/ubuntu22/aivision/ros2_ws/install/moveit_calibration_plugins/lib:${LD_LIBRARY_PATH} /usr/bin/cmake --build /home/ubuntu22/aivision/ros2_ws/build/moveit_calibration_gui -- -j8 -l8
