[0.242s] DEBUG:colcon:Command line arguments: ['/usr/bin/colcon', 'build', '--packages-select', 'moveit_calibration_gui']
[0.243s] DEBUG:colcon:Parsed command line arguments: Namespace(log_base=None, log_level=None, verb_name='build', build_base='build', install_base='install', merge_install=False, symlink_install=False, test_result_base=None, continue_on_error=False, executor='parallel', parallel_workers=8, event_handlers=None, ignore_user_meta=False, metas=['./colcon.meta'], base_paths=['.'], packages_ignore=None, packages_ignore_regex=None, paths=None, packages_up_to=None, packages_up_to_regex=None, packages_above=None, packages_above_and_dependencies=None, packages_above_depth=None, packages_select_by_dep=None, packages_skip_by_dep=None, packages_skip_up_to=None, packages_select_build_failed=False, packages_skip_build_finished=False, packages_select_test_failures=False, packages_skip_test_passed=False, packages_select=['moveit_calibration_gui'], packages_skip=None, packages_select_regex=None, packages_skip_regex=None, packages_start=None, packages_end=None, allow_overriding=[], cmake_args=None, cmake_target=None, cmake_target_skip_unavailable=False, cmake_clean_cache=False, cmake_clean_first=False, cmake_force_configure=False, ament_cmake_args=None, catkin_cmake_args=None, catkin_skip_building_tests=False, verb_parser=<colcon_defaults.argument_parser.defaults.DefaultArgumentsDecorator object at 0x7a0d8e129510>, verb_extension=<colcon_core.verb.build.BuildVerb object at 0x7a0d8e128fd0>, main=<bound method BuildVerb.main of <colcon_core.verb.build.BuildVerb object at 0x7a0d8e128fd0>>)
[0.672s] Level 1:colcon.colcon_core.package_discovery:discover_packages(colcon_meta) check parameters
[0.672s] Level 1:colcon.colcon_core.package_discovery:discover_packages(recursive) check parameters
[0.672s] Level 1:colcon.colcon_core.package_discovery:discover_packages(ignore) check parameters
[0.672s] Level 1:colcon.colcon_core.package_discovery:discover_packages(path) check parameters
[0.672s] Level 1:colcon.colcon_core.package_discovery:discover_packages(colcon_meta) discover
[0.672s] Level 1:colcon.colcon_core.package_discovery:discover_packages(recursive) discover
[0.672s] INFO:colcon.colcon_core.package_discovery:Crawling recursively for packages in '/home/ubuntu22/aivision/ros2_ws'
[0.672s] Level 1:colcon.colcon_core.package_identification:_identify(.) by extensions ['ignore', 'ignore_ament_install']
[0.673s] Level 1:colcon.colcon_core.package_identification:_identify(.) by extension 'ignore'
[0.673s] Level 1:colcon.colcon_core.package_identification:_identify(.) by extension 'ignore_ament_install'
[0.673s] Level 1:colcon.colcon_core.package_identification:_identify(.) by extensions ['colcon_pkg']
[0.673s] Level 1:colcon.colcon_core.package_identification:_identify(.) by extension 'colcon_pkg'
[0.673s] Level 1:colcon.colcon_core.package_identification:_identify(.) by extensions ['colcon_meta']
[0.673s] Level 1:colcon.colcon_core.package_identification:_identify(.) by extension 'colcon_meta'
[0.673s] Level 1:colcon.colcon_core.package_identification:_identify(.) by extensions ['ros']
[0.673s] Level 1:colcon.colcon_core.package_identification:_identify(.) by extension 'ros'
[0.695s] Level 1:colcon.colcon_core.package_identification:_identify(.) by extensions ['cmake', 'python']
[0.695s] Level 1:colcon.colcon_core.package_identification:_identify(.) by extension 'cmake'
[0.695s] Level 1:colcon.colcon_core.package_identification:_identify(.) by extension 'python'
[0.696s] Level 1:colcon.colcon_core.package_identification:_identify(.) by extensions ['python_setup_py']
[0.696s] Level 1:colcon.colcon_core.package_identification:_identify(.) by extension 'python_setup_py'
[0.696s] Level 1:colcon.colcon_core.package_identification:_identify(build) by extensions ['ignore', 'ignore_ament_install']
[0.696s] Level 1:colcon.colcon_core.package_identification:_identify(build) by extension 'ignore'
[0.696s] Level 1:colcon.colcon_core.package_identification:_identify(build) ignored
[0.697s] Level 1:colcon.colcon_core.package_identification:_identify(install) by extensions ['ignore', 'ignore_ament_install']
[0.697s] Level 1:colcon.colcon_core.package_identification:_identify(install) by extension 'ignore'
[0.697s] Level 1:colcon.colcon_core.package_identification:_identify(install) ignored
[0.697s] Level 1:colcon.colcon_core.package_identification:_identify(log) by extensions ['ignore', 'ignore_ament_install']
[0.697s] Level 1:colcon.colcon_core.package_identification:_identify(log) by extension 'ignore'
[0.697s] Level 1:colcon.colcon_core.package_identification:_identify(log) ignored
[0.698s] Level 1:colcon.colcon_core.package_identification:_identify(src) by extensions ['ignore', 'ignore_ament_install']
[0.698s] Level 1:colcon.colcon_core.package_identification:_identify(src) by extension 'ignore'
[0.698s] Level 1:colcon.colcon_core.package_identification:_identify(src) by extension 'ignore_ament_install'
[0.698s] Level 1:colcon.colcon_core.package_identification:_identify(src) by extensions ['colcon_pkg']
[0.698s] Level 1:colcon.colcon_core.package_identification:_identify(src) by extension 'colcon_pkg'
[0.698s] Level 1:colcon.colcon_core.package_identification:_identify(src) by extensions ['colcon_meta']
[0.698s] Level 1:colcon.colcon_core.package_identification:_identify(src) by extension 'colcon_meta'
[0.698s] Level 1:colcon.colcon_core.package_identification:_identify(src) by extensions ['ros']
[0.698s] Level 1:colcon.colcon_core.package_identification:_identify(src) by extension 'ros'
[0.698s] Level 1:colcon.colcon_core.package_identification:_identify(src) by extensions ['cmake', 'python']
[0.698s] Level 1:colcon.colcon_core.package_identification:_identify(src) by extension 'cmake'
[0.699s] Level 1:colcon.colcon_core.package_identification:_identify(src) by extension 'python'
[0.699s] Level 1:colcon.colcon_core.package_identification:_identify(src) by extensions ['python_setup_py']
[0.699s] Level 1:colcon.colcon_core.package_identification:_identify(src) by extension 'python_setup_py'
[0.699s] Level 1:colcon.colcon_core.package_identification:_identify(src/moveit_calibration) by extensions ['ignore', 'ignore_ament_install']
[0.699s] Level 1:colcon.colcon_core.package_identification:_identify(src/moveit_calibration) by extension 'ignore'
[0.699s] Level 1:colcon.colcon_core.package_identification:_identify(src/moveit_calibration) by extension 'ignore_ament_install'
[0.699s] Level 1:colcon.colcon_core.package_identification:_identify(src/moveit_calibration) by extensions ['colcon_pkg']
[0.699s] Level 1:colcon.colcon_core.package_identification:_identify(src/moveit_calibration) by extension 'colcon_pkg'
[0.699s] Level 1:colcon.colcon_core.package_identification:_identify(src/moveit_calibration) by extensions ['colcon_meta']
[0.699s] Level 1:colcon.colcon_core.package_identification:_identify(src/moveit_calibration) by extension 'colcon_meta'
[0.699s] Level 1:colcon.colcon_core.package_identification:_identify(src/moveit_calibration) by extensions ['ros']
[0.699s] Level 1:colcon.colcon_core.package_identification:_identify(src/moveit_calibration) by extension 'ros'
[0.700s] Level 1:colcon.colcon_core.package_identification:_identify(src/moveit_calibration) by extensions ['cmake', 'python']
[0.700s] Level 1:colcon.colcon_core.package_identification:_identify(src/moveit_calibration) by extension 'cmake'
[0.700s] Level 1:colcon.colcon_core.package_identification:_identify(src/moveit_calibration) by extension 'python'
[0.700s] Level 1:colcon.colcon_core.package_identification:_identify(src/moveit_calibration) by extensions ['python_setup_py']
[0.700s] Level 1:colcon.colcon_core.package_identification:_identify(src/moveit_calibration) by extension 'python_setup_py'
[0.700s] Level 1:colcon.colcon_core.package_identification:_identify(src/moveit_calibration/moveit_calibration_gui) by extensions ['ignore', 'ignore_ament_install']
[0.700s] Level 1:colcon.colcon_core.package_identification:_identify(src/moveit_calibration/moveit_calibration_gui) by extension 'ignore'
[0.700s] Level 1:colcon.colcon_core.package_identification:_identify(src/moveit_calibration/moveit_calibration_gui) by extension 'ignore_ament_install'
[0.700s] Level 1:colcon.colcon_core.package_identification:_identify(src/moveit_calibration/moveit_calibration_gui) by extensions ['colcon_pkg']
[0.700s] Level 1:colcon.colcon_core.package_identification:_identify(src/moveit_calibration/moveit_calibration_gui) by extension 'colcon_pkg'
[0.700s] Level 1:colcon.colcon_core.package_identification:_identify(src/moveit_calibration/moveit_calibration_gui) by extensions ['colcon_meta']
[0.700s] Level 1:colcon.colcon_core.package_identification:_identify(src/moveit_calibration/moveit_calibration_gui) by extension 'colcon_meta'
[0.700s] Level 1:colcon.colcon_core.package_identification:_identify(src/moveit_calibration/moveit_calibration_gui) by extensions ['ros']
[0.701s] Level 1:colcon.colcon_core.package_identification:_identify(src/moveit_calibration/moveit_calibration_gui) by extension 'ros'
[0.708s] DEBUG:colcon.colcon_core.package_identification:Package 'src/moveit_calibration/moveit_calibration_gui' with type 'ros.ament_cmake' and name 'moveit_calibration_gui'
[0.709s] Level 1:colcon.colcon_core.package_identification:_identify(src/moveit_calibration/moveit_calibration_plugins) by extensions ['ignore', 'ignore_ament_install']
[0.709s] Level 1:colcon.colcon_core.package_identification:_identify(src/moveit_calibration/moveit_calibration_plugins) by extension 'ignore'
[0.709s] Level 1:colcon.colcon_core.package_identification:_identify(src/moveit_calibration/moveit_calibration_plugins) by extension 'ignore_ament_install'
[0.709s] Level 1:colcon.colcon_core.package_identification:_identify(src/moveit_calibration/moveit_calibration_plugins) by extensions ['colcon_pkg']
[0.709s] Level 1:colcon.colcon_core.package_identification:_identify(src/moveit_calibration/moveit_calibration_plugins) by extension 'colcon_pkg'
[0.709s] Level 1:colcon.colcon_core.package_identification:_identify(src/moveit_calibration/moveit_calibration_plugins) by extensions ['colcon_meta']
[0.709s] Level 1:colcon.colcon_core.package_identification:_identify(src/moveit_calibration/moveit_calibration_plugins) by extension 'colcon_meta'
[0.709s] Level 1:colcon.colcon_core.package_identification:_identify(src/moveit_calibration/moveit_calibration_plugins) by extensions ['ros']
[0.709s] Level 1:colcon.colcon_core.package_identification:_identify(src/moveit_calibration/moveit_calibration_plugins) by extension 'ros'
[0.711s] DEBUG:colcon.colcon_core.package_identification:Package 'src/moveit_calibration/moveit_calibration_plugins' with type 'ros.ament_cmake' and name 'moveit_calibration_plugins'
[0.711s] Level 1:colcon.colcon_core.package_discovery:discover_packages(recursive) using defaults
[0.711s] Level 1:colcon.colcon_core.package_discovery:discover_packages(ignore) discover
[0.711s] Level 1:colcon.colcon_core.package_discovery:discover_packages(ignore) using defaults
[0.711s] Level 1:colcon.colcon_core.package_discovery:discover_packages(path) discover
[0.711s] Level 1:colcon.colcon_core.package_discovery:discover_packages(path) using defaults
[0.757s] INFO:colcon.colcon_core.package_selection:Skipping not selected package 'moveit_calibration_plugins' in 'src/moveit_calibration/moveit_calibration_plugins'
[0.758s] Level 1:colcon.colcon_core.package_discovery:discover_packages(prefix_path) check parameters
[0.758s] Level 1:colcon.colcon_core.package_discovery:discover_packages(prefix_path) discover
[0.764s] DEBUG:colcon.colcon_installed_package_information.package_discovery:Found 397 installed packages in /opt/ros/humble
[0.766s] Level 1:colcon.colcon_core.package_discovery:discover_packages(prefix_path) using defaults
[0.855s] Level 5:colcon.colcon_core.verb:set package 'moveit_calibration_gui' build argument 'cmake_args' from command line to 'None'
[0.855s] Level 5:colcon.colcon_core.verb:set package 'moveit_calibration_gui' build argument 'cmake_target' from command line to 'None'
[0.855s] Level 5:colcon.colcon_core.verb:set package 'moveit_calibration_gui' build argument 'cmake_target_skip_unavailable' from command line to 'False'
[0.855s] Level 5:colcon.colcon_core.verb:set package 'moveit_calibration_gui' build argument 'cmake_clean_cache' from command line to 'False'
[0.855s] Level 5:colcon.colcon_core.verb:set package 'moveit_calibration_gui' build argument 'cmake_clean_first' from command line to 'False'
[0.855s] Level 5:colcon.colcon_core.verb:set package 'moveit_calibration_gui' build argument 'cmake_force_configure' from command line to 'False'
[0.855s] Level 5:colcon.colcon_core.verb:set package 'moveit_calibration_gui' build argument 'ament_cmake_args' from command line to 'None'
[0.855s] Level 5:colcon.colcon_core.verb:set package 'moveit_calibration_gui' build argument 'catkin_cmake_args' from command line to 'None'
[0.855s] Level 5:colcon.colcon_core.verb:set package 'moveit_calibration_gui' build argument 'catkin_skip_building_tests' from command line to 'False'
[0.855s] DEBUG:colcon.colcon_core.verb:Building package 'moveit_calibration_gui' with the following arguments: {'ament_cmake_args': None, 'build_base': '/home/ubuntu22/aivision/ros2_ws/build/moveit_calibration_gui', 'catkin_cmake_args': None, 'catkin_skip_building_tests': False, 'cmake_args': None, 'cmake_clean_cache': False, 'cmake_clean_first': False, 'cmake_force_configure': False, 'cmake_target': None, 'cmake_target_skip_unavailable': False, 'install_base': '/home/ubuntu22/aivision/ros2_ws/install/moveit_calibration_gui', 'merge_install': False, 'path': '/home/ubuntu22/aivision/ros2_ws/src/moveit_calibration/moveit_calibration_gui', 'symlink_install': False, 'test_result_base': None}
[0.856s] INFO:colcon.colcon_core.executor:Executing jobs using 'parallel' executor
[0.858s] DEBUG:colcon.colcon_parallel_executor.executor.parallel:run_until_complete
[0.858s] INFO:colcon.colcon_ros.task.ament_cmake.build:Building ROS package in '/home/ubuntu22/aivision/ros2_ws/src/moveit_calibration/moveit_calibration_gui' with build type 'ament_cmake'
[0.858s] INFO:colcon.colcon_cmake.task.cmake.build:Building CMake package in '/home/ubuntu22/aivision/ros2_ws/src/moveit_calibration/moveit_calibration_gui'
[0.866s] INFO:colcon.colcon_core.plugin_system:Skipping extension 'colcon_core.shell.bat': Not used on non-Windows systems
[0.867s] INFO:colcon.colcon_core.shell:Skip shell extension 'powershell' for command environment: Not usable outside of PowerShell
[0.867s] DEBUG:colcon.colcon_core.shell:Skip shell extension 'dsv' for command environment
[0.892s] DEBUG:colcon.colcon_core.event_handler.log_command:Invoking command in '/home/ubuntu22/aivision/ros2_ws/build/moveit_calibration_gui': AMENT_PREFIX_PATH=/home/ubuntu22/aivision/ros2_ws/install/moveit_calibration_plugins:${AMENT_PREFIX_PATH} CMAKE_PREFIX_PATH=/home/ubuntu22/aivision/ros2_ws/install/moveit_calibration_plugins:/opt/ros/humble LD_LIBRARY_PATH=/home/ubuntu22/aivision/ros2_ws/install/moveit_calibration_plugins/lib:${LD_LIBRARY_PATH} /usr/bin/cmake /home/ubuntu22/aivision/ros2_ws/src/moveit_calibration/moveit_calibration_gui -DCMAKE_INSTALL_PREFIX=/home/ubuntu22/aivision/ros2_ws/install/moveit_calibration_gui
[4.063s] DEBUG:colcon.colcon_core.event_handler.log_command:Invoked command in '/home/ubuntu22/aivision/ros2_ws/build/moveit_calibration_gui' returned '0': AMENT_PREFIX_PATH=/home/ubuntu22/aivision/ros2_ws/install/moveit_calibration_plugins:${AMENT_PREFIX_PATH} CMAKE_PREFIX_PATH=/home/ubuntu22/aivision/ros2_ws/install/moveit_calibration_plugins:/opt/ros/humble LD_LIBRARY_PATH=/home/ubuntu22/aivision/ros2_ws/install/moveit_calibration_plugins/lib:${LD_LIBRARY_PATH} /usr/bin/cmake /home/ubuntu22/aivision/ros2_ws/src/moveit_calibration/moveit_calibration_gui -DCMAKE_INSTALL_PREFIX=/home/ubuntu22/aivision/ros2_ws/install/moveit_calibration_gui
[4.070s] DEBUG:colcon.colcon_core.event_handler.log_command:Invoking command in '/home/ubuntu22/aivision/ros2_ws/build/moveit_calibration_gui': AMENT_PREFIX_PATH=/home/ubuntu22/aivision/ros2_ws/install/moveit_calibration_plugins:${AMENT_PREFIX_PATH} CMAKE_PREFIX_PATH=/home/ubuntu22/aivision/ros2_ws/install/moveit_calibration_plugins:/opt/ros/humble LD_LIBRARY_PATH=/home/ubuntu22/aivision/ros2_ws/install/moveit_calibration_plugins/lib:${LD_LIBRARY_PATH} /usr/bin/cmake --build /home/ubuntu22/aivision/ros2_ws/build/moveit_calibration_gui -- -j8 -l8
[52.504s] DEBUG:colcon.colcon_core.event_handler.log_command:Invoked command in '/home/ubuntu22/aivision/ros2_ws/build/moveit_calibration_gui' returned '0': AMENT_PREFIX_PATH=/home/ubuntu22/aivision/ros2_ws/install/moveit_calibration_plugins:${AMENT_PREFIX_PATH} CMAKE_PREFIX_PATH=/home/ubuntu22/aivision/ros2_ws/install/moveit_calibration_plugins:/opt/ros/humble LD_LIBRARY_PATH=/home/ubuntu22/aivision/ros2_ws/install/moveit_calibration_plugins/lib:${LD_LIBRARY_PATH} /usr/bin/cmake --build /home/ubuntu22/aivision/ros2_ws/build/moveit_calibration_gui -- -j8 -l8
[52.516s] DEBUG:colcon.colcon_core.event_handler.log_command:Invoking command in '/home/ubuntu22/aivision/ros2_ws/build/moveit_calibration_gui': AMENT_PREFIX_PATH=/home/ubuntu22/aivision/ros2_ws/install/moveit_calibration_plugins:${AMENT_PREFIX_PATH} CMAKE_PREFIX_PATH=/home/ubuntu22/aivision/ros2_ws/install/moveit_calibration_plugins:/opt/ros/humble LD_LIBRARY_PATH=/home/ubuntu22/aivision/ros2_ws/install/moveit_calibration_plugins/lib:${LD_LIBRARY_PATH} /usr/bin/cmake --install /home/ubuntu22/aivision/ros2_ws/build/moveit_calibration_gui
[52.536s] Level 1:colcon.colcon_core.environment:create_environment_scripts_only(moveit_calibration_gui)
[52.537s] DEBUG:colcon.colcon_core.event_handler.log_command:Invoked command in '/home/ubuntu22/aivision/ros2_ws/build/moveit_calibration_gui' returned '0': AMENT_PREFIX_PATH=/home/ubuntu22/aivision/ros2_ws/install/moveit_calibration_plugins:${AMENT_PREFIX_PATH} CMAKE_PREFIX_PATH=/home/ubuntu22/aivision/ros2_ws/install/moveit_calibration_plugins:/opt/ros/humble LD_LIBRARY_PATH=/home/ubuntu22/aivision/ros2_ws/install/moveit_calibration_plugins/lib:${LD_LIBRARY_PATH} /usr/bin/cmake --install /home/ubuntu22/aivision/ros2_ws/build/moveit_calibration_gui
[52.540s] Level 1:colcon.colcon_core.environment:checking '/home/ubuntu22/aivision/ros2_ws/install/moveit_calibration_gui' for CMake module files
[52.540s] Level 1:colcon.colcon_core.environment:checking '/home/ubuntu22/aivision/ros2_ws/install/moveit_calibration_gui' for CMake config files
[52.541s] Level 1:colcon.colcon_core.shell:create_environment_hook('moveit_calibration_gui', 'cmake_prefix_path')
[52.541s] INFO:colcon.colcon_core.shell:Creating environment hook '/home/ubuntu22/aivision/ros2_ws/install/moveit_calibration_gui/share/moveit_calibration_gui/hook/cmake_prefix_path.ps1'
[52.542s] INFO:colcon.colcon_core.shell:Creating environment descriptor '/home/ubuntu22/aivision/ros2_ws/install/moveit_calibration_gui/share/moveit_calibration_gui/hook/cmake_prefix_path.dsv'
[52.542s] INFO:colcon.colcon_core.shell:Creating environment hook '/home/ubuntu22/aivision/ros2_ws/install/moveit_calibration_gui/share/moveit_calibration_gui/hook/cmake_prefix_path.sh'
[52.543s] Level 1:colcon.colcon_core.environment:checking '/home/ubuntu22/aivision/ros2_ws/install/moveit_calibration_gui/lib'
[52.543s] Level 1:colcon.colcon_core.shell:create_environment_hook('moveit_calibration_gui', 'ld_library_path_lib')
[52.543s] INFO:colcon.colcon_core.shell:Creating environment hook '/home/ubuntu22/aivision/ros2_ws/install/moveit_calibration_gui/share/moveit_calibration_gui/hook/ld_library_path_lib.ps1'
[52.544s] INFO:colcon.colcon_core.shell:Creating environment descriptor '/home/ubuntu22/aivision/ros2_ws/install/moveit_calibration_gui/share/moveit_calibration_gui/hook/ld_library_path_lib.dsv'
[52.544s] INFO:colcon.colcon_core.shell:Creating environment hook '/home/ubuntu22/aivision/ros2_ws/install/moveit_calibration_gui/share/moveit_calibration_gui/hook/ld_library_path_lib.sh'
[52.545s] Level 1:colcon.colcon_core.environment:checking '/home/ubuntu22/aivision/ros2_ws/install/moveit_calibration_gui/bin'
[52.545s] Level 1:colcon.colcon_core.environment:checking '/home/ubuntu22/aivision/ros2_ws/install/moveit_calibration_gui/lib/pkgconfig/moveit_calibration_gui.pc'
[52.545s] Level 1:colcon.colcon_core.environment:checking '/home/ubuntu22/aivision/ros2_ws/install/moveit_calibration_gui/lib/python3.10/site-packages'
[52.545s] Level 1:colcon.colcon_core.environment:checking '/home/ubuntu22/aivision/ros2_ws/install/moveit_calibration_gui/bin'
[52.546s] INFO:colcon.colcon_core.shell:Creating package script '/home/ubuntu22/aivision/ros2_ws/install/moveit_calibration_gui/share/moveit_calibration_gui/package.ps1'
[52.547s] INFO:colcon.colcon_core.shell:Creating package descriptor '/home/ubuntu22/aivision/ros2_ws/install/moveit_calibration_gui/share/moveit_calibration_gui/package.dsv'
[52.547s] INFO:colcon.colcon_core.shell:Creating package script '/home/ubuntu22/aivision/ros2_ws/install/moveit_calibration_gui/share/moveit_calibration_gui/package.sh'
[52.548s] INFO:colcon.colcon_core.shell:Creating package script '/home/ubuntu22/aivision/ros2_ws/install/moveit_calibration_gui/share/moveit_calibration_gui/package.bash'
[52.549s] INFO:colcon.colcon_core.shell:Creating package script '/home/ubuntu22/aivision/ros2_ws/install/moveit_calibration_gui/share/moveit_calibration_gui/package.zsh'
[52.549s] Level 1:colcon.colcon_core.environment:create_file_with_runtime_dependencies(/home/ubuntu22/aivision/ros2_ws/install/moveit_calibration_gui/share/colcon-core/packages/moveit_calibration_gui)
[52.550s] Level 1:colcon.colcon_core.environment:create_environment_scripts_only(moveit_calibration_gui)
[52.550s] Level 1:colcon.colcon_core.environment:checking '/home/ubuntu22/aivision/ros2_ws/install/moveit_calibration_gui' for CMake module files
[52.551s] Level 1:colcon.colcon_core.environment:checking '/home/ubuntu22/aivision/ros2_ws/install/moveit_calibration_gui' for CMake config files
[52.551s] Level 1:colcon.colcon_core.shell:create_environment_hook('moveit_calibration_gui', 'cmake_prefix_path')
[52.552s] INFO:colcon.colcon_core.shell:Creating environment hook '/home/ubuntu22/aivision/ros2_ws/install/moveit_calibration_gui/share/moveit_calibration_gui/hook/cmake_prefix_path.ps1'
[52.552s] INFO:colcon.colcon_core.shell:Creating environment descriptor '/home/ubuntu22/aivision/ros2_ws/install/moveit_calibration_gui/share/moveit_calibration_gui/hook/cmake_prefix_path.dsv'
[52.553s] INFO:colcon.colcon_core.shell:Creating environment hook '/home/ubuntu22/aivision/ros2_ws/install/moveit_calibration_gui/share/moveit_calibration_gui/hook/cmake_prefix_path.sh'
[52.553s] Level 1:colcon.colcon_core.environment:checking '/home/ubuntu22/aivision/ros2_ws/install/moveit_calibration_gui/lib'
[52.553s] Level 1:colcon.colcon_core.shell:create_environment_hook('moveit_calibration_gui', 'ld_library_path_lib')
[52.554s] INFO:colcon.colcon_core.shell:Creating environment hook '/home/ubuntu22/aivision/ros2_ws/install/moveit_calibration_gui/share/moveit_calibration_gui/hook/ld_library_path_lib.ps1'
[52.554s] INFO:colcon.colcon_core.shell:Creating environment descriptor '/home/ubuntu22/aivision/ros2_ws/install/moveit_calibration_gui/share/moveit_calibration_gui/hook/ld_library_path_lib.dsv'
[52.554s] INFO:colcon.colcon_core.shell:Creating environment hook '/home/ubuntu22/aivision/ros2_ws/install/moveit_calibration_gui/share/moveit_calibration_gui/hook/ld_library_path_lib.sh'
[52.555s] Level 1:colcon.colcon_core.environment:checking '/home/ubuntu22/aivision/ros2_ws/install/moveit_calibration_gui/bin'
[52.555s] Level 1:colcon.colcon_core.environment:checking '/home/ubuntu22/aivision/ros2_ws/install/moveit_calibration_gui/lib/pkgconfig/moveit_calibration_gui.pc'
[52.555s] Level 1:colcon.colcon_core.environment:checking '/home/ubuntu22/aivision/ros2_ws/install/moveit_calibration_gui/lib/python3.10/site-packages'
[52.556s] Level 1:colcon.colcon_core.environment:checking '/home/ubuntu22/aivision/ros2_ws/install/moveit_calibration_gui/bin'
[52.556s] INFO:colcon.colcon_core.shell:Creating package script '/home/ubuntu22/aivision/ros2_ws/install/moveit_calibration_gui/share/moveit_calibration_gui/package.ps1'
[52.557s] INFO:colcon.colcon_core.shell:Creating package descriptor '/home/ubuntu22/aivision/ros2_ws/install/moveit_calibration_gui/share/moveit_calibration_gui/package.dsv'
[52.558s] INFO:colcon.colcon_core.shell:Creating package script '/home/ubuntu22/aivision/ros2_ws/install/moveit_calibration_gui/share/moveit_calibration_gui/package.sh'
[52.558s] INFO:colcon.colcon_core.shell:Creating package script '/home/ubuntu22/aivision/ros2_ws/install/moveit_calibration_gui/share/moveit_calibration_gui/package.bash'
[52.559s] INFO:colcon.colcon_core.shell:Creating package script '/home/ubuntu22/aivision/ros2_ws/install/moveit_calibration_gui/share/moveit_calibration_gui/package.zsh'
[52.560s] Level 1:colcon.colcon_core.environment:create_file_with_runtime_dependencies(/home/ubuntu22/aivision/ros2_ws/install/moveit_calibration_gui/share/colcon-core/packages/moveit_calibration_gui)
[52.560s] DEBUG:colcon.colcon_parallel_executor.executor.parallel:closing loop
[52.560s] DEBUG:colcon.colcon_parallel_executor.executor.parallel:loop closed
[52.561s] DEBUG:colcon.colcon_parallel_executor.executor.parallel:run_until_complete finished with '0'
[52.561s] DEBUG:colcon.colcon_core.event_reactor:joining thread
[52.568s] INFO:colcon.colcon_core.plugin_system:Skipping extension 'colcon_notification.desktop_notification.terminal_notifier': Not used on non-Darwin systems
[52.568s] INFO:colcon.colcon_core.plugin_system:Skipping extension 'colcon_notification.desktop_notification.win32': Not used on non-Windows systems
[52.568s] INFO:colcon.colcon_notification.desktop_notification:Sending desktop notification using 'notify2'
[52.583s] DEBUG:colcon.colcon_core.event_reactor:joined thread
[52.584s] INFO:colcon.colcon_core.shell:Creating prefix script '/home/ubuntu22/aivision/ros2_ws/install/local_setup.ps1'
[52.585s] INFO:colcon.colcon_core.shell:Creating prefix util module '/home/ubuntu22/aivision/ros2_ws/install/_local_setup_util_ps1.py'
[52.587s] INFO:colcon.colcon_core.shell:Creating prefix chain script '/home/ubuntu22/aivision/ros2_ws/install/setup.ps1'
[52.588s] INFO:colcon.colcon_core.shell:Creating prefix script '/home/ubuntu22/aivision/ros2_ws/install/local_setup.sh'
[52.589s] INFO:colcon.colcon_core.shell:Creating prefix util module '/home/ubuntu22/aivision/ros2_ws/install/_local_setup_util_sh.py'
[52.590s] INFO:colcon.colcon_core.shell:Creating prefix chain script '/home/ubuntu22/aivision/ros2_ws/install/setup.sh'
[52.591s] INFO:colcon.colcon_core.shell:Creating prefix script '/home/ubuntu22/aivision/ros2_ws/install/local_setup.bash'
[52.592s] INFO:colcon.colcon_core.shell:Creating prefix chain script '/home/ubuntu22/aivision/ros2_ws/install/setup.bash'
[52.593s] INFO:colcon.colcon_core.shell:Creating prefix script '/home/ubuntu22/aivision/ros2_ws/install/local_setup.zsh'
[52.593s] INFO:colcon.colcon_core.shell:Creating prefix chain script '/home/ubuntu22/aivision/ros2_ws/install/setup.zsh'
