[0.014s] Invoking command in '/home/ubuntu22/aivision/ros2_ws/build/moveit_calibration_plugins': CMAKE_PREFIX_PATH=/opt/ros/humble /usr/bin/cmake --build /home/ubuntu22/aivision/ros2_ws/build/moveit_calibration_plugins -- -j8 -l8
[0.062s] [35m[1mConsolidate compiler generated dependencies of target gtest_main[0m
[0.062s] [35m[1mConsolidate compiler generated dependencies of target gtest[0m
[0.063s] [35m[1mConsolidate compiler generated dependencies of target moveit_handeye_calibration_solver_core[0m
[0.071s] [35m[1mConsolidate compiler generated dependencies of target moveit_handeye_calibration_target_core[0m
[0.081s] [ 10%] Built target gtest_main
[0.082s] [ 21%] Built target gtest
[0.099s] [ 31%] Built target moveit_handeye_calibration_solver_core
[0.115s] [ 47%] Built target moveit_handeye_calibration_target_core
[0.117s] [35m[1mConsolidate compiler generated dependencies of target moveit_handeye_calibration_solver[0m
[0.129s] [35m[1mConsolidate compiler generated dependencies of target moveit_handeye_calibration_target[0m
[0.147s] [ 57%] Built target moveit_handeye_calibration_solver
[0.158s] [ 68%] Built target moveit_handeye_calibration_target
[0.159s] [35m[1mConsolidate compiler generated dependencies of target test_handeye_solver[0m
[0.171s] [35m[1mConsolidate compiler generated dependencies of target test_handeye_target_aruco[0m
[0.176s] [35m[1mConsolidate compiler generated dependencies of target test_handeye_target_charuco[0m
[0.187s] [ 78%] Built target test_handeye_solver
[0.202s] [ 89%] Built target test_handeye_target_aruco
[0.211s] [100%] Built target test_handeye_target_charuco
[0.225s] Invoked command in '/home/ubuntu22/aivision/ros2_ws/build/moveit_calibration_plugins' returned '0': CMAKE_PREFIX_PATH=/opt/ros/humble /usr/bin/cmake --build /home/ubuntu22/aivision/ros2_ws/build/moveit_calibration_plugins -- -j8 -l8
[0.237s] Invoking command in '/home/ubuntu22/aivision/ros2_ws/build/moveit_calibration_plugins': CMAKE_PREFIX_PATH=/opt/ros/humble /usr/bin/cmake --install /home/ubuntu22/aivision/ros2_ws/build/moveit_calibration_plugins
[0.246s] -- Install configuration: "Release"
[0.246s] -- Up-to-date: /home/ubuntu22/aivision/ros2_ws/install/moveit_calibration_plugins/share/moveit_calibration_plugins/handeye_calibration_target_plugin_description.xml
[0.247s] -- Up-to-date: /home/ubuntu22/aivision/ros2_ws/install/moveit_calibration_plugins/share/moveit_calibration_plugins/handeye_calibration_solver_plugin_description.xml
[0.247s] -- Up-to-date: /home/ubuntu22/aivision/ros2_ws/install/moveit_calibration_plugins/share/moveit_calibration_plugins/environment/library_path.sh
[0.247s] -- Up-to-date: /home/ubuntu22/aivision/ros2_ws/install/moveit_calibration_plugins/share/moveit_calibration_plugins/environment/library_path.dsv
[0.247s] -- Up-to-date: /home/ubuntu22/aivision/ros2_ws/install/moveit_calibration_plugins/share/ament_index/resource_index/package_run_dependencies/moveit_calibration_plugins
[0.247s] -- Up-to-date: /home/ubuntu22/aivision/ros2_ws/install/moveit_calibration_plugins/share/ament_index/resource_index/parent_prefix_path/moveit_calibration_plugins
[0.247s] -- Up-to-date: /home/ubuntu22/aivision/ros2_ws/install/moveit_calibration_plugins/share/moveit_calibration_plugins/environment/ament_prefix_path.sh
[0.247s] -- Up-to-date: /home/ubuntu22/aivision/ros2_ws/install/moveit_calibration_plugins/share/moveit_calibration_plugins/environment/ament_prefix_path.dsv
[0.248s] -- Up-to-date: /home/ubuntu22/aivision/ros2_ws/install/moveit_calibration_plugins/share/moveit_calibration_plugins/environment/path.sh
[0.248s] -- Up-to-date: /home/ubuntu22/aivision/ros2_ws/install/moveit_calibration_plugins/share/moveit_calibration_plugins/environment/path.dsv
[0.248s] -- Up-to-date: /home/ubuntu22/aivision/ros2_ws/install/moveit_calibration_plugins/share/moveit_calibration_plugins/local_setup.bash
[0.248s] -- Up-to-date: /home/ubuntu22/aivision/ros2_ws/install/moveit_calibration_plugins/share/moveit_calibration_plugins/local_setup.sh
[0.248s] -- Up-to-date: /home/ubuntu22/aivision/ros2_ws/install/moveit_calibration_plugins/share/moveit_calibration_plugins/local_setup.zsh
[0.248s] -- Up-to-date: /home/ubuntu22/aivision/ros2_ws/install/moveit_calibration_plugins/share/moveit_calibration_plugins/local_setup.dsv
[0.249s] -- Installing: /home/ubuntu22/aivision/ros2_ws/install/moveit_calibration_plugins/share/moveit_calibration_plugins/package.dsv
[0.249s] -- Up-to-date: /home/ubuntu22/aivision/ros2_ws/install/moveit_calibration_plugins/share/ament_index/resource_index/packages/moveit_calibration_plugins
[0.249s] -- Up-to-date: /home/ubuntu22/aivision/ros2_ws/install/moveit_calibration_plugins/share/ament_index/resource_index/moveit_calibration_plugins__pluginlib__plugin/moveit_calibration_plugins
[0.249s] -- Up-to-date: /home/ubuntu22/aivision/ros2_ws/install/moveit_calibration_plugins/share/moveit_calibration_plugins/cmake/export_moveit_calibration_pluginsExport.cmake
[0.249s] -- Up-to-date: /home/ubuntu22/aivision/ros2_ws/install/moveit_calibration_plugins/share/moveit_calibration_plugins/cmake/export_moveit_calibration_pluginsExport-release.cmake
[0.249s] -- Up-to-date: /home/ubuntu22/aivision/ros2_ws/install/moveit_calibration_plugins/share/moveit_calibration_plugins/cmake/ament_cmake_export_targets-extras.cmake
[0.249s] -- Up-to-date: /home/ubuntu22/aivision/ros2_ws/install/moveit_calibration_plugins/share/moveit_calibration_plugins/cmake/ament_cmake_export_dependencies-extras.cmake
[0.249s] -- Up-to-date: /home/ubuntu22/aivision/ros2_ws/install/moveit_calibration_plugins/share/moveit_calibration_plugins/cmake/moveit_calibration_pluginsConfig.cmake
[0.250s] -- Up-to-date: /home/ubuntu22/aivision/ros2_ws/install/moveit_calibration_plugins/share/moveit_calibration_plugins/cmake/moveit_calibration_pluginsConfig-version.cmake
[0.250s] -- Up-to-date: /home/ubuntu22/aivision/ros2_ws/install/moveit_calibration_plugins/share/moveit_calibration_plugins/package.xml
[0.250s] -- Up-to-date: /home/ubuntu22/aivision/ros2_ws/install/moveit_calibration_plugins/include
[0.250s] -- Up-to-date: /home/ubuntu22/aivision/ros2_ws/install/moveit_calibration_plugins/include/moveit
[0.250s] -- Up-to-date: /home/ubuntu22/aivision/ros2_ws/install/moveit_calibration_plugins/include/moveit/handeye_calibration_solver
[0.250s] -- Up-to-date: /home/ubuntu22/aivision/ros2_ws/install/moveit_calibration_plugins/include/moveit/handeye_calibration_solver/handeye_solver_base.h
[0.251s] -- Up-to-date: /home/ubuntu22/aivision/ros2_ws/install/moveit_calibration_plugins/include/moveit/handeye_calibration_solver/handeye_solver_opencv.h
[0.251s] -- Up-to-date: /home/ubuntu22/aivision/ros2_ws/install/moveit_calibration_plugins/lib/libmoveit_handeye_calibration_solver_core.so.2.0.0
[0.251s] -- Up-to-date: /home/ubuntu22/aivision/ros2_ws/install/moveit_calibration_plugins/lib/libmoveit_handeye_calibration_solver_core.so
[0.251s] -- Up-to-date: /home/ubuntu22/aivision/ros2_ws/install/moveit_calibration_plugins/lib/libmoveit_handeye_calibration_solver.so.2.0.0
[0.251s] -- Up-to-date: /home/ubuntu22/aivision/ros2_ws/install/moveit_calibration_plugins/lib/libmoveit_handeye_calibration_solver.so
[0.251s] -- Up-to-date: /home/ubuntu22/aivision/ros2_ws/install/moveit_calibration_plugins/share/moveit_calibration_plugins/environment/library_path.sh
[0.251s] -- Up-to-date: /home/ubuntu22/aivision/ros2_ws/install/moveit_calibration_plugins/share/moveit_calibration_plugins/environment/library_path.dsv
[0.252s] -- Up-to-date: /home/ubuntu22/aivision/ros2_ws/install/moveit_calibration_plugins/include
[0.252s] -- Up-to-date: /home/ubuntu22/aivision/ros2_ws/install/moveit_calibration_plugins/include/moveit
[0.252s] -- Up-to-date: /home/ubuntu22/aivision/ros2_ws/install/moveit_calibration_plugins/include/moveit/handeye_calibration_target
[0.252s] -- Up-to-date: /home/ubuntu22/aivision/ros2_ws/install/moveit_calibration_plugins/include/moveit/handeye_calibration_target/handeye_target_base.h
[0.252s] -- Up-to-date: /home/ubuntu22/aivision/ros2_ws/install/moveit_calibration_plugins/include/moveit/handeye_calibration_target/handeye_target_charuco.h
[0.252s] -- Up-to-date: /home/ubuntu22/aivision/ros2_ws/install/moveit_calibration_plugins/include/moveit/handeye_calibration_target/handeye_target_aruco.h
[0.252s] -- Up-to-date: /home/ubuntu22/aivision/ros2_ws/install/moveit_calibration_plugins/lib/libmoveit_handeye_calibration_target_core.so.2.0.0
[0.252s] -- Up-to-date: /home/ubuntu22/aivision/ros2_ws/install/moveit_calibration_plugins/lib/libmoveit_handeye_calibration_target_core.so
[0.253s] -- Up-to-date: /home/ubuntu22/aivision/ros2_ws/install/moveit_calibration_plugins/lib/libmoveit_handeye_calibration_target.so.2.0.0
[0.253s] -- Up-to-date: /home/ubuntu22/aivision/ros2_ws/install/moveit_calibration_plugins/lib/libmoveit_handeye_calibration_target.so
[0.253s] -- Up-to-date: /home/ubuntu22/aivision/ros2_ws/install/moveit_calibration_plugins/share/moveit_calibration_plugins/environment/library_path.sh
[0.253s] -- Up-to-date: /home/ubuntu22/aivision/ros2_ws/install/moveit_calibration_plugins/share/moveit_calibration_plugins/environment/library_path.dsv
[0.254s] -- Up-to-date: /home/ubuntu22/aivision/ros2_ws/install/moveit_calibration_plugins/share/moveit_calibration_plugins/test/test_aruco_marker_detection.png
[0.255s] -- Up-to-date: /home/ubuntu22/aivision/ros2_ws/install/moveit_calibration_plugins/share/moveit_calibration_plugins/test/test_charuco_board_detection.jpg
[0.255s] Invoked command in '/home/ubuntu22/aivision/ros2_ws/build/moveit_calibration_plugins' returned '0': CMAKE_PREFIX_PATH=/opt/ros/humble /usr/bin/cmake --install /home/ubuntu22/aivision/ros2_ws/build/moveit_calibration_plugins
