[0.034s] Invoking command in '/home/ubuntu22/aivision/ros2_ws/build/moveit_calibration_gui': AMENT_PREFIX_PATH=/home/ubuntu22/aivision/ros2_ws/install/moveit_calibration_plugins:${AMENT_PREFIX_PATH} CMAKE_PREFIX_PATH=/home/ubuntu22/aivision/ros2_ws/install/moveit_calibration_plugins:/opt/ros/humble LD_LIBRARY_PATH=/home/ubuntu22/aivision/ros2_ws/install/moveit_calibration_plugins/lib:${LD_LIBRARY_PATH} /usr/bin/cmake /home/ubuntu22/aivision/ros2_ws/src/moveit_calibration/moveit_calibration_gui -DCMAKE_INSTALL_PREFIX=/home/ubuntu22/aivision/ros2_ws/install/moveit_calibration_gui
[0.072s] -- Found moveit_common: 2.5.9 (/opt/ros/humble/share/moveit_common/cmake)
[0.073s] -- Found ament_cmake: 1.3.12 (/opt/ros/humble/share/ament_cmake/cmake)
[0.445s] -- Found ament_cmake_ros: 0.10.0 (/opt/ros/humble/share/ament_cmake_ros/cmake)
[0.459s] -- Found cv_bridge: 3.2.1 (/opt/ros/humble/share/cv_bridge/cmake)
[0.547s] -- Found rosidl_generator_c: 3.1.7 (/opt/ros/humble/share/rosidl_generator_c/cmake)
[0.554s] -- Found rosidl_adapter: 3.1.7 (/opt/ros/humble/share/rosidl_adapter/cmake)
[0.569s] -- Found rosidl_generator_cpp: 3.1.7 (/opt/ros/humble/share/rosidl_generator_cpp/cmake)
[0.594s] -- Using all available rosidl_typesupport_c: rosidl_typesupport_fastrtps_c;rosidl_typesupport_introspection_c
[0.624s] -- Using all available rosidl_typesupport_cpp: rosidl_typesupport_fastrtps_cpp;rosidl_typesupport_introspection_cpp
[0.746s] -- Found eigen3_cmake_module: 0.1.1 (/opt/ros/humble/share/eigen3_cmake_module/cmake)
[0.748s] -- Found image_geometry: 3.2.1 (/opt/ros/humble/share/image_geometry/cmake)
[0.752s] -- Found image_transport: 3.1.12 (/opt/ros/humble/share/image_transport/cmake)
[0.911s] -- Found rmw_implementation_cmake: 6.1.2 (/opt/ros/humble/share/rmw_implementation_cmake/cmake)
[0.920s] -- Found rmw_fastrtps_cpp: 6.2.9 (/opt/ros/humble/share/rmw_fastrtps_cpp/cmake)
[1.132s] -- Using RMW implementation 'rmw_fastrtps_cpp' as default
[1.281s] -- Found moveit_calibration_plugins: 2.0.0 (/home/ubuntu22/aivision/ros2_ws/install/moveit_calibration_plugins/share/moveit_calibration_plugins/cmake)
[1.559s] -- Found moveit_ros_visualization: 2.5.9 (/opt/ros/humble/share/moveit_ros_visualization/cmake)
[1.586s] -- Found Boost: /usr/lib/x86_64-linux-gnu/cmake/Boost-1.74.0/BoostConfig.cmake (found version "1.74.0") found components: thread date_time system filesystem 
[1.599s] -- Found Boost: /usr/lib/x86_64-linux-gnu/cmake/Boost-1.74.0/BoostConfig.cmake (found version "1.74.0") found components: filesystem 
[1.669s] -- library: /usr/lib/x86_64-linux-gnu/libcurl.so
[1.768s] -- Found Boost: /usr/lib/x86_64-linux-gnu/cmake/Boost-1.74.0/BoostConfig.cmake (found version "1.74.0") found components: system filesystem date_time program_options thread chrono 
[1.813s] -- Found Boost: /usr/lib/x86_64-linux-gnu/cmake/Boost-1.74.0/BoostConfig.cmake (found version "1.74.0") found components: chrono date_time filesystem iostreams program_options regex serialization system thread 
[1.860s] -- Found parameter_traits: 0.5.0 (/opt/ros/humble/share/parameter_traits/cmake)
[1.876s] -- Found rclcpp_lifecycle: 16.0.15 (/opt/ros/humble/share/rclcpp_lifecycle/cmake)
[1.929s] -- Ensuring Eigen3 include directory is part of orocos-kdl CMake target
[2.291s] -- Found Boost: /usr/lib/x86_64-linux-gnu/cmake/Boost-1.74.0/BoostConfig.cmake (found version "1.74.0") found components: date_time filesystem program_options system thread 
[2.329s] -- Found Boost: /usr/lib/x86_64-linux-gnu/cmake/Boost-1.74.0/BoostConfig.cmake (found version "1.74.0") found components: thread system filesystem regex date_time program_options 
[2.389s] -- Found Boost: /usr/lib/x86_64-linux-gnu/cmake/Boost-1.74.0/BoostConfig.cmake (found version "1.74.0") found components: system filesystem date_time program_options thread 
[2.501s] -- Setting OGRE_DIR to: '/opt/ros/humble/share/rviz_ogre_vendor/cmake/../../../opt/rviz_ogre_vendor/lib/OGRE/cmake'
[2.503s] -- Found OGRE
[2.503s] --   static     : OFF
[2.503s] --   components : HLMS;MeshLodGenerator;Overlay;Paging;Property;RTShaderSystem;Terrain;Volume
[2.503s] --   plugins    : Plugin_BSPSceneManager;Plugin_OctreeSceneManager;Plugin_PCZSceneManager;Plugin_ParticleFX;RenderSystem_GL;RenderSystem_GL3Plus;Codec_STBI
[2.503s] --   media      : /opt/ros/humble/opt/rviz_ogre_vendor/share/OGRE/Media
[2.503s] -- OGRE_LIBRARIES: OgreHLMS;OgreMeshLodGenerator;OgreOverlay;OgrePaging;OgreProperty;OgreRTShaderSystem;OgreTerrain;OgreVolume;OgreMain
[2.503s] -- OGRE_LIBRARY_DIRS: /opt/ros/humble/opt/rviz_ogre_vendor/lib
[2.503s] -- OGRE_PLUGINS: Plugin_BSPSceneManager;Plugin_OctreeSceneManager;Plugin_PCZSceneManager;Plugin_ParticleFX;RenderSystem_GL;RenderSystem_GL3Plus;Codec_STBI
[2.503s] -- OGRE_PLUGIN_DIR: /opt/ros/humble/opt/rviz_ogre_vendor/lib/OGRE
[2.504s] -- rviz_ogre_vendor::OgreOverlay for IMPORTED_LOCATION_RELEASE: /opt/ros/humble/opt/rviz_ogre_vendor/lib/libOgreOverlay.so
[2.504s] -- rviz_ogre_vendor::OgreOverlay for IMPORTED_LOCATION_DEBUG: /opt/ros/humble/opt/rviz_ogre_vendor/lib/libOgreOverlay.so
[2.504s] -- rviz_ogre_vendor::OgreMain for IMPORTED_LOCATION_RELEASE: /opt/ros/humble/opt/rviz_ogre_vendor/lib/libOgreMain.so
[2.504s] -- rviz_ogre_vendor::OgreMain for IMPORTED_LOCATION_DEBUG: /opt/ros/humble/opt/rviz_ogre_vendor/lib/libOgreMain.so
[2.505s] -- Could not find freeimage library
[2.628s] -- Setting assimp_DIR to: '/opt/ros/humble/share/rviz_assimp_vendor/cmake/../../../opt/rviz_assimp_vendor/lib/cmake/assimp-4.1'
[2.801s] -- Found moveit_visual_tools: 4.1.2 (/opt/ros/humble/share/moveit_visual_tools/cmake)
[2.933s] -- Configuring done
[3.140s] -- Generating done
[3.174s] -- Build files have been written to: /home/ubuntu22/aivision/ros2_ws/build/moveit_calibration_gui
[3.205s] Invoked command in '/home/ubuntu22/aivision/ros2_ws/build/moveit_calibration_gui' returned '0': AMENT_PREFIX_PATH=/home/ubuntu22/aivision/ros2_ws/install/moveit_calibration_plugins:${AMENT_PREFIX_PATH} CMAKE_PREFIX_PATH=/home/ubuntu22/aivision/ros2_ws/install/moveit_calibration_plugins:/opt/ros/humble LD_LIBRARY_PATH=/home/ubuntu22/aivision/ros2_ws/install/moveit_calibration_plugins/lib:${LD_LIBRARY_PATH} /usr/bin/cmake /home/ubuntu22/aivision/ros2_ws/src/moveit_calibration/moveit_calibration_gui -DCMAKE_INSTALL_PREFIX=/home/ubuntu22/aivision/ros2_ws/install/moveit_calibration_gui
[3.211s] Invoking command in '/home/ubuntu22/aivision/ros2_ws/build/moveit_calibration_gui': AMENT_PREFIX_PATH=/home/ubuntu22/aivision/ros2_ws/install/moveit_calibration_plugins:${AMENT_PREFIX_PATH} CMAKE_PREFIX_PATH=/home/ubuntu22/aivision/ros2_ws/install/moveit_calibration_plugins:/opt/ros/humble LD_LIBRARY_PATH=/home/ubuntu22/aivision/ros2_ws/install/moveit_calibration_plugins/lib:${LD_LIBRARY_PATH} /usr/bin/cmake --build /home/ubuntu22/aivision/ros2_ws/build/moveit_calibration_gui -- -j8 -l8
[3.308s] [  8%] [34m[1mAutomatic MOC and UIC for target moveit_handeye_calibration_rviz_plugin_core[0m
[3.442s] [  8%] Built target moveit_handeye_calibration_rviz_plugin_core_autogen
[3.477s] [35m[1mConsolidate compiler generated dependencies of target moveit_handeye_calibration_rviz_plugin_core[0m
[3.627s] [ 16%] [32mBuilding CXX object handeye_calibration_rviz_plugin/CMakeFiles/moveit_handeye_calibration_rviz_plugin_core.dir/src/handeye_control_widget.cpp.o[0m
[46.500s] [ 25%] [32m[1mLinking CXX shared library libmoveit_handeye_calibration_rviz_plugin_core.so[0m
[50.544s] [ 66%] Built target moveit_handeye_calibration_rviz_plugin_core
[50.568s] [ 75%] [34m[1mAutomatic MOC and UIC for target moveit_handeye_calibration_rviz_plugin[0m
[50.591s] [ 75%] Built target moveit_handeye_calibration_rviz_plugin_autogen
[50.609s] [35m[1mConsolidate compiler generated dependencies of target moveit_handeye_calibration_rviz_plugin[0m
[50.669s] [ 83%] [32m[1mLinking CXX shared library libmoveit_handeye_calibration_rviz_plugin.so[0m
[51.631s] [100%] Built target moveit_handeye_calibration_rviz_plugin
[51.646s] Invoked command in '/home/ubuntu22/aivision/ros2_ws/build/moveit_calibration_gui' returned '0': AMENT_PREFIX_PATH=/home/ubuntu22/aivision/ros2_ws/install/moveit_calibration_plugins:${AMENT_PREFIX_PATH} CMAKE_PREFIX_PATH=/home/ubuntu22/aivision/ros2_ws/install/moveit_calibration_plugins:/opt/ros/humble LD_LIBRARY_PATH=/home/ubuntu22/aivision/ros2_ws/install/moveit_calibration_plugins/lib:${LD_LIBRARY_PATH} /usr/bin/cmake --build /home/ubuntu22/aivision/ros2_ws/build/moveit_calibration_gui -- -j8 -l8
[51.658s] Invoking command in '/home/ubuntu22/aivision/ros2_ws/build/moveit_calibration_gui': AMENT_PREFIX_PATH=/home/ubuntu22/aivision/ros2_ws/install/moveit_calibration_plugins:${AMENT_PREFIX_PATH} CMAKE_PREFIX_PATH=/home/ubuntu22/aivision/ros2_ws/install/moveit_calibration_plugins:/opt/ros/humble LD_LIBRARY_PATH=/home/ubuntu22/aivision/ros2_ws/install/moveit_calibration_plugins/lib:${LD_LIBRARY_PATH} /usr/bin/cmake --install /home/ubuntu22/aivision/ros2_ws/build/moveit_calibration_gui
[51.667s] -- Install configuration: "Release"
[51.667s] -- Up-to-date: /home/ubuntu22/aivision/ros2_ws/install/moveit_calibration_gui/share/moveit_calibration_gui/handeye_calibration_rviz_plugin_description.xml
[51.667s] -- Up-to-date: /home/ubuntu22/aivision/ros2_ws/install/moveit_calibration_gui/share/moveit_calibration_gui/environment/library_path.sh
[51.667s] -- Installing: /home/ubuntu22/aivision/ros2_ws/install/moveit_calibration_gui/share/moveit_calibration_gui/environment/library_path.dsv
[51.667s] -- Up-to-date: /home/ubuntu22/aivision/ros2_ws/install/moveit_calibration_gui/share/ament_index/resource_index/package_run_dependencies/moveit_calibration_gui
[51.667s] -- Up-to-date: /home/ubuntu22/aivision/ros2_ws/install/moveit_calibration_gui/share/ament_index/resource_index/parent_prefix_path/moveit_calibration_gui
[51.667s] -- Up-to-date: /home/ubuntu22/aivision/ros2_ws/install/moveit_calibration_gui/share/moveit_calibration_gui/environment/ament_prefix_path.sh
[51.667s] -- Installing: /home/ubuntu22/aivision/ros2_ws/install/moveit_calibration_gui/share/moveit_calibration_gui/environment/ament_prefix_path.dsv
[51.668s] -- Up-to-date: /home/ubuntu22/aivision/ros2_ws/install/moveit_calibration_gui/share/moveit_calibration_gui/environment/path.sh
[51.668s] -- Installing: /home/ubuntu22/aivision/ros2_ws/install/moveit_calibration_gui/share/moveit_calibration_gui/environment/path.dsv
[51.668s] -- Up-to-date: /home/ubuntu22/aivision/ros2_ws/install/moveit_calibration_gui/share/moveit_calibration_gui/local_setup.bash
[51.668s] -- Up-to-date: /home/ubuntu22/aivision/ros2_ws/install/moveit_calibration_gui/share/moveit_calibration_gui/local_setup.sh
[51.668s] -- Up-to-date: /home/ubuntu22/aivision/ros2_ws/install/moveit_calibration_gui/share/moveit_calibration_gui/local_setup.zsh
[51.668s] -- Installing: /home/ubuntu22/aivision/ros2_ws/install/moveit_calibration_gui/share/moveit_calibration_gui/local_setup.dsv
[51.669s] -- Installing: /home/ubuntu22/aivision/ros2_ws/install/moveit_calibration_gui/share/moveit_calibration_gui/package.dsv
[51.669s] -- Up-to-date: /home/ubuntu22/aivision/ros2_ws/install/moveit_calibration_gui/share/ament_index/resource_index/packages/moveit_calibration_gui
[51.669s] -- Up-to-date: /home/ubuntu22/aivision/ros2_ws/install/moveit_calibration_gui/share/ament_index/resource_index/rviz_common__pluginlib__plugin/moveit_calibration_gui
[51.669s] -- Up-to-date: /home/ubuntu22/aivision/ros2_ws/install/moveit_calibration_gui/share/moveit_calibration_gui/cmake/export_moveit_calibration_guiExport.cmake
[51.669s] -- Up-to-date: /home/ubuntu22/aivision/ros2_ws/install/moveit_calibration_gui/share/moveit_calibration_gui/cmake/export_moveit_calibration_guiExport-release.cmake
[51.669s] -- Up-to-date: /home/ubuntu22/aivision/ros2_ws/install/moveit_calibration_gui/share/moveit_calibration_gui/cmake/ament_cmake_export_targets-extras.cmake
[51.669s] -- Up-to-date: /home/ubuntu22/aivision/ros2_ws/install/moveit_calibration_gui/share/moveit_calibration_gui/cmake/ament_cmake_export_dependencies-extras.cmake
[51.669s] -- Up-to-date: /home/ubuntu22/aivision/ros2_ws/install/moveit_calibration_gui/share/moveit_calibration_gui/cmake/moveit_calibration_guiConfig.cmake
[51.669s] -- Up-to-date: /home/ubuntu22/aivision/ros2_ws/install/moveit_calibration_gui/share/moveit_calibration_gui/cmake/moveit_calibration_guiConfig-version.cmake
[51.669s] -- Up-to-date: /home/ubuntu22/aivision/ros2_ws/install/moveit_calibration_gui/share/moveit_calibration_gui/package.xml
[51.669s] -- Up-to-date: /home/ubuntu22/aivision/ros2_ws/install/moveit_calibration_gui/include
[51.669s] -- Up-to-date: /home/ubuntu22/aivision/ros2_ws/install/moveit_calibration_gui/include/moveit
[51.670s] -- Up-to-date: /home/ubuntu22/aivision/ros2_ws/install/moveit_calibration_gui/include/moveit/handeye_calibration_rviz_plugin
[51.670s] -- Up-to-date: /home/ubuntu22/aivision/ros2_ws/install/moveit_calibration_gui/include/moveit/handeye_calibration_rviz_plugin/handeye_calibration_frame.h
[51.670s] -- Up-to-date: /home/ubuntu22/aivision/ros2_ws/install/moveit_calibration_gui/include/moveit/handeye_calibration_rviz_plugin/handeye_target_widget.h
[51.670s] -- Up-to-date: /home/ubuntu22/aivision/ros2_ws/install/moveit_calibration_gui/include/moveit/handeye_calibration_rviz_plugin/handeye_calibration_display.h
[51.670s] -- Up-to-date: /home/ubuntu22/aivision/ros2_ws/install/moveit_calibration_gui/include/moveit/handeye_calibration_rviz_plugin/handeye_context_widget.h
[51.670s] -- Up-to-date: /home/ubuntu22/aivision/ros2_ws/install/moveit_calibration_gui/include/moveit/handeye_calibration_rviz_plugin/handeye_control_widget.h
[51.670s] -- Installing: /home/ubuntu22/aivision/ros2_ws/install/moveit_calibration_gui/lib/libmoveit_handeye_calibration_rviz_plugin_core.so.2.0.0
[51.674s] -- Set runtime path of "/home/ubuntu22/aivision/ros2_ws/install/moveit_calibration_gui/lib/libmoveit_handeye_calibration_rviz_plugin_core.so.2.0.0" to ""
[51.674s] -- Up-to-date: /home/ubuntu22/aivision/ros2_ws/install/moveit_calibration_gui/lib/libmoveit_handeye_calibration_rviz_plugin_core.so
[51.674s] -- Installing: /home/ubuntu22/aivision/ros2_ws/install/moveit_calibration_gui/lib/libmoveit_handeye_calibration_rviz_plugin.so.2.0.0
[51.675s] -- Set runtime path of "/home/ubuntu22/aivision/ros2_ws/install/moveit_calibration_gui/lib/libmoveit_handeye_calibration_rviz_plugin.so.2.0.0" to ""
[51.676s] -- Up-to-date: /home/ubuntu22/aivision/ros2_ws/install/moveit_calibration_gui/lib/libmoveit_handeye_calibration_rviz_plugin.so
[51.676s] -- Up-to-date: /home/ubuntu22/aivision/ros2_ws/install/moveit_calibration_gui/share/moveit_calibration_gui/environment/library_path.sh
[51.676s] -- Up-to-date: /home/ubuntu22/aivision/ros2_ws/install/moveit_calibration_gui/share/moveit_calibration_gui/environment/library_path.dsv
[51.678s] Invoked command in '/home/ubuntu22/aivision/ros2_ws/build/moveit_calibration_gui' returned '0': AMENT_PREFIX_PATH=/home/ubuntu22/aivision/ros2_ws/install/moveit_calibration_plugins:${AMENT_PREFIX_PATH} CMAKE_PREFIX_PATH=/home/ubuntu22/aivision/ros2_ws/install/moveit_calibration_plugins:/opt/ros/humble LD_LIBRARY_PATH=/home/ubuntu22/aivision/ros2_ws/install/moveit_calibration_plugins/lib:${LD_LIBRARY_PATH} /usr/bin/cmake --install /home/ubuntu22/aivision/ros2_ws/build/moveit_calibration_gui
