[0.117s] DEBUG:colcon:Command line arguments: ['/usr/bin/colcon', 'build', '--cmake-args', '-DCMAKE_BUILD_TYPE=Release']
[0.117s] DEBUG:colcon:Parsed command line arguments: Namespace(log_base=None, log_level=None, verb_name='build', build_base='build', install_base='install', merge_install=False, symlink_install=False, test_result_base=None, continue_on_error=False, executor='parallel', parallel_workers=8, event_handlers=None, ignore_user_meta=False, metas=['./colcon.meta'], base_paths=['.'], packages_ignore=None, packages_ignore_regex=None, paths=None, packages_up_to=None, packages_up_to_regex=None, packages_above=None, packages_above_and_dependencies=None, packages_above_depth=None, packages_select_by_dep=None, packages_skip_by_dep=None, packages_skip_up_to=None, packages_select_build_failed=False, packages_skip_build_finished=False, packages_select_test_failures=False, packages_skip_test_passed=False, packages_select=None, packages_skip=None, packages_select_regex=None, packages_skip_regex=None, packages_start=None, packages_end=None, allow_overriding=[], cmake_args=['-DCMAKE_BUILD_TYPE=Release'], cmake_target=None, cmake_target_skip_unavailable=False, cmake_clean_cache=False, cmake_clean_first=False, cmake_force_configure=False, ament_cmake_args=None, catkin_cmake_args=None, catkin_skip_building_tests=False, verb_parser=<colcon_defaults.argument_parser.defaults.DefaultArgumentsDecorator object at 0x763d96b25510>, verb_extension=<colcon_core.verb.build.BuildVerb object at 0x763d96b24fd0>, main=<bound method BuildVerb.main of <colcon_core.verb.build.BuildVerb object at 0x763d96b24fd0>>)
[0.316s] Level 1:colcon.colcon_core.package_discovery:discover_packages(colcon_meta) check parameters
[0.316s] Level 1:colcon.colcon_core.package_discovery:discover_packages(recursive) check parameters
[0.316s] Level 1:colcon.colcon_core.package_discovery:discover_packages(ignore) check parameters
[0.316s] Level 1:colcon.colcon_core.package_discovery:discover_packages(path) check parameters
[0.316s] Level 1:colcon.colcon_core.package_discovery:discover_packages(colcon_meta) discover
[0.316s] Level 1:colcon.colcon_core.package_discovery:discover_packages(recursive) discover
[0.316s] INFO:colcon.colcon_core.package_discovery:Crawling recursively for packages in '/home/ubuntu22/aivision/ros2_ws'
[0.316s] Level 1:colcon.colcon_core.package_identification:_identify(.) by extensions ['ignore', 'ignore_ament_install']
[0.317s] Level 1:colcon.colcon_core.package_identification:_identify(.) by extension 'ignore'
[0.317s] Level 1:colcon.colcon_core.package_identification:_identify(.) by extension 'ignore_ament_install'
[0.317s] Level 1:colcon.colcon_core.package_identification:_identify(.) by extensions ['colcon_pkg']
[0.317s] Level 1:colcon.colcon_core.package_identification:_identify(.) by extension 'colcon_pkg'
[0.317s] Level 1:colcon.colcon_core.package_identification:_identify(.) by extensions ['colcon_meta']
[0.317s] Level 1:colcon.colcon_core.package_identification:_identify(.) by extension 'colcon_meta'
[0.317s] Level 1:colcon.colcon_core.package_identification:_identify(.) by extensions ['ros']
[0.317s] Level 1:colcon.colcon_core.package_identification:_identify(.) by extension 'ros'
[0.328s] Level 1:colcon.colcon_core.package_identification:_identify(.) by extensions ['cmake', 'python']
[0.328s] Level 1:colcon.colcon_core.package_identification:_identify(.) by extension 'cmake'
[0.328s] Level 1:colcon.colcon_core.package_identification:_identify(.) by extension 'python'
[0.328s] Level 1:colcon.colcon_core.package_identification:_identify(.) by extensions ['python_setup_py']
[0.329s] Level 1:colcon.colcon_core.package_identification:_identify(.) by extension 'python_setup_py'
[0.329s] Level 1:colcon.colcon_core.package_identification:_identify(build) by extensions ['ignore', 'ignore_ament_install']
[0.329s] Level 1:colcon.colcon_core.package_identification:_identify(build) by extension 'ignore'
[0.329s] Level 1:colcon.colcon_core.package_identification:_identify(build) ignored
[0.329s] Level 1:colcon.colcon_core.package_identification:_identify(install) by extensions ['ignore', 'ignore_ament_install']
[0.329s] Level 1:colcon.colcon_core.package_identification:_identify(install) by extension 'ignore'
[0.329s] Level 1:colcon.colcon_core.package_identification:_identify(install) ignored
[0.329s] Level 1:colcon.colcon_core.package_identification:_identify(log) by extensions ['ignore', 'ignore_ament_install']
[0.329s] Level 1:colcon.colcon_core.package_identification:_identify(log) by extension 'ignore'
[0.330s] Level 1:colcon.colcon_core.package_identification:_identify(log) ignored
[0.330s] Level 1:colcon.colcon_core.package_identification:_identify(src) by extensions ['ignore', 'ignore_ament_install']
[0.330s] Level 1:colcon.colcon_core.package_identification:_identify(src) by extension 'ignore'
[0.330s] Level 1:colcon.colcon_core.package_identification:_identify(src) by extension 'ignore_ament_install'
[0.330s] Level 1:colcon.colcon_core.package_identification:_identify(src) by extensions ['colcon_pkg']
[0.330s] Level 1:colcon.colcon_core.package_identification:_identify(src) by extension 'colcon_pkg'
[0.330s] Level 1:colcon.colcon_core.package_identification:_identify(src) by extensions ['colcon_meta']
[0.330s] Level 1:colcon.colcon_core.package_identification:_identify(src) by extension 'colcon_meta'
[0.330s] Level 1:colcon.colcon_core.package_identification:_identify(src) by extensions ['ros']
[0.330s] Level 1:colcon.colcon_core.package_identification:_identify(src) by extension 'ros'
[0.330s] Level 1:colcon.colcon_core.package_identification:_identify(src) by extensions ['cmake', 'python']
[0.330s] Level 1:colcon.colcon_core.package_identification:_identify(src) by extension 'cmake'
[0.330s] Level 1:colcon.colcon_core.package_identification:_identify(src) by extension 'python'
[0.330s] Level 1:colcon.colcon_core.package_identification:_identify(src) by extensions ['python_setup_py']
[0.330s] Level 1:colcon.colcon_core.package_identification:_identify(src) by extension 'python_setup_py'
[0.331s] Level 1:colcon.colcon_core.package_identification:_identify(src/moveit_calibration) by extensions ['ignore', 'ignore_ament_install']
[0.331s] Level 1:colcon.colcon_core.package_identification:_identify(src/moveit_calibration) by extension 'ignore'
[0.331s] Level 1:colcon.colcon_core.package_identification:_identify(src/moveit_calibration) by extension 'ignore_ament_install'
[0.331s] Level 1:colcon.colcon_core.package_identification:_identify(src/moveit_calibration) by extensions ['colcon_pkg']
[0.331s] Level 1:colcon.colcon_core.package_identification:_identify(src/moveit_calibration) by extension 'colcon_pkg'
[0.331s] Level 1:colcon.colcon_core.package_identification:_identify(src/moveit_calibration) by extensions ['colcon_meta']
[0.331s] Level 1:colcon.colcon_core.package_identification:_identify(src/moveit_calibration) by extension 'colcon_meta'
[0.331s] Level 1:colcon.colcon_core.package_identification:_identify(src/moveit_calibration) by extensions ['ros']
[0.331s] Level 1:colcon.colcon_core.package_identification:_identify(src/moveit_calibration) by extension 'ros'
[0.331s] Level 1:colcon.colcon_core.package_identification:_identify(src/moveit_calibration) by extensions ['cmake', 'python']
[0.331s] Level 1:colcon.colcon_core.package_identification:_identify(src/moveit_calibration) by extension 'cmake'
[0.331s] Level 1:colcon.colcon_core.package_identification:_identify(src/moveit_calibration) by extension 'python'
[0.331s] Level 1:colcon.colcon_core.package_identification:_identify(src/moveit_calibration) by extensions ['python_setup_py']
[0.331s] Level 1:colcon.colcon_core.package_identification:_identify(src/moveit_calibration) by extension 'python_setup_py'
[0.331s] Level 1:colcon.colcon_core.package_identification:_identify(src/moveit_calibration/moveit_calibration_gui) by extensions ['ignore', 'ignore_ament_install']
[0.332s] Level 1:colcon.colcon_core.package_identification:_identify(src/moveit_calibration/moveit_calibration_gui) by extension 'ignore'
[0.332s] Level 1:colcon.colcon_core.package_identification:_identify(src/moveit_calibration/moveit_calibration_gui) by extension 'ignore_ament_install'
[0.332s] Level 1:colcon.colcon_core.package_identification:_identify(src/moveit_calibration/moveit_calibration_gui) by extensions ['colcon_pkg']
[0.332s] Level 1:colcon.colcon_core.package_identification:_identify(src/moveit_calibration/moveit_calibration_gui) by extension 'colcon_pkg'
[0.332s] Level 1:colcon.colcon_core.package_identification:_identify(src/moveit_calibration/moveit_calibration_gui) by extensions ['colcon_meta']
[0.332s] Level 1:colcon.colcon_core.package_identification:_identify(src/moveit_calibration/moveit_calibration_gui) by extension 'colcon_meta'
[0.332s] Level 1:colcon.colcon_core.package_identification:_identify(src/moveit_calibration/moveit_calibration_gui) by extensions ['ros']
[0.332s] Level 1:colcon.colcon_core.package_identification:_identify(src/moveit_calibration/moveit_calibration_gui) by extension 'ros'
[0.336s] DEBUG:colcon.colcon_core.package_identification:Package 'src/moveit_calibration/moveit_calibration_gui' with type 'ros.ament_cmake' and name 'moveit_calibration_gui'
[0.336s] Level 1:colcon.colcon_core.package_identification:_identify(src/moveit_calibration/moveit_calibration_plugins) by extensions ['ignore', 'ignore_ament_install']
[0.336s] Level 1:colcon.colcon_core.package_identification:_identify(src/moveit_calibration/moveit_calibration_plugins) by extension 'ignore'
[0.337s] Level 1:colcon.colcon_core.package_identification:_identify(src/moveit_calibration/moveit_calibration_plugins) by extension 'ignore_ament_install'
[0.337s] Level 1:colcon.colcon_core.package_identification:_identify(src/moveit_calibration/moveit_calibration_plugins) by extensions ['colcon_pkg']
[0.337s] Level 1:colcon.colcon_core.package_identification:_identify(src/moveit_calibration/moveit_calibration_plugins) by extension 'colcon_pkg'
[0.337s] Level 1:colcon.colcon_core.package_identification:_identify(src/moveit_calibration/moveit_calibration_plugins) by extensions ['colcon_meta']
[0.337s] Level 1:colcon.colcon_core.package_identification:_identify(src/moveit_calibration/moveit_calibration_plugins) by extension 'colcon_meta'
[0.337s] Level 1:colcon.colcon_core.package_identification:_identify(src/moveit_calibration/moveit_calibration_plugins) by extensions ['ros']
[0.337s] Level 1:colcon.colcon_core.package_identification:_identify(src/moveit_calibration/moveit_calibration_plugins) by extension 'ros'
[0.338s] DEBUG:colcon.colcon_core.package_identification:Package 'src/moveit_calibration/moveit_calibration_plugins' with type 'ros.ament_cmake' and name 'moveit_calibration_plugins'
[0.338s] Level 1:colcon.colcon_core.package_discovery:discover_packages(recursive) using defaults
[0.338s] Level 1:colcon.colcon_core.package_discovery:discover_packages(ignore) discover
[0.338s] Level 1:colcon.colcon_core.package_discovery:discover_packages(ignore) using defaults
[0.339s] Level 1:colcon.colcon_core.package_discovery:discover_packages(path) discover
[0.339s] Level 1:colcon.colcon_core.package_discovery:discover_packages(path) using defaults
[0.371s] Level 1:colcon.colcon_core.package_discovery:discover_packages(prefix_path) check parameters
[0.371s] Level 1:colcon.colcon_core.package_discovery:discover_packages(prefix_path) discover
[0.375s] DEBUG:colcon.colcon_installed_package_information.package_discovery:Found 397 installed packages in /opt/ros/humble
[0.377s] Level 1:colcon.colcon_core.package_discovery:discover_packages(prefix_path) using defaults
[0.434s] Level 5:colcon.colcon_core.verb:set package 'moveit_calibration_plugins' build argument 'cmake_args' from command line to '['-DCMAKE_BUILD_TYPE=Release']'
[0.434s] Level 5:colcon.colcon_core.verb:set package 'moveit_calibration_plugins' build argument 'cmake_target' from command line to 'None'
[0.434s] Level 5:colcon.colcon_core.verb:set package 'moveit_calibration_plugins' build argument 'cmake_target_skip_unavailable' from command line to 'False'
[0.434s] Level 5:colcon.colcon_core.verb:set package 'moveit_calibration_plugins' build argument 'cmake_clean_cache' from command line to 'False'
[0.434s] Level 5:colcon.colcon_core.verb:set package 'moveit_calibration_plugins' build argument 'cmake_clean_first' from command line to 'False'
[0.434s] Level 5:colcon.colcon_core.verb:set package 'moveit_calibration_plugins' build argument 'cmake_force_configure' from command line to 'False'
[0.434s] Level 5:colcon.colcon_core.verb:set package 'moveit_calibration_plugins' build argument 'ament_cmake_args' from command line to 'None'
[0.434s] Level 5:colcon.colcon_core.verb:set package 'moveit_calibration_plugins' build argument 'catkin_cmake_args' from command line to 'None'
[0.434s] Level 5:colcon.colcon_core.verb:set package 'moveit_calibration_plugins' build argument 'catkin_skip_building_tests' from command line to 'False'
[0.434s] DEBUG:colcon.colcon_core.verb:Building package 'moveit_calibration_plugins' with the following arguments: {'ament_cmake_args': None, 'build_base': '/home/ubuntu22/aivision/ros2_ws/build/moveit_calibration_plugins', 'catkin_cmake_args': None, 'catkin_skip_building_tests': False, 'cmake_args': ['-DCMAKE_BUILD_TYPE=Release'], 'cmake_clean_cache': False, 'cmake_clean_first': False, 'cmake_force_configure': False, 'cmake_target': None, 'cmake_target_skip_unavailable': False, 'install_base': '/home/ubuntu22/aivision/ros2_ws/install/moveit_calibration_plugins', 'merge_install': False, 'path': '/home/ubuntu22/aivision/ros2_ws/src/moveit_calibration/moveit_calibration_plugins', 'symlink_install': False, 'test_result_base': None}
[0.435s] Level 5:colcon.colcon_core.verb:set package 'moveit_calibration_gui' build argument 'cmake_args' from command line to '['-DCMAKE_BUILD_TYPE=Release']'
[0.435s] Level 5:colcon.colcon_core.verb:set package 'moveit_calibration_gui' build argument 'cmake_target' from command line to 'None'
[0.435s] Level 5:colcon.colcon_core.verb:set package 'moveit_calibration_gui' build argument 'cmake_target_skip_unavailable' from command line to 'False'
[0.435s] Level 5:colcon.colcon_core.verb:set package 'moveit_calibration_gui' build argument 'cmake_clean_cache' from command line to 'False'
[0.435s] Level 5:colcon.colcon_core.verb:set package 'moveit_calibration_gui' build argument 'cmake_clean_first' from command line to 'False'
[0.435s] Level 5:colcon.colcon_core.verb:set package 'moveit_calibration_gui' build argument 'cmake_force_configure' from command line to 'False'
[0.435s] Level 5:colcon.colcon_core.verb:set package 'moveit_calibration_gui' build argument 'ament_cmake_args' from command line to 'None'
[0.435s] Level 5:colcon.colcon_core.verb:set package 'moveit_calibration_gui' build argument 'catkin_cmake_args' from command line to 'None'
[0.435s] Level 5:colcon.colcon_core.verb:set package 'moveit_calibration_gui' build argument 'catkin_skip_building_tests' from command line to 'False'
[0.435s] DEBUG:colcon.colcon_core.verb:Building package 'moveit_calibration_gui' with the following arguments: {'ament_cmake_args': None, 'build_base': '/home/ubuntu22/aivision/ros2_ws/build/moveit_calibration_gui', 'catkin_cmake_args': None, 'catkin_skip_building_tests': False, 'cmake_args': ['-DCMAKE_BUILD_TYPE=Release'], 'cmake_clean_cache': False, 'cmake_clean_first': False, 'cmake_force_configure': False, 'cmake_target': None, 'cmake_target_skip_unavailable': False, 'install_base': '/home/ubuntu22/aivision/ros2_ws/install/moveit_calibration_gui', 'merge_install': False, 'path': '/home/ubuntu22/aivision/ros2_ws/src/moveit_calibration/moveit_calibration_gui', 'symlink_install': False, 'test_result_base': None}
[0.435s] INFO:colcon.colcon_core.executor:Executing jobs using 'parallel' executor
[0.437s] DEBUG:colcon.colcon_parallel_executor.executor.parallel:run_until_complete
[0.437s] INFO:colcon.colcon_ros.task.ament_cmake.build:Building ROS package in '/home/ubuntu22/aivision/ros2_ws/src/moveit_calibration/moveit_calibration_plugins' with build type 'ament_cmake'
[0.437s] INFO:colcon.colcon_cmake.task.cmake.build:Building CMake package in '/home/ubuntu22/aivision/ros2_ws/src/moveit_calibration/moveit_calibration_plugins'
[0.439s] INFO:colcon.colcon_core.plugin_system:Skipping extension 'colcon_core.shell.bat': Not used on non-Windows systems
[0.440s] INFO:colcon.colcon_core.shell:Skip shell extension 'powershell' for command environment: Not usable outside of PowerShell
[0.440s] DEBUG:colcon.colcon_core.shell:Skip shell extension 'dsv' for command environment
[0.452s] DEBUG:colcon.colcon_core.event_handler.log_command:Invoking command in '/home/ubuntu22/aivision/ros2_ws/build/moveit_calibration_plugins': CMAKE_PREFIX_PATH=/opt/ros/humble /usr/bin/cmake --build /home/ubuntu22/aivision/ros2_ws/build/moveit_calibration_plugins -- -j8 -l8
[0.621s] DEBUG:colcon.colcon_core.event_handler.log_command:Invoked command in '/home/ubuntu22/aivision/ros2_ws/build/moveit_calibration_plugins' returned '0': CMAKE_PREFIX_PATH=/opt/ros/humble /usr/bin/cmake --build /home/ubuntu22/aivision/ros2_ws/build/moveit_calibration_plugins -- -j8 -l8
[0.633s] DEBUG:colcon.colcon_core.event_handler.log_command:Invoking command in '/home/ubuntu22/aivision/ros2_ws/build/moveit_calibration_plugins': CMAKE_PREFIX_PATH=/opt/ros/humble /usr/bin/cmake --install /home/ubuntu22/aivision/ros2_ws/build/moveit_calibration_plugins
[0.649s] Level 1:colcon.colcon_core.environment:create_environment_scripts_only(moveit_calibration_plugins)
[0.650s] DEBUG:colcon.colcon_core.event_handler.log_command:Invoked command in '/home/ubuntu22/aivision/ros2_ws/build/moveit_calibration_plugins' returned '0': CMAKE_PREFIX_PATH=/opt/ros/humble /usr/bin/cmake --install /home/ubuntu22/aivision/ros2_ws/build/moveit_calibration_plugins
[0.652s] Level 1:colcon.colcon_core.environment:checking '/home/ubuntu22/aivision/ros2_ws/install/moveit_calibration_plugins' for CMake module files
[0.653s] Level 1:colcon.colcon_core.environment:checking '/home/ubuntu22/aivision/ros2_ws/install/moveit_calibration_plugins' for CMake config files
[0.653s] Level 1:colcon.colcon_core.shell:create_environment_hook('moveit_calibration_plugins', 'cmake_prefix_path')
[0.654s] INFO:colcon.colcon_core.shell:Creating environment hook '/home/ubuntu22/aivision/ros2_ws/install/moveit_calibration_plugins/share/moveit_calibration_plugins/hook/cmake_prefix_path.ps1'
[0.655s] INFO:colcon.colcon_core.shell:Creating environment descriptor '/home/ubuntu22/aivision/ros2_ws/install/moveit_calibration_plugins/share/moveit_calibration_plugins/hook/cmake_prefix_path.dsv'
[0.655s] INFO:colcon.colcon_core.shell:Creating environment hook '/home/ubuntu22/aivision/ros2_ws/install/moveit_calibration_plugins/share/moveit_calibration_plugins/hook/cmake_prefix_path.sh'
[0.657s] Level 1:colcon.colcon_core.environment:checking '/home/ubuntu22/aivision/ros2_ws/install/moveit_calibration_plugins/lib'
[0.657s] Level 1:colcon.colcon_core.shell:create_environment_hook('moveit_calibration_plugins', 'ld_library_path_lib')
[0.657s] INFO:colcon.colcon_core.shell:Creating environment hook '/home/ubuntu22/aivision/ros2_ws/install/moveit_calibration_plugins/share/moveit_calibration_plugins/hook/ld_library_path_lib.ps1'
[0.657s] INFO:colcon.colcon_core.shell:Creating environment descriptor '/home/ubuntu22/aivision/ros2_ws/install/moveit_calibration_plugins/share/moveit_calibration_plugins/hook/ld_library_path_lib.dsv'
[0.658s] INFO:colcon.colcon_core.shell:Creating environment hook '/home/ubuntu22/aivision/ros2_ws/install/moveit_calibration_plugins/share/moveit_calibration_plugins/hook/ld_library_path_lib.sh'
[0.658s] Level 1:colcon.colcon_core.environment:checking '/home/ubuntu22/aivision/ros2_ws/install/moveit_calibration_plugins/bin'
[0.658s] Level 1:colcon.colcon_core.environment:checking '/home/ubuntu22/aivision/ros2_ws/install/moveit_calibration_plugins/lib/pkgconfig/moveit_calibration_plugins.pc'
[0.658s] Level 1:colcon.colcon_core.environment:checking '/home/ubuntu22/aivision/ros2_ws/install/moveit_calibration_plugins/lib/python3.10/site-packages'
[0.659s] Level 1:colcon.colcon_core.environment:checking '/home/ubuntu22/aivision/ros2_ws/install/moveit_calibration_plugins/bin'
[0.659s] INFO:colcon.colcon_core.shell:Creating package script '/home/ubuntu22/aivision/ros2_ws/install/moveit_calibration_plugins/share/moveit_calibration_plugins/package.ps1'
[0.660s] INFO:colcon.colcon_core.shell:Creating package descriptor '/home/ubuntu22/aivision/ros2_ws/install/moveit_calibration_plugins/share/moveit_calibration_plugins/package.dsv'
[0.661s] INFO:colcon.colcon_core.shell:Creating package script '/home/ubuntu22/aivision/ros2_ws/install/moveit_calibration_plugins/share/moveit_calibration_plugins/package.sh'
[0.661s] INFO:colcon.colcon_core.shell:Creating package script '/home/ubuntu22/aivision/ros2_ws/install/moveit_calibration_plugins/share/moveit_calibration_plugins/package.bash'
[0.662s] INFO:colcon.colcon_core.shell:Creating package script '/home/ubuntu22/aivision/ros2_ws/install/moveit_calibration_plugins/share/moveit_calibration_plugins/package.zsh'
[0.663s] Level 1:colcon.colcon_core.environment:create_file_with_runtime_dependencies(/home/ubuntu22/aivision/ros2_ws/install/moveit_calibration_plugins/share/colcon-core/packages/moveit_calibration_plugins)
[0.663s] Level 1:colcon.colcon_core.environment:create_environment_scripts_only(moveit_calibration_plugins)
[0.663s] Level 1:colcon.colcon_core.environment:checking '/home/ubuntu22/aivision/ros2_ws/install/moveit_calibration_plugins' for CMake module files
[0.664s] Level 1:colcon.colcon_core.environment:checking '/home/ubuntu22/aivision/ros2_ws/install/moveit_calibration_plugins' for CMake config files
[0.664s] Level 1:colcon.colcon_core.shell:create_environment_hook('moveit_calibration_plugins', 'cmake_prefix_path')
[0.665s] INFO:colcon.colcon_core.shell:Creating environment hook '/home/ubuntu22/aivision/ros2_ws/install/moveit_calibration_plugins/share/moveit_calibration_plugins/hook/cmake_prefix_path.ps1'
[0.665s] INFO:colcon.colcon_core.shell:Creating environment descriptor '/home/ubuntu22/aivision/ros2_ws/install/moveit_calibration_plugins/share/moveit_calibration_plugins/hook/cmake_prefix_path.dsv'
[0.665s] INFO:colcon.colcon_core.shell:Creating environment hook '/home/ubuntu22/aivision/ros2_ws/install/moveit_calibration_plugins/share/moveit_calibration_plugins/hook/cmake_prefix_path.sh'
[0.666s] Level 1:colcon.colcon_core.environment:checking '/home/ubuntu22/aivision/ros2_ws/install/moveit_calibration_plugins/lib'
[0.666s] Level 1:colcon.colcon_core.shell:create_environment_hook('moveit_calibration_plugins', 'ld_library_path_lib')
[0.666s] INFO:colcon.colcon_core.shell:Creating environment hook '/home/ubuntu22/aivision/ros2_ws/install/moveit_calibration_plugins/share/moveit_calibration_plugins/hook/ld_library_path_lib.ps1'
[0.667s] INFO:colcon.colcon_core.shell:Creating environment descriptor '/home/ubuntu22/aivision/ros2_ws/install/moveit_calibration_plugins/share/moveit_calibration_plugins/hook/ld_library_path_lib.dsv'
[0.667s] INFO:colcon.colcon_core.shell:Creating environment hook '/home/ubuntu22/aivision/ros2_ws/install/moveit_calibration_plugins/share/moveit_calibration_plugins/hook/ld_library_path_lib.sh'
[0.667s] Level 1:colcon.colcon_core.environment:checking '/home/ubuntu22/aivision/ros2_ws/install/moveit_calibration_plugins/bin'
[0.667s] Level 1:colcon.colcon_core.environment:checking '/home/ubuntu22/aivision/ros2_ws/install/moveit_calibration_plugins/lib/pkgconfig/moveit_calibration_plugins.pc'
[0.668s] Level 1:colcon.colcon_core.environment:checking '/home/ubuntu22/aivision/ros2_ws/install/moveit_calibration_plugins/lib/python3.10/site-packages'
[0.668s] Level 1:colcon.colcon_core.environment:checking '/home/ubuntu22/aivision/ros2_ws/install/moveit_calibration_plugins/bin'
[0.668s] INFO:colcon.colcon_core.shell:Creating package script '/home/ubuntu22/aivision/ros2_ws/install/moveit_calibration_plugins/share/moveit_calibration_plugins/package.ps1'
[0.669s] INFO:colcon.colcon_core.shell:Creating package descriptor '/home/ubuntu22/aivision/ros2_ws/install/moveit_calibration_plugins/share/moveit_calibration_plugins/package.dsv'
[0.670s] INFO:colcon.colcon_core.shell:Creating package script '/home/ubuntu22/aivision/ros2_ws/install/moveit_calibration_plugins/share/moveit_calibration_plugins/package.sh'
[0.670s] INFO:colcon.colcon_core.shell:Creating package script '/home/ubuntu22/aivision/ros2_ws/install/moveit_calibration_plugins/share/moveit_calibration_plugins/package.bash'
[0.671s] INFO:colcon.colcon_core.shell:Creating package script '/home/ubuntu22/aivision/ros2_ws/install/moveit_calibration_plugins/share/moveit_calibration_plugins/package.zsh'
[0.671s] Level 1:colcon.colcon_core.environment:create_file_with_runtime_dependencies(/home/ubuntu22/aivision/ros2_ws/install/moveit_calibration_plugins/share/colcon-core/packages/moveit_calibration_plugins)
[0.672s] INFO:colcon.colcon_ros.task.ament_cmake.build:Building ROS package in '/home/ubuntu22/aivision/ros2_ws/src/moveit_calibration/moveit_calibration_gui' with build type 'ament_cmake'
[0.672s] INFO:colcon.colcon_cmake.task.cmake.build:Building CMake package in '/home/ubuntu22/aivision/ros2_ws/src/moveit_calibration/moveit_calibration_gui'
[0.672s] INFO:colcon.colcon_core.shell:Skip shell extension 'powershell' for command environment: Not usable outside of PowerShell
[0.672s] DEBUG:colcon.colcon_core.shell:Skip shell extension 'dsv' for command environment
[0.687s] DEBUG:colcon.colcon_core.event_handler.log_command:Invoking command in '/home/ubuntu22/aivision/ros2_ws/build/moveit_calibration_gui': AMENT_PREFIX_PATH=/home/ubuntu22/aivision/ros2_ws/install/moveit_calibration_plugins:${AMENT_PREFIX_PATH} CMAKE_PREFIX_PATH=/home/ubuntu22/aivision/ros2_ws/install/moveit_calibration_plugins:/opt/ros/humble LD_LIBRARY_PATH=/home/ubuntu22/aivision/ros2_ws/install/moveit_calibration_plugins/lib:${LD_LIBRARY_PATH} /usr/bin/cmake --build /home/ubuntu22/aivision/ros2_ws/build/moveit_calibration_gui -- -j8 -l8
[5.586s] DEBUG:colcon.colcon_core.event_handler.log_command:Invoked command in '/home/ubuntu22/aivision/ros2_ws/build/moveit_calibration_gui' returned '2': AMENT_PREFIX_PATH=/home/ubuntu22/aivision/ros2_ws/install/moveit_calibration_plugins:${AMENT_PREFIX_PATH} CMAKE_PREFIX_PATH=/home/ubuntu22/aivision/ros2_ws/install/moveit_calibration_plugins:/opt/ros/humble LD_LIBRARY_PATH=/home/ubuntu22/aivision/ros2_ws/install/moveit_calibration_plugins/lib:${LD_LIBRARY_PATH} /usr/bin/cmake --build /home/ubuntu22/aivision/ros2_ws/build/moveit_calibration_gui -- -j8 -l8
[5.587s] Level 1:colcon.colcon_core.environment:create_environment_scripts_only(moveit_calibration_gui)
[5.587s] Level 1:colcon.colcon_core.environment:checking '/home/ubuntu22/aivision/ros2_ws/install/moveit_calibration_gui' for CMake module files
[5.587s] Level 1:colcon.colcon_core.environment:checking '/home/ubuntu22/aivision/ros2_ws/install/moveit_calibration_gui' for CMake config files
[5.588s] Level 1:colcon.colcon_core.environment:checking '/home/ubuntu22/aivision/ros2_ws/install/moveit_calibration_gui/bin'
[5.588s] Level 1:colcon.colcon_core.environment:checking '/home/ubuntu22/aivision/ros2_ws/install/moveit_calibration_gui/lib/pkgconfig/moveit_calibration_gui.pc'
[5.588s] Level 1:colcon.colcon_core.environment:checking '/home/ubuntu22/aivision/ros2_ws/install/moveit_calibration_gui/lib/python3.10/site-packages'
[5.589s] Level 1:colcon.colcon_core.environment:checking '/home/ubuntu22/aivision/ros2_ws/install/moveit_calibration_gui/bin'
[5.589s] INFO:colcon.colcon_core.shell:Creating package script '/home/ubuntu22/aivision/ros2_ws/install/moveit_calibration_gui/share/moveit_calibration_gui/package.ps1'
[5.589s] INFO:colcon.colcon_core.shell:Creating package descriptor '/home/ubuntu22/aivision/ros2_ws/install/moveit_calibration_gui/share/moveit_calibration_gui/package.dsv'
[5.590s] INFO:colcon.colcon_core.shell:Creating package script '/home/ubuntu22/aivision/ros2_ws/install/moveit_calibration_gui/share/moveit_calibration_gui/package.sh'
[5.590s] INFO:colcon.colcon_core.shell:Creating package script '/home/ubuntu22/aivision/ros2_ws/install/moveit_calibration_gui/share/moveit_calibration_gui/package.bash'
[5.591s] INFO:colcon.colcon_core.shell:Creating package script '/home/ubuntu22/aivision/ros2_ws/install/moveit_calibration_gui/share/moveit_calibration_gui/package.zsh'
[5.591s] Level 1:colcon.colcon_core.environment:create_file_with_runtime_dependencies(/home/ubuntu22/aivision/ros2_ws/install/moveit_calibration_gui/share/colcon-core/packages/moveit_calibration_gui)
[5.602s] DEBUG:colcon.colcon_parallel_executor.executor.parallel:closing loop
[5.602s] DEBUG:colcon.colcon_parallel_executor.executor.parallel:loop closed
[5.602s] DEBUG:colcon.colcon_parallel_executor.executor.parallel:run_until_complete finished with '2'
[5.602s] DEBUG:colcon.colcon_core.event_reactor:joining thread
[5.608s] INFO:colcon.colcon_core.plugin_system:Skipping extension 'colcon_notification.desktop_notification.terminal_notifier': Not used on non-Darwin systems
[5.608s] INFO:colcon.colcon_core.plugin_system:Skipping extension 'colcon_notification.desktop_notification.win32': Not used on non-Windows systems
[5.608s] INFO:colcon.colcon_notification.desktop_notification:Sending desktop notification using 'notify2'
[5.622s] DEBUG:colcon.colcon_core.event_reactor:joined thread
[5.622s] INFO:colcon.colcon_core.shell:Creating prefix script '/home/ubuntu22/aivision/ros2_ws/install/local_setup.ps1'
[5.623s] INFO:colcon.colcon_core.shell:Creating prefix util module '/home/ubuntu22/aivision/ros2_ws/install/_local_setup_util_ps1.py'
[5.625s] INFO:colcon.colcon_core.shell:Creating prefix chain script '/home/ubuntu22/aivision/ros2_ws/install/setup.ps1'
[5.626s] INFO:colcon.colcon_core.shell:Creating prefix script '/home/ubuntu22/aivision/ros2_ws/install/local_setup.sh'
[5.627s] INFO:colcon.colcon_core.shell:Creating prefix util module '/home/ubuntu22/aivision/ros2_ws/install/_local_setup_util_sh.py'
[5.628s] INFO:colcon.colcon_core.shell:Creating prefix chain script '/home/ubuntu22/aivision/ros2_ws/install/setup.sh'
[5.629s] INFO:colcon.colcon_core.shell:Creating prefix script '/home/ubuntu22/aivision/ros2_ws/install/local_setup.bash'
[5.629s] INFO:colcon.colcon_core.shell:Creating prefix chain script '/home/ubuntu22/aivision/ros2_ws/install/setup.bash'
[5.630s] INFO:colcon.colcon_core.shell:Creating prefix script '/home/ubuntu22/aivision/ros2_ws/install/local_setup.zsh'
[5.631s] INFO:colcon.colcon_core.shell:Creating prefix chain script '/home/ubuntu22/aivision/ros2_ws/install/setup.zsh'
