[  8%] [34m[1mAutomatic MOC and UIC for target moveit_handeye_calibration_rviz_plugin_core[0m
[  8%] Built target moveit_handeye_calibration_rviz_plugin_core_autogen
[ 25%] [32mBuilding CXX object handeye_calibration_rviz_plugin/CMakeFiles/moveit_handeye_calibration_rviz_plugin_core.dir/src/handeye_context_widget.cpp.o[0m
[ 41%] [32mBuilding CXX object handeye_calibration_rviz_plugin/CMakeFiles/moveit_handeye_calibration_rviz_plugin_core.dir/src/handeye_calibration_display.cpp.o[0m
[ 41%] [32mBuilding CXX object handeye_calibration_rviz_plugin/CMakeFiles/moveit_handeye_calibration_rviz_plugin_core.dir/moveit_handeye_calibration_rviz_plugin_core_autogen/mocs_compilation.cpp.o[0m
[ 41%] [32mBuilding CXX object handeye_calibration_rviz_plugin/CMakeFiles/moveit_handeye_calibration_rviz_plugin_core.dir/src/handeye_calibration_frame.cpp.o[0m
[ 50%] [32mBuilding CXX object handeye_calibration_rviz_plugin/CMakeFiles/moveit_handeye_calibration_rviz_plugin_core.dir/src/handeye_control_widget.cpp.o[0m
[ 58%] [32mBuilding CXX object handeye_calibration_rviz_plugin/CMakeFiles/moveit_handeye_calibration_rviz_plugin_core.dir/src/handeye_target_widget.cpp.o[0m
In file included from [01m[K/home/ubuntu22/aivision/ros2_ws/src/moveit_calibration/moveit_calibration_gui/handeye_calibration_rviz_plugin/src/handeye_target_widget.cpp:37[m[K:
[01m[K/home/ubuntu22/aivision/ros2_ws/src/moveit_calibration/moveit_calibration_gui/handeye_calibration_rviz_plugin/include/moveit/handeye_calibration_rviz_plugin/handeye_target_widget.h:64:10:[m[K [01;31m[Kfatal error: [m[Kcv_bridge/cv_bridge.hpp: No such file or directory
   64 | #include [01;31m[K<cv_bridge/cv_bridge.hpp>[m[K
      |          [01;31m[K^~~~~~~~~~~~~~~~~~~~~~~~~[m[K
compilation terminated.
gmake[2]: *** [handeye_calibration_rviz_plugin/CMakeFiles/moveit_handeye_calibration_rviz_plugin_core.dir/build.make:146: handeye_calibration_rviz_plugin/CMakeFiles/moveit_handeye_calibration_rviz_plugin_core.dir/src/handeye_target_widget.cpp.o] Error 1
gmake[2]: *** Waiting for unfinished jobs....
In file included from [01m[K/home/ubuntu22/aivision/ros2_ws/src/moveit_calibration/moveit_calibration_gui/handeye_calibration_rviz_plugin/include/moveit/handeye_calibration_rviz_plugin/handeye_calibration_frame.h:46[m[K,
                 from [01m[K/home/ubuntu22/aivision/ros2_ws/src/moveit_calibration/moveit_calibration_gui/handeye_calibration_rviz_plugin/include/moveit/handeye_calibration_rviz_plugin/handeye_calibration_display.h:43[m[K,
                 from [01m[K/home/ubuntu22/aivision/ros2_ws/src/moveit_calibration/moveit_calibration_gui/handeye_calibration_rviz_plugin/src/handeye_calibration_frame.cpp:37[m[K:
[01m[K/home/ubuntu22/aivision/ros2_ws/src/moveit_calibration/moveit_calibration_gui/handeye_calibration_rviz_plugin/include/moveit/handeye_calibration_rviz_plugin/handeye_target_widget.h:64:10:[m[K [01;31m[Kfatal error: [m[Kcv_bridge/cv_bridge.hpp: No such file or directory
   64 | #include [01;31m[K<cv_bridge/cv_bridge.hpp>[m[K
      |          [01;31m[K^~~~~~~~~~~~~~~~~~~~~~~~~[m[K
compilation terminated.
gmake[2]: *** [handeye_calibration_rviz_plugin/CMakeFiles/moveit_handeye_calibration_rviz_plugin_core.dir/build.make:104: handeye_calibration_rviz_plugin/CMakeFiles/moveit_handeye_calibration_rviz_plugin_core.dir/src/handeye_calibration_frame.cpp.o] Error 1
In file included from [01m[K/home/ubuntu22/aivision/ros2_ws/src/moveit_calibration/moveit_calibration_gui/handeye_calibration_rviz_plugin/include/moveit/handeye_calibration_rviz_plugin/handeye_calibration_frame.h:46[m[K,
                 from [01m[K/home/ubuntu22/aivision/ros2_ws/src/moveit_calibration/moveit_calibration_gui/handeye_calibration_rviz_plugin/include/moveit/handeye_calibration_rviz_plugin/handeye_calibration_display.h:43[m[K,
                 from [01m[K/home/ubuntu22/aivision/ros2_ws/src/moveit_calibration/moveit_calibration_gui/handeye_calibration_rviz_plugin/src/handeye_calibration_display.cpp:37[m[K:
[01m[K/home/ubuntu22/aivision/ros2_ws/src/moveit_calibration/moveit_calibration_gui/handeye_calibration_rviz_plugin/include/moveit/handeye_calibration_rviz_plugin/handeye_target_widget.h:64:10:[m[K [01;31m[Kfatal error: [m[Kcv_bridge/cv_bridge.hpp: No such file or directory
   64 | #include [01;31m[K<cv_bridge/cv_bridge.hpp>[m[K
      |          [01;31m[K^~~~~~~~~~~~~~~~~~~~~~~~~[m[K
compilation terminated.
gmake[2]: *** [handeye_calibration_rviz_plugin/CMakeFiles/moveit_handeye_calibration_rviz_plugin_core.dir/build.make:90: handeye_calibration_rviz_plugin/CMakeFiles/moveit_handeye_calibration_rviz_plugin_core.dir/src/handeye_calibration_display.cpp.o] Error 1
In file included from [01m[K/home/ubuntu22/aivision/ros2_ws/src/moveit_calibration/moveit_calibration_gui/handeye_calibration_rviz_plugin/include/moveit/handeye_calibration_rviz_plugin/handeye_calibration_frame.h:46[m[K,
                 from [01m[K/home/ubuntu22/aivision/ros2_ws/build/moveit_calibration_gui/handeye_calibration_rviz_plugin/moveit_handeye_calibration_rviz_plugin_core_autogen/X3SZ3HJNRA/../../../../../src/moveit_calibration/moveit_calibration_gui/handeye_calibration_rviz_plugin/include/moveit/handeye_calibration_rviz_plugin/handeye_calibration_display.h:43[m[K,
                 from [01m[K/home/ubuntu22/aivision/ros2_ws/build/moveit_calibration_gui/handeye_calibration_rviz_plugin/moveit_handeye_calibration_rviz_plugin_core_autogen/X3SZ3HJNRA/moc_handeye_calibration_display.cpp:10[m[K,
                 from [01m[K/home/ubuntu22/aivision/ros2_ws/build/moveit_calibration_gui/handeye_calibration_rviz_plugin/moveit_handeye_calibration_rviz_plugin_core_autogen/mocs_compilation.cpp:2[m[K:
[01m[K/home/ubuntu22/aivision/ros2_ws/src/moveit_calibration/moveit_calibration_gui/handeye_calibration_rviz_plugin/include/moveit/handeye_calibration_rviz_plugin/handeye_target_widget.h:64:10:[m[K [01;31m[Kfatal error: [m[Kcv_bridge/cv_bridge.hpp: No such file or directory
   64 | #include [01;31m[K<cv_bridge/cv_bridge.hpp>[m[K
      |          [01;31m[K^~~~~~~~~~~~~~~~~~~~~~~~~[m[K
compilation terminated.
In file included from [01m[K/home/ubuntu22/aivision/ros2_ws/src/moveit_calibration/moveit_calibration_gui/handeye_calibration_rviz_plugin/src/handeye_context_widget.cpp:37[m[K:
[01m[K/home/ubuntu22/aivision/ros2_ws/src/moveit_calibration/moveit_calibration_gui/handeye_calibration_rviz_plugin/include/moveit/handeye_calibration_rviz_plugin/handeye_context_widget.h:58:10:[m[K [01;31m[Kfatal error: [m[Kimage_geometry/pinhole_camera_model.hpp: No such file or directory
   58 | #include [01;31m[K<image_geometry/pinhole_camera_model.hpp>[m[K
      |          [01;31m[K^~~~~~~~~~~~~~~~~~~~~~~~~~~~~~~~~~~~~~~~~[m[K
compilation terminated.
gmake[2]: *** [handeye_calibration_rviz_plugin/CMakeFiles/moveit_handeye_calibration_rviz_plugin_core.dir/build.make:76: handeye_calibration_rviz_plugin/CMakeFiles/moveit_handeye_calibration_rviz_plugin_core.dir/moveit_handeye_calibration_rviz_plugin_core_autogen/mocs_compilation.cpp.o] Error 1
gmake[2]: *** [handeye_calibration_rviz_plugin/CMakeFiles/moveit_handeye_calibration_rviz_plugin_core.dir/build.make:118: handeye_calibration_rviz_plugin/CMakeFiles/moveit_handeye_calibration_rviz_plugin_core.dir/src/handeye_context_widget.cpp.o] Error 1
In file included from [01m[K/home/ubuntu22/aivision/ros2_ws/src/moveit_calibration/moveit_calibration_gui/handeye_calibration_rviz_plugin/src/handeye_control_widget.cpp:37[m[K:
[01m[K/home/ubuntu22/aivision/ros2_ws/src/moveit_calibration/moveit_calibration_gui/handeye_calibration_rviz_plugin/include/moveit/handeye_calibration_rviz_plugin/handeye_control_widget.h:62:10:[m[K [01;31m[Kfatal error: [m[Kmoveit/move_group_interface/move_group_interface.hpp: No such file or directory
   62 | #include [01;31m[K<moveit/move_group_interface/move_group_interface.hpp>[m[K
      |          [01;31m[K^~~~~~~~~~~~~~~~~~~~~~~~~~~~~~~~~~~~~~~~~~~~~~~~~~~~~~[m[K
compilation terminated.
gmake[2]: *** [handeye_calibration_rviz_plugin/CMakeFiles/moveit_handeye_calibration_rviz_plugin_core.dir/build.make:132: handeye_calibration_rviz_plugin/CMakeFiles/moveit_handeye_calibration_rviz_plugin_core.dir/src/handeye_control_widget.cpp.o] Error 1
gmake[1]: *** [CMakeFiles/Makefile2:156: handeye_calibration_rviz_plugin/CMakeFiles/moveit_handeye_calibration_rviz_plugin_core.dir/all] Error 2
gmake: *** [Makefile:146: all] Error 2
