[0.011s] Invoking command in '/home/ubuntu22/aivision/ros2_ws/build/moveit_calibration_gui': AMENT_PREFIX_PATH=/home/ubuntu22/aivision/ros2_ws/install/moveit_calibration_plugins:${AMENT_PREFIX_PATH} CMAKE_PREFIX_PATH=/home/ubuntu22/aivision/ros2_ws/install/moveit_calibration_plugins:/opt/ros/humble LD_LIBRARY_PATH=/home/ubuntu22/aivision/ros2_ws/install/moveit_calibration_plugins/lib:${LD_LIBRARY_PATH} /usr/bin/cmake /home/ubuntu22/aivision/ros2_ws/src/moveit_calibration/moveit_calibration_gui -DCMAKE_BUILD_TYPE=Release -DCMAKE_INSTALL_PREFIX=/home/ubuntu22/aivision/ros2_ws/install/moveit_calibration_gui
[0.075s] -- The C compiler identification is GNU 11.4.0
[0.141s] -- The CXX compiler identification is GNU 11.4.0
[0.150s] -- Detecting C compiler ABI info
[0.231s] -- Detecting C compiler ABI info - done
[0.240s] -- Check for working C compiler: /usr/bin/cc - skipped
[0.240s] -- Detecting C compile features
[0.240s] -- Detecting C compile features - done
[0.244s] -- Detecting CXX compiler ABI info
[0.338s] -- Detecting CXX compiler ABI info - done
[0.348s] -- Check for working CXX compiler: /usr/bin/c++ - skipped
[0.349s] -- Detecting CXX compile features
[0.349s] -- Detecting CXX compile features - done
[0.352s] -- Found moveit_common: 2.5.9 (/opt/ros/humble/share/moveit_common/cmake)
[0.355s] -- Found ament_cmake: 1.3.12 (/opt/ros/humble/share/ament_cmake/cmake)
[0.545s] -- Found Python3: /usr/bin/python3 (found version "3.10.12") found components: Interpreter 
[0.734s] -- Found ament_cmake_ros: 0.10.0 (/opt/ros/humble/share/ament_cmake_ros/cmake)
[0.751s] -- Found cv_bridge: 3.2.1 (/opt/ros/humble/share/cv_bridge/cmake)
[0.808s] -- Found rosidl_generator_c: 3.1.7 (/opt/ros/humble/share/rosidl_generator_c/cmake)
[0.816s] -- Found rosidl_adapter: 3.1.7 (/opt/ros/humble/share/rosidl_adapter/cmake)
[0.827s] -- Found rosidl_generator_cpp: 3.1.7 (/opt/ros/humble/share/rosidl_generator_cpp/cmake)
[0.842s] -- Using all available rosidl_typesupport_c: rosidl_typesupport_fastrtps_c;rosidl_typesupport_introspection_c
[0.862s] -- Using all available rosidl_typesupport_cpp: rosidl_typesupport_fastrtps_cpp;rosidl_typesupport_introspection_cpp
[0.948s] -- Found eigen3_cmake_module: 0.1.1 (/opt/ros/humble/share/eigen3_cmake_module/cmake)
[0.951s] -- Found image_geometry: 3.2.1 (/opt/ros/humble/share/image_geometry/cmake)
[0.960s] -- Found image_transport: 3.1.12 (/opt/ros/humble/share/image_transport/cmake)
[1.021s] -- Found rmw_implementation_cmake: 6.1.2 (/opt/ros/humble/share/rmw_implementation_cmake/cmake)
[1.024s] -- Found rmw_fastrtps_cpp: 6.2.9 (/opt/ros/humble/share/rmw_fastrtps_cpp/cmake)
[1.131s] -- Found OpenSSL: /usr/lib/x86_64-linux-gnu/libcrypto.so (found version "3.0.2")  
[1.165s] -- Found FastRTPS: /opt/ros/humble/include  
[1.221s] -- Using RMW implementation 'rmw_fastrtps_cpp' as default
[1.232s] -- Looking for pthread.h
[1.351s] -- Looking for pthread.h - found
[1.351s] -- Performing Test CMAKE_HAVE_LIBC_PTHREAD
[1.471s] -- Performing Test CMAKE_HAVE_LIBC_PTHREAD - Success
[1.473s] -- Found Threads: TRUE  
[1.556s] -- Found moveit_calibration_plugins: 2.0.0 (/home/ubuntu22/aivision/ros2_ws/install/moveit_calibration_plugins/share/moveit_calibration_plugins/cmake)
[1.686s] -- Found moveit_ros_visualization: 2.5.9 (/opt/ros/humble/share/moveit_ros_visualization/cmake)
[1.726s] -- Found Boost: /usr/lib/x86_64-linux-gnu/cmake/Boost-1.74.0/BoostConfig.cmake (found version "1.74.0") found components: thread date_time system filesystem 
[1.739s] -- Found Boost: /usr/lib/x86_64-linux-gnu/cmake/Boost-1.74.0/BoostConfig.cmake (found version "1.74.0") found components: filesystem 
[1.853s] -- library: /usr/lib/x86_64-linux-gnu/libcurl.so
[1.945s] -- Found Boost: /usr/lib/x86_64-linux-gnu/cmake/Boost-1.74.0/BoostConfig.cmake (found version "1.74.0") found components: system filesystem date_time program_options thread chrono 
[2.006s] -- Found Boost: /usr/lib/x86_64-linux-gnu/cmake/Boost-1.74.0/BoostConfig.cmake (found version "1.74.0") found components: chrono date_time filesystem iostreams program_options regex serialization system thread 
[2.051s] -- Found parameter_traits: 0.5.0 (/opt/ros/humble/share/parameter_traits/cmake)
[2.075s] -- Found rclcpp_lifecycle: 16.0.15 (/opt/ros/humble/share/rclcpp_lifecycle/cmake)
[2.131s] -- Found Eigen3: TRUE (found version "3.4.0") 
[2.131s] -- Ensuring Eigen3 include directory is part of orocos-kdl CMake target
[2.359s] -- Found Boost: /usr/lib/x86_64-linux-gnu/cmake/Boost-1.74.0/BoostConfig.cmake (found version "1.74.0") found components: date_time filesystem program_options system thread 
[2.381s] -- Found Boost: /usr/lib/x86_64-linux-gnu/cmake/Boost-1.74.0/BoostConfig.cmake (found version "1.74.0") found components: thread system filesystem regex date_time program_options 
[2.415s] -- Found Boost: /usr/lib/x86_64-linux-gnu/cmake/Boost-1.74.0/BoostConfig.cmake (found version "1.74.0") found components: system filesystem date_time program_options thread 
[2.501s] -- Setting OGRE_DIR to: '/opt/ros/humble/share/rviz_ogre_vendor/cmake/../../../opt/rviz_ogre_vendor/lib/OGRE/cmake'
[2.505s] -- Found OGRE
[2.505s] --   static     : OFF
[2.505s] --   components : HLMS;MeshLodGenerator;Overlay;Paging;Property;RTShaderSystem;Terrain;Volume
[2.506s] --   plugins    : Plugin_BSPSceneManager;Plugin_OctreeSceneManager;Plugin_PCZSceneManager;Plugin_ParticleFX;RenderSystem_GL;RenderSystem_GL3Plus;Codec_STBI
[2.506s] --   media      : /opt/ros/humble/opt/rviz_ogre_vendor/share/OGRE/Media
[2.506s] -- OGRE_LIBRARIES: OgreHLMS;OgreMeshLodGenerator;OgreOverlay;OgrePaging;OgreProperty;OgreRTShaderSystem;OgreTerrain;OgreVolume;OgreMain
[2.506s] -- OGRE_LIBRARY_DIRS: /opt/ros/humble/opt/rviz_ogre_vendor/lib
[2.506s] -- OGRE_PLUGINS: Plugin_BSPSceneManager;Plugin_OctreeSceneManager;Plugin_PCZSceneManager;Plugin_ParticleFX;RenderSystem_GL;RenderSystem_GL3Plus;Codec_STBI
[2.506s] -- OGRE_PLUGIN_DIR: /opt/ros/humble/opt/rviz_ogre_vendor/lib/OGRE
[2.506s] -- rviz_ogre_vendor::OgreOverlay for IMPORTED_LOCATION_RELEASE: /opt/ros/humble/opt/rviz_ogre_vendor/lib/libOgreOverlay.so
[2.506s] -- rviz_ogre_vendor::OgreOverlay for IMPORTED_LOCATION_DEBUG: /opt/ros/humble/opt/rviz_ogre_vendor/lib/libOgreOverlay.so
[2.507s] -- rviz_ogre_vendor::OgreMain for IMPORTED_LOCATION_RELEASE: /opt/ros/humble/opt/rviz_ogre_vendor/lib/libOgreMain.so
[2.507s] -- rviz_ogre_vendor::OgreMain for IMPORTED_LOCATION_DEBUG: /opt/ros/humble/opt/rviz_ogre_vendor/lib/libOgreMain.so
[2.507s] -- Could not find freeimage library
[2.531s] -- Found ZLIB: /usr/lib/x86_64-linux-gnu/libz.so (found version "1.2.11") 
[2.538s] -- Found OpenGL: /usr/lib/x86_64-linux-gnu/libOpenGL.so   
[2.665s] -- Found X11: /usr/include   
[2.666s] -- Looking for XOpenDisplay in /usr/lib/x86_64-linux-gnu/libX11.so;/usr/lib/x86_64-linux-gnu/libXext.so
[2.809s] -- Looking for XOpenDisplay in /usr/lib/x86_64-linux-gnu/libX11.so;/usr/lib/x86_64-linux-gnu/libXext.so - found
[2.810s] -- Looking for gethostbyname
[2.953s] -- Looking for gethostbyname - found
[2.954s] -- Looking for connect
[3.092s] -- Looking for connect - found
[3.092s] -- Looking for remove
[3.220s] -- Looking for remove - found
[3.220s] -- Looking for shmat
[3.369s] -- Looking for shmat - found
[3.369s] -- Looking for IceConnectionNumber in ICE
[3.500s] -- Looking for IceConnectionNumber in ICE - found
[3.555s] -- Setting assimp_DIR to: '/opt/ros/humble/share/rviz_assimp_vendor/cmake/../../../opt/rviz_assimp_vendor/lib/cmake/assimp-4.1'
[3.688s] -- Found moveit_visual_tools: 4.1.2 (/opt/ros/humble/share/moveit_visual_tools/cmake)
[3.758s] -- Found OpenCV: /usr (found version "4.5.4") 
[3.779s] -- Configuring done
[3.948s] -- Generating done
[3.968s] -- Build files have been written to: /home/ubuntu22/aivision/ros2_ws/build/moveit_calibration_gui
[3.994s] Invoked command in '/home/ubuntu22/aivision/ros2_ws/build/moveit_calibration_gui' returned '0': AMENT_PREFIX_PATH=/home/ubuntu22/aivision/ros2_ws/install/moveit_calibration_plugins:${AMENT_PREFIX_PATH} CMAKE_PREFIX_PATH=/home/ubuntu22/aivision/ros2_ws/install/moveit_calibration_plugins:/opt/ros/humble LD_LIBRARY_PATH=/home/ubuntu22/aivision/ros2_ws/install/moveit_calibration_plugins/lib:${LD_LIBRARY_PATH} /usr/bin/cmake /home/ubuntu22/aivision/ros2_ws/src/moveit_calibration/moveit_calibration_gui -DCMAKE_BUILD_TYPE=Release -DCMAKE_INSTALL_PREFIX=/home/ubuntu22/aivision/ros2_ws/install/moveit_calibration_gui
[3.997s] Invoking command in '/home/ubuntu22/aivision/ros2_ws/build/moveit_calibration_gui': AMENT_PREFIX_PATH=/home/ubuntu22/aivision/ros2_ws/install/moveit_calibration_plugins:${AMENT_PREFIX_PATH} CMAKE_PREFIX_PATH=/home/ubuntu22/aivision/ros2_ws/install/moveit_calibration_plugins:/opt/ros/humble LD_LIBRARY_PATH=/home/ubuntu22/aivision/ros2_ws/install/moveit_calibration_plugins/lib:${LD_LIBRARY_PATH} /usr/bin/cmake --build /home/ubuntu22/aivision/ros2_ws/build/moveit_calibration_gui -- -j8 -l8
[4.066s] [  8%] [34m[1mAutomatic MOC and UIC for target moveit_handeye_calibration_rviz_plugin_core[0m
[12.896s] [  8%] Built target moveit_handeye_calibration_rviz_plugin_core_autogen
[12.928s] [ 16%] [32mBuilding CXX object handeye_calibration_rviz_plugin/CMakeFiles/moveit_handeye_calibration_rviz_plugin_core.dir/src/handeye_control_widget.cpp.o[0m
[12.928s] [ 33%] [32mBuilding CXX object handeye_calibration_rviz_plugin/CMakeFiles/moveit_handeye_calibration_rviz_plugin_core.dir/src/handeye_context_widget.cpp.o[0m
[12.930s] [ 41%] [32mBuilding CXX object handeye_calibration_rviz_plugin/CMakeFiles/moveit_handeye_calibration_rviz_plugin_core.dir/src/handeye_calibration_display.cpp.o[0m
[12.930s] [ 41%] [32mBuilding CXX object handeye_calibration_rviz_plugin/CMakeFiles/moveit_handeye_calibration_rviz_plugin_core.dir/moveit_handeye_calibration_rviz_plugin_core_autogen/mocs_compilation.cpp.o[0m
[12.930s] [ 50%] [32mBuilding CXX object handeye_calibration_rviz_plugin/CMakeFiles/moveit_handeye_calibration_rviz_plugin_core.dir/src/handeye_calibration_frame.cpp.o[0m
[12.931s] [ 58%] [32mBuilding CXX object handeye_calibration_rviz_plugin/CMakeFiles/moveit_handeye_calibration_rviz_plugin_core.dir/src/handeye_target_widget.cpp.o[0m
[14.101s] In file included from [01m[K/home/ubuntu22/aivision/ros2_ws/src/moveit_calibration/moveit_calibration_gui/handeye_calibration_rviz_plugin/src/handeye_target_widget.cpp:37[m[K:
[14.101s] [01m[K/home/ubuntu22/aivision/ros2_ws/src/moveit_calibration/moveit_calibration_gui/handeye_calibration_rviz_plugin/include/moveit/handeye_calibration_rviz_plugin/handeye_target_widget.h:64:10:[m[K [01;31m[Kfatal error: [m[Kcv_bridge/cv_bridge.hpp: No such file or directory
[14.101s]    64 | #include [01;31m[K<cv_bridge/cv_bridge.hpp>[m[K
[14.101s]       |          [01;31m[K^~~~~~~~~~~~~~~~~~~~~~~~~[m[K
[14.101s] compilation terminated.
[14.115s] gmake[2]: *** [handeye_calibration_rviz_plugin/CMakeFiles/moveit_handeye_calibration_rviz_plugin_core.dir/build.make:146: handeye_calibration_rviz_plugin/CMakeFiles/moveit_handeye_calibration_rviz_plugin_core.dir/src/handeye_target_widget.cpp.o] Error 1
[14.115s] gmake[2]: *** Waiting for unfinished jobs....
[14.494s] In file included from [01m[K/home/ubuntu22/aivision/ros2_ws/src/moveit_calibration/moveit_calibration_gui/handeye_calibration_rviz_plugin/src/handeye_context_widget.cpp:37[m[K:
[14.494s] [01m[K/home/ubuntu22/aivision/ros2_ws/src/moveit_calibration/moveit_calibration_gui/handeye_calibration_rviz_plugin/include/moveit/handeye_calibration_rviz_plugin/handeye_context_widget.h:58:10:[m[K [01;31m[Kfatal error: [m[Kimage_geometry/pinhole_camera_model.hpp: No such file or directory
[14.494s]    58 | #include [01;31m[K<image_geometry/pinhole_camera_model.hpp>[m[K
[14.494s]       |          [01;31m[K^~~~~~~~~~~~~~~~~~~~~~~~~~~~~~~~~~~~~~~~~[m[K
[14.494s] compilation terminated.
[14.508s] gmake[2]: *** [handeye_calibration_rviz_plugin/CMakeFiles/moveit_handeye_calibration_rviz_plugin_core.dir/build.make:118: handeye_calibration_rviz_plugin/CMakeFiles/moveit_handeye_calibration_rviz_plugin_core.dir/src/handeye_context_widget.cpp.o] Error 1
[14.595s] In file included from [01m[K/home/ubuntu22/aivision/ros2_ws/src/moveit_calibration/moveit_calibration_gui/handeye_calibration_rviz_plugin/src/handeye_control_widget.cpp:37[m[K:
[14.595s] [01m[K/home/ubuntu22/aivision/ros2_ws/src/moveit_calibration/moveit_calibration_gui/handeye_calibration_rviz_plugin/include/moveit/handeye_calibration_rviz_plugin/handeye_control_widget.h:62:10:[m[K [01;31m[Kfatal error: [m[Kmoveit/move_group_interface/move_group_interface.hpp: No such file or directory
[14.596s]    62 | #include [01;31m[K<moveit/move_group_interface/move_group_interface.hpp>[m[K
[14.596s]       |          [01;31m[K^~~~~~~~~~~~~~~~~~~~~~~~~~~~~~~~~~~~~~~~~~~~~~~~~~~~~~[m[K
[14.596s] compilation terminated.
[14.605s] gmake[2]: *** [handeye_calibration_rviz_plugin/CMakeFiles/moveit_handeye_calibration_rviz_plugin_core.dir/build.make:132: handeye_calibration_rviz_plugin/CMakeFiles/moveit_handeye_calibration_rviz_plugin_core.dir/src/handeye_control_widget.cpp.o] Error 1
[14.638s] In file included from [01m[K/home/ubuntu22/aivision/ros2_ws/src/moveit_calibration/moveit_calibration_gui/handeye_calibration_rviz_plugin/include/moveit/handeye_calibration_rviz_plugin/handeye_calibration_frame.h:46[m[K,
[14.638s]                  from [01m[K/home/ubuntu22/aivision/ros2_ws/src/moveit_calibration/moveit_calibration_gui/handeye_calibration_rviz_plugin/include/moveit/handeye_calibration_rviz_plugin/handeye_calibration_display.h:43[m[K,
[14.639s]                  from [01m[K/home/ubuntu22/aivision/ros2_ws/src/moveit_calibration/moveit_calibration_gui/handeye_calibration_rviz_plugin/src/handeye_calibration_frame.cpp:37[m[K:
[14.639s] [01m[K/home/ubuntu22/aivision/ros2_ws/src/moveit_calibration/moveit_calibration_gui/handeye_calibration_rviz_plugin/include/moveit/handeye_calibration_rviz_plugin/handeye_target_widget.h:64:10:[m[K [01;31m[Kfatal error: [m[Kcv_bridge/cv_bridge.hpp: No such file or directory
[14.639s]    64 | #include [01;31m[K<cv_bridge/cv_bridge.hpp>[m[K
[14.639s]       |          [01;31m[K^~~~~~~~~~~~~~~~~~~~~~~~~[m[K
[14.639s] compilation terminated.
[14.646s] gmake[2]: *** [handeye_calibration_rviz_plugin/CMakeFiles/moveit_handeye_calibration_rviz_plugin_core.dir/build.make:104: handeye_calibration_rviz_plugin/CMakeFiles/moveit_handeye_calibration_rviz_plugin_core.dir/src/handeye_calibration_frame.cpp.o] Error 1
[14.718s] In file included from [01m[K/home/ubuntu22/aivision/ros2_ws/src/moveit_calibration/moveit_calibration_gui/handeye_calibration_rviz_plugin/include/moveit/handeye_calibration_rviz_plugin/handeye_calibration_frame.h:46[m[K,
[14.719s]                  from [01m[K/home/ubuntu22/aivision/ros2_ws/src/moveit_calibration/moveit_calibration_gui/handeye_calibration_rviz_plugin/include/moveit/handeye_calibration_rviz_plugin/handeye_calibration_display.h:43[m[K,
[14.719s]                  from [01m[K/home/ubuntu22/aivision/ros2_ws/src/moveit_calibration/moveit_calibration_gui/handeye_calibration_rviz_plugin/src/handeye_calibration_display.cpp:37[m[K:
[14.719s] [01m[K/home/ubuntu22/aivision/ros2_ws/src/moveit_calibration/moveit_calibration_gui/handeye_calibration_rviz_plugin/include/moveit/handeye_calibration_rviz_plugin/handeye_target_widget.h:64:10:[m[K [01;31m[Kfatal error: [m[Kcv_bridge/cv_bridge.hpp: No such file or directory
[14.719s]    64 | #include [01;31m[K<cv_bridge/cv_bridge.hpp>[m[K
[14.719s]       |          [01;31m[K^~~~~~~~~~~~~~~~~~~~~~~~~[m[K
[14.719s] compilation terminated.
[14.724s] In file included from [01m[K/home/ubuntu22/aivision/ros2_ws/src/moveit_calibration/moveit_calibration_gui/handeye_calibration_rviz_plugin/include/moveit/handeye_calibration_rviz_plugin/handeye_calibration_frame.h:46[m[K,
[14.724s]                  from [01m[K/home/ubuntu22/aivision/ros2_ws/build/moveit_calibration_gui/handeye_calibration_rviz_plugin/moveit_handeye_calibration_rviz_plugin_core_autogen/X3SZ3HJNRA/../../../../../src/moveit_calibration/moveit_calibration_gui/handeye_calibration_rviz_plugin/include/moveit/handeye_calibration_rviz_plugin/handeye_calibration_display.h:43[m[K,
[14.724s]                  from [01m[K/home/ubuntu22/aivision/ros2_ws/build/moveit_calibration_gui/handeye_calibration_rviz_plugin/moveit_handeye_calibration_rviz_plugin_core_autogen/X3SZ3HJNRA/moc_handeye_calibration_display.cpp:10[m[K,
[14.724s]                  from [01m[K/home/ubuntu22/aivision/ros2_ws/build/moveit_calibration_gui/handeye_calibration_rviz_plugin/moveit_handeye_calibration_rviz_plugin_core_autogen/mocs_compilation.cpp:2[m[K:
[14.724s] [01m[K/home/ubuntu22/aivision/ros2_ws/src/moveit_calibration/moveit_calibration_gui/handeye_calibration_rviz_plugin/include/moveit/handeye_calibration_rviz_plugin/handeye_target_widget.h:64:10:[m[K [01;31m[Kfatal error: [m[Kcv_bridge/cv_bridge.hpp: No such file or directory
[14.724s]    64 |  [01;31m[K<cv_bridge/cv_bridge.hpp>[m[K
[14.725s]       |  [01;31m[K^~~~~~~~~~~~~~~~~~~~~~~~~[m[K
[14.725s] 
[14.725s] compilation terminated.
[14.727s] gmake[2]: *** [handeye_calibration_rviz_plugin/CMakeFiles/moveit_handeye_calibration_rviz_plugin_core.dir/build.make:90: handeye_calibration_rviz_plugin/CMakeFiles/moveit_handeye_calibration_rviz_plugin_core.dir/src/handeye_calibration_display.cpp.o] Error 1
[14.733s] gmake[2]: *** [handeye_calibration_rviz_plugin/CMakeFiles/moveit_handeye_calibration_rviz_plugin_core.dir/build.make:76: handeye_calibration_rviz_plugin/CMakeFiles/moveit_handeye_calibration_rviz_plugin_core.dir/moveit_handeye_calibration_rviz_plugin_core_autogen/mocs_compilation.cpp.o] Error 1
[14.733s] gmake[1]: *** [CMakeFiles/Makefile2:156: handeye_calibration_rviz_plugin/CMakeFiles/moveit_handeye_calibration_rviz_plugin_core.dir/all] Error 2
[14.733s] gmake: *** [Makefile:146: all] Error 2
[14.737s] Invoked command in '/home/ubuntu22/aivision/ros2_ws/build/moveit_calibration_gui' returned '2': AMENT_PREFIX_PATH=/home/ubuntu22/aivision/ros2_ws/install/moveit_calibration_plugins:${AMENT_PREFIX_PATH} CMAKE_PREFIX_PATH=/home/ubuntu22/aivision/ros2_ws/install/moveit_calibration_plugins:/opt/ros/humble LD_LIBRARY_PATH=/home/ubuntu22/aivision/ros2_ws/install/moveit_calibration_plugins/lib:${LD_LIBRARY_PATH} /usr/bin/cmake --build /home/ubuntu22/aivision/ros2_ws/build/moveit_calibration_gui -- -j8 -l8
